[35m[1mConsolidate compiler generated dependencies of target listener[0m
[35m[1mConsolidate compiler generated dependencies of target talker[0m
[ 50%] Built target listener
[100%] Built target talker
-- Install configuration: ""
-- Execute custom install script
-- Symlinking: /home/omartinez/gsoc2023-jderobot/ros2_challenge/src/install/pubsub_challenge/lib/pubsub_challenge/talker
-- Symlinking: /home/omartinez/gsoc2023-jderobot/ros2_challenge/src/install/pubsub_challenge/lib/pubsub_challenge/listener
-- Symlinking: /home/omartinez/gsoc2023-jderobot/ros2_challenge/src/install/pubsub_challenge/share/ament_index/resource_index/package_run_dependencies/pubsub_challenge
-- Symlinking: /home/omartinez/gsoc2023-jderobot/ros2_challenge/src/install/pubsub_challenge/share/ament_index/resource_index/parent_prefix_path/pubsub_challenge
-- Symlinking: /home/omartinez/gsoc2023-jderobot/ros2_challenge/src/install/pubsub_challenge/share/pubsub_challenge/environment/ament_prefix_path.sh
-- Symlinking: /home/omartinez/gsoc2023-jderobot/ros2_challenge/src/install/pubsub_challenge/share/pubsub_challenge/environment/ament_prefix_path.dsv
-- Symlinking: /home/omartinez/gsoc2023-jderobot/ros2_challenge/src/install/pubsub_challenge/share/pubsub_challenge/environment/path.sh
-- Symlinking: /home/omartinez/gsoc2023-jderobot/ros2_challenge/src/install/pubsub_challenge/share/pubsub_challenge/environment/path.dsv
-- Symlinking: /home/omartinez/gsoc2023-jderobot/ros2_challenge/src/install/pubsub_challenge/share/pubsub_challenge/local_setup.bash
-- Symlinking: /home/omartinez/gsoc2023-jderobot/ros2_challenge/src/install/pubsub_challenge/share/pubsub_challenge/local_setup.sh
-- Symlinking: /home/omartinez/gsoc2023-jderobot/ros2_challenge/src/install/pubsub_challenge/share/pubsub_challenge/local_setup.zsh
-- Symlinking: /home/omartinez/gsoc2023-jderobot/ros2_challenge/src/install/pubsub_challenge/share/pubsub_challenge/local_setup.dsv
-- Symlinking: /home/omartinez/gsoc2023-jderobot/ros2_challenge/src/install/pubsub_challenge/share/pubsub_challenge/package.dsv
-- Symlinking: /home/omartinez/gsoc2023-jderobot/ros2_challenge/src/install/pubsub_challenge/share/ament_index/resource_index/packages/pubsub_challenge
-- Symlinking: /home/omartinez/gsoc2023-jderobot/ros2_challenge/src/install/pubsub_challenge/share/pubsub_challenge/cmake/pubsub_challengeConfig.cmake
-- Symlinking: /home/omartinez/gsoc2023-jderobot/ros2_challenge/src/install/pubsub_challenge/share/pubsub_challenge/cmake/pubsub_challengeConfig-version.cmake
-- Symlinking: /home/omartinez/gsoc2023-jderobot/ros2_challenge/src/install/pubsub_challenge/share/pubsub_challenge/package.xml
