[0.018s] Invoking command in '/home/omartinez/gsoc2023-jderobot/ros2_challenge/src/build/pubsub_challenge': CMAKE_PREFIX_PATH=/opt/ros/humble /usr/bin/cmake --build /home/omartinez/gsoc2023-jderobot/ros2_challenge/src/build/pubsub_challenge -- -j8 -l8
[0.098s] [ 50%] Built target talker
[0.099s] [100%] Built target listener
[0.116s] Invoked command in '/home/omartinez/gsoc2023-jderobot/ros2_challenge/src/build/pubsub_challenge' returned '0': CMAKE_PREFIX_PATH=/opt/ros/humble /usr/bin/cmake --build /home/omartinez/gsoc2023-jderobot/ros2_challenge/src/build/pubsub_challenge -- -j8 -l8
[0.168s] Invoking command in '/home/omartinez/gsoc2023-jderobot/ros2_challenge/src/build/pubsub_challenge': CMAKE_PREFIX_PATH=/opt/ros/humble /usr/bin/cmake --install /home/omartinez/gsoc2023-jderobot/ros2_challenge/src/build/pubsub_challenge
[0.177s] -- Install configuration: ""
[0.178s] -- Execute custom install script
[0.179s] -- Up-to-date symlink: /home/omartinez/gsoc2023-jderobot/ros2_challenge/src/install/pubsub_challenge/lib/pubsub_challenge/talker
[0.179s] -- Up-to-date symlink: /home/omartinez/gsoc2023-jderobot/ros2_challenge/src/install/pubsub_challenge/lib/pubsub_challenge/listener
[0.180s] -- Up-to-date symlink: /home/omartinez/gsoc2023-jderobot/ros2_challenge/src/install/pubsub_challenge/share/ament_index/resource_index/package_run_dependencies/pubsub_challenge
[0.180s] -- Up-to-date symlink: /home/omartinez/gsoc2023-jderobot/ros2_challenge/src/install/pubsub_challenge/share/ament_index/resource_index/parent_prefix_path/pubsub_challenge
[0.180s] -- Up-to-date symlink: /home/omartinez/gsoc2023-jderobot/ros2_challenge/src/install/pubsub_challenge/share/pubsub_challenge/environment/ament_prefix_path.sh
[0.181s] -- Up-to-date symlink: /home/omartinez/gsoc2023-jderobot/ros2_challenge/src/install/pubsub_challenge/share/pubsub_challenge/environment/ament_prefix_path.dsv
[0.181s] -- Up-to-date symlink: /home/omartinez/gsoc2023-jderobot/ros2_challenge/src/install/pubsub_challenge/share/pubsub_challenge/environment/path.sh
[0.181s] -- Up-to-date symlink: /home/omartinez/gsoc2023-jderobot/ros2_challenge/src/install/pubsub_challenge/share/pubsub_challenge/environment/path.dsv
[0.182s] -- Up-to-date symlink: /home/omartinez/gsoc2023-jderobot/ros2_challenge/src/install/pubsub_challenge/share/pubsub_challenge/local_setup.bash
[0.182s] -- Up-to-date symlink: /home/omartinez/gsoc2023-jderobot/ros2_challenge/src/install/pubsub_challenge/share/pubsub_challenge/local_setup.sh
[0.182s] -- Up-to-date symlink: /home/omartinez/gsoc2023-jderobot/ros2_challenge/src/install/pubsub_challenge/share/pubsub_challenge/local_setup.zsh
[0.183s] -- Up-to-date symlink: /home/omartinez/gsoc2023-jderobot/ros2_challenge/src/install/pubsub_challenge/share/pubsub_challenge/local_setup.dsv
[0.183s] -- Symlinking: /home/omartinez/gsoc2023-jderobot/ros2_challenge/src/install/pubsub_challenge/share/pubsub_challenge/package.dsv
[0.194s] -- Up-to-date symlink: /home/omartinez/gsoc2023-jderobot/ros2_challenge/src/install/pubsub_challenge/share/ament_index/resource_index/packages/pubsub_challenge
[0.194s] -- Up-to-date symlink: /home/omartinez/gsoc2023-jderobot/ros2_challenge/src/install/pubsub_challenge/share/pubsub_challenge/cmake/pubsub_challengeConfig.cmake
[0.195s] -- Up-to-date symlink: /home/omartinez/gsoc2023-jderobot/ros2_challenge/src/install/pubsub_challenge/share/pubsub_challenge/cmake/pubsub_challengeConfig-version.cmake
[0.195s] -- Up-to-date symlink: /home/omartinez/gsoc2023-jderobot/ros2_challenge/src/install/pubsub_challenge/share/pubsub_challenge/package.xml
[0.200s] Invoked command in '/home/omartinez/gsoc2023-jderobot/ros2_challenge/src/build/pubsub_challenge' returned '0': CMAKE_PREFIX_PATH=/opt/ros/humble /usr/bin/cmake --install /home/omartinez/gsoc2023-jderobot/ros2_challenge/src/build/pubsub_challenge
