[0.017s] Invoking command in '/home/omartinez/gsoc2023-jderobot/ros2_challenge/src/build/pubsub_challenge': CMAKE_PREFIX_PATH=/opt/ros/humble /usr/bin/cmake /home/omartinez/gsoc2023-jderobot/ros2_challenge/src/cpp_pubsub -DAMENT_CMAKE_SYMLINK_INSTALL=1 -DCMAKE_INSTALL_PREFIX=/home/omartinez/gsoc2023-jderobot/ros2_challenge/src/install/pubsub_challenge
[0.096s] -- The C compiler identification is GNU 11.3.0
[0.171s] -- The CXX compiler identification is GNU 11.3.0
[0.181s] -- Detecting C compiler ABI info
[0.270s] -- Detecting C compiler ABI info - done
[0.286s] -- Check for working C compiler: /usr/bin/cc - skipped
[0.287s] -- Detecting C compile features
[0.288s] -- Detecting C compile features - done
[0.294s] -- Detecting CXX compiler ABI info
[0.404s] -- Detecting CXX compiler ABI info - done
[0.417s] -- Check for working CXX compiler: /usr/bin/c++ - skipped
[0.417s] -- Detecting CXX compile features
[0.418s] -- Detecting CXX compile features - done
[0.421s] -- Found ament_cmake: 1.3.3 (/opt/ros/humble/share/ament_cmake/cmake)
[0.653s] -- Found Python3: /usr/bin/python3.10 (found version "3.10.6") found components: Interpreter 
[0.732s] -- Override CMake install command with custom implementation using symlinks instead of copying resources
[0.786s] -- Found rclcpp: 16.0.3 (/opt/ros/humble/share/rclcpp/cmake)
[0.872s] -- Found rosidl_generator_c: 3.1.4 (/opt/ros/humble/share/rosidl_generator_c/cmake)
[0.884s] -- Found rosidl_adapter: 3.1.4 (/opt/ros/humble/share/rosidl_adapter/cmake)
[0.905s] -- Found rosidl_generator_cpp: 3.1.4 (/opt/ros/humble/share/rosidl_generator_cpp/cmake)
[0.936s] -- Using all available rosidl_typesupport_c: rosidl_typesupport_fastrtps_c;rosidl_typesupport_introspection_c
[0.966s] -- Using all available rosidl_typesupport_cpp: rosidl_typesupport_fastrtps_cpp;rosidl_typesupport_introspection_cpp
[1.084s] -- Found rmw_implementation_cmake: 6.1.1 (/opt/ros/humble/share/rmw_implementation_cmake/cmake)
[1.089s] -- Found rmw_cyclonedds_cpp: 1.3.4 (/opt/ros/humble/share/rmw_cyclonedds_cpp/cmake)
[1.144s] -- Using RMW implementation 'rmw_cyclonedds_cpp' as default
[1.161s] -- Looking for pthread.h
[1.259s] -- Looking for pthread.h - found
[1.260s] -- Performing Test CMAKE_HAVE_LIBC_PTHREAD
[1.360s] -- Performing Test CMAKE_HAVE_LIBC_PTHREAD - Success
[1.361s] -- Found Threads: TRUE  
[1.699s] -- Configuring done
[1.717s] -- Generating done
[1.719s] -- Build files have been written to: /home/omartinez/gsoc2023-jderobot/ros2_challenge/src/build/pubsub_challenge
[1.731s] Invoked command in '/home/omartinez/gsoc2023-jderobot/ros2_challenge/src/build/pubsub_challenge' returned '0': CMAKE_PREFIX_PATH=/opt/ros/humble /usr/bin/cmake /home/omartinez/gsoc2023-jderobot/ros2_challenge/src/cpp_pubsub -DAMENT_CMAKE_SYMLINK_INSTALL=1 -DCMAKE_INSTALL_PREFIX=/home/omartinez/gsoc2023-jderobot/ros2_challenge/src/install/pubsub_challenge
[1.734s] Invoking command in '/home/omartinez/gsoc2023-jderobot/ros2_challenge/src/build/pubsub_challenge': CMAKE_PREFIX_PATH=/opt/ros/humble /usr/bin/cmake --build /home/omartinez/gsoc2023-jderobot/ros2_challenge/src/build/pubsub_challenge -- -j8 -l8
[1.789s] [ 50%] [32mBuilding CXX object CMakeFiles/listener.dir/src/subscriber_member_function.cpp.o[0m
[1.789s] [ 50%] [32mBuilding CXX object CMakeFiles/talker.dir/src/publisher_member_function.cpp.o[0m
[6.750s] [ 75%] [32m[1mLinking CXX executable talker[0m
[6.995s] [ 75%] Built target talker
[11.435s] [100%] [32m[1mLinking CXX executable listener[0m
[11.980s] [100%] Built target listener
