[0.408s] DEBUG:colcon:Command line arguments: ['/usr/bin/colcon', 'build', '--symlink-install']
[0.408s] DEBUG:colcon:Parsed command line arguments: Namespace(log_base=None, log_level=None, verb_name='build', build_base='build', install_base='install', merge_install=False, symlink_install=True, test_result_base=None, continue_on_error=False, executor='parallel', parallel_workers=8, event_handlers=None, ignore_user_meta=False, metas=['./colcon.meta'], base_paths=['.'], packages_ignore=None, packages_ignore_regex=None, paths=None, packages_up_to=None, packages_up_to_regex=None, packages_above=None, packages_above_and_dependencies=None, packages_above_depth=None, packages_select_by_dep=None, packages_skip_by_dep=None, packages_skip_up_to=None, packages_select_build_failed=False, packages_skip_build_finished=False, packages_select_test_failures=False, packages_skip_test_passed=False, packages_select=None, packages_skip=None, packages_select_regex=None, packages_skip_regex=None, packages_start=None, packages_end=None, allow_overriding=[], cmake_args=None, cmake_target=None, cmake_target_skip_unavailable=False, cmake_clean_cache=False, cmake_clean_first=False, cmake_force_configure=False, ament_cmake_args=None, catkin_cmake_args=None, catkin_skip_building_tests=False, verb_parser=<colcon_defaults.argument_parser.defaults.DefaultArgumentsDecorator object at 0x7f8708844820>, verb_extension=<colcon_core.verb.build.BuildVerb object at 0x7f87092763b0>, main=<bound method BuildVerb.main of <colcon_core.verb.build.BuildVerb object at 0x7f87092763b0>>)
[0.435s] Level 1:colcon.colcon_core.package_discovery:discover_packages(colcon_meta) check parameters
[0.435s] Level 1:colcon.colcon_core.package_discovery:discover_packages(recursive) check parameters
[0.435s] Level 1:colcon.colcon_core.package_discovery:discover_packages(ignore) check parameters
[0.435s] Level 1:colcon.colcon_core.package_discovery:discover_packages(path) check parameters
[0.435s] Level 1:colcon.colcon_core.package_discovery:discover_packages(colcon_meta) discover
[0.435s] Level 1:colcon.colcon_core.package_discovery:discover_packages(recursive) discover
[0.435s] INFO:colcon.colcon_core.package_discovery:Crawling recursively for packages in '/home/omartinez/gsoc2023-jderobot/ros2_challenge/src'
[0.435s] Level 1:colcon.colcon_core.package_identification:_identify(.) by extensions ['ignore', 'ignore_ament_install']
[0.435s] Level 1:colcon.colcon_core.package_identification:_identify(.) by extension 'ignore'
[0.436s] Level 1:colcon.colcon_core.package_identification:_identify(.) by extension 'ignore_ament_install'
[0.436s] Level 1:colcon.colcon_core.package_identification:_identify(.) by extensions ['colcon_pkg']
[0.436s] Level 1:colcon.colcon_core.package_identification:_identify(.) by extension 'colcon_pkg'
[0.436s] Level 1:colcon.colcon_core.package_identification:_identify(.) by extensions ['colcon_meta']
[0.436s] Level 1:colcon.colcon_core.package_identification:_identify(.) by extension 'colcon_meta'
[0.436s] Level 1:colcon.colcon_core.package_identification:_identify(.) by extensions ['ros']
[0.436s] Level 1:colcon.colcon_core.package_identification:_identify(.) by extension 'ros'
[0.448s] Level 1:colcon.colcon_core.package_identification:_identify(.) by extensions ['cmake', 'python']
[0.448s] Level 1:colcon.colcon_core.package_identification:_identify(.) by extension 'cmake'
[0.448s] Level 1:colcon.colcon_core.package_identification:_identify(.) by extension 'python'
[0.448s] Level 1:colcon.colcon_core.package_identification:_identify(.) by extensions ['python_setup_py']
[0.448s] Level 1:colcon.colcon_core.package_identification:_identify(.) by extension 'python_setup_py'
[0.448s] Level 1:colcon.colcon_core.package_identification:_identify(build) by extensions ['ignore', 'ignore_ament_install']
[0.448s] Level 1:colcon.colcon_core.package_identification:_identify(build) by extension 'ignore'
[0.448s] Level 1:colcon.colcon_core.package_identification:_identify(build) ignored
[0.448s] Level 1:colcon.colcon_core.package_identification:_identify(cpp_pubsub) by extensions ['ignore', 'ignore_ament_install']
[0.448s] Level 1:colcon.colcon_core.package_identification:_identify(cpp_pubsub) by extension 'ignore'
[0.448s] Level 1:colcon.colcon_core.package_identification:_identify(cpp_pubsub) by extension 'ignore_ament_install'
[0.448s] Level 1:colcon.colcon_core.package_identification:_identify(cpp_pubsub) by extensions ['colcon_pkg']
[0.448s] Level 1:colcon.colcon_core.package_identification:_identify(cpp_pubsub) by extension 'colcon_pkg'
[0.448s] Level 1:colcon.colcon_core.package_identification:_identify(cpp_pubsub) by extensions ['colcon_meta']
[0.449s] Level 1:colcon.colcon_core.package_identification:_identify(cpp_pubsub) by extension 'colcon_meta'
[0.449s] Level 1:colcon.colcon_core.package_identification:_identify(cpp_pubsub) by extensions ['ros']
[0.449s] Level 1:colcon.colcon_core.package_identification:_identify(cpp_pubsub) by extension 'ros'
[0.452s] DEBUG:colcon.colcon_core.package_identification:Package 'cpp_pubsub' with type 'ros.ament_cmake' and name 'pubsub_challenge'
[0.452s] Level 1:colcon.colcon_core.package_identification:_identify(install) by extensions ['ignore', 'ignore_ament_install']
[0.452s] Level 1:colcon.colcon_core.package_identification:_identify(install) by extension 'ignore'
[0.452s] Level 1:colcon.colcon_core.package_identification:_identify(install) ignored
[0.452s] Level 1:colcon.colcon_core.package_identification:_identify(log) by extensions ['ignore', 'ignore_ament_install']
[0.452s] Level 1:colcon.colcon_core.package_identification:_identify(log) by extension 'ignore'
[0.452s] Level 1:colcon.colcon_core.package_identification:_identify(log) ignored
[0.452s] Level 1:colcon.colcon_core.package_identification:_identify(patrolling_example) by extensions ['ignore', 'ignore_ament_install']
[0.452s] Level 1:colcon.colcon_core.package_identification:_identify(patrolling_example) by extension 'ignore'
[0.452s] Level 1:colcon.colcon_core.package_identification:_identify(patrolling_example) by extension 'ignore_ament_install'
[0.453s] Level 1:colcon.colcon_core.package_identification:_identify(patrolling_example) by extensions ['colcon_pkg']
[0.453s] Level 1:colcon.colcon_core.package_identification:_identify(patrolling_example) by extension 'colcon_pkg'
[0.453s] Level 1:colcon.colcon_core.package_identification:_identify(patrolling_example) by extensions ['colcon_meta']
[0.453s] Level 1:colcon.colcon_core.package_identification:_identify(patrolling_example) by extension 'colcon_meta'
[0.453s] Level 1:colcon.colcon_core.package_identification:_identify(patrolling_example) by extensions ['ros']
[0.453s] Level 1:colcon.colcon_core.package_identification:_identify(patrolling_example) by extension 'ros'
[0.454s] DEBUG:colcon.colcon_core.package_identification:Package 'patrolling_example' with type 'ros.ament_cmake' and name 'patrolling_example'
[0.454s] Level 1:colcon.colcon_core.package_discovery:discover_packages(recursive) using defaults
[0.454s] Level 1:colcon.colcon_core.package_discovery:discover_packages(ignore) discover
[0.454s] Level 1:colcon.colcon_core.package_discovery:discover_packages(ignore) using defaults
[0.454s] Level 1:colcon.colcon_core.package_discovery:discover_packages(path) discover
[0.454s] Level 1:colcon.colcon_core.package_discovery:discover_packages(path) using defaults
[0.489s] Level 1:colcon.colcon_core.package_discovery:discover_packages(prefix_path) check parameters
[0.489s] Level 1:colcon.colcon_core.package_discovery:discover_packages(prefix_path) discover
[0.493s] DEBUG:colcon.colcon_installed_package_information.package_discovery:Found 433 installed packages in /opt/ros/humble
[0.496s] Level 1:colcon.colcon_core.package_discovery:discover_packages(prefix_path) using defaults
[0.589s] Level 5:colcon.colcon_core.verb:set package 'patrolling_example' build argument 'cmake_args' from command line to 'None'
[0.590s] Level 5:colcon.colcon_core.verb:set package 'patrolling_example' build argument 'cmake_target' from command line to 'None'
[0.590s] Level 5:colcon.colcon_core.verb:set package 'patrolling_example' build argument 'cmake_target_skip_unavailable' from command line to 'False'
[0.590s] Level 5:colcon.colcon_core.verb:set package 'patrolling_example' build argument 'cmake_clean_cache' from command line to 'False'
[0.590s] Level 5:colcon.colcon_core.verb:set package 'patrolling_example' build argument 'cmake_clean_first' from command line to 'False'
[0.590s] Level 5:colcon.colcon_core.verb:set package 'patrolling_example' build argument 'cmake_force_configure' from command line to 'False'
[0.590s] Level 5:colcon.colcon_core.verb:set package 'patrolling_example' build argument 'ament_cmake_args' from command line to 'None'
[0.590s] Level 5:colcon.colcon_core.verb:set package 'patrolling_example' build argument 'catkin_cmake_args' from command line to 'None'
[0.590s] Level 5:colcon.colcon_core.verb:set package 'patrolling_example' build argument 'catkin_skip_building_tests' from command line to 'False'
[0.590s] DEBUG:colcon.colcon_core.verb:Building package 'patrolling_example' with the following arguments: {'ament_cmake_args': None, 'build_base': '/home/omartinez/gsoc2023-jderobot/ros2_challenge/src/build/patrolling_example', 'catkin_cmake_args': None, 'catkin_skip_building_tests': False, 'cmake_args': None, 'cmake_clean_cache': False, 'cmake_clean_first': False, 'cmake_force_configure': False, 'cmake_target': None, 'cmake_target_skip_unavailable': False, 'install_base': '/home/omartinez/gsoc2023-jderobot/ros2_challenge/src/install/patrolling_example', 'merge_install': False, 'path': '/home/omartinez/gsoc2023-jderobot/ros2_challenge/src/patrolling_example', 'symlink_install': True, 'test_result_base': None}
[0.591s] Level 5:colcon.colcon_core.verb:set package 'pubsub_challenge' build argument 'cmake_args' from command line to 'None'
[0.591s] Level 5:colcon.colcon_core.verb:set package 'pubsub_challenge' build argument 'cmake_target' from command line to 'None'
[0.591s] Level 5:colcon.colcon_core.verb:set package 'pubsub_challenge' build argument 'cmake_target_skip_unavailable' from command line to 'False'
[0.591s] Level 5:colcon.colcon_core.verb:set package 'pubsub_challenge' build argument 'cmake_clean_cache' from command line to 'False'
[0.591s] Level 5:colcon.colcon_core.verb:set package 'pubsub_challenge' build argument 'cmake_clean_first' from command line to 'False'
[0.591s] Level 5:colcon.colcon_core.verb:set package 'pubsub_challenge' build argument 'cmake_force_configure' from command line to 'False'
[0.591s] Level 5:colcon.colcon_core.verb:set package 'pubsub_challenge' build argument 'ament_cmake_args' from command line to 'None'
[0.591s] Level 5:colcon.colcon_core.verb:set package 'pubsub_challenge' build argument 'catkin_cmake_args' from command line to 'None'
[0.591s] Level 5:colcon.colcon_core.verb:set package 'pubsub_challenge' build argument 'catkin_skip_building_tests' from command line to 'False'
[0.591s] DEBUG:colcon.colcon_core.verb:Building package 'pubsub_challenge' with the following arguments: {'ament_cmake_args': None, 'build_base': '/home/omartinez/gsoc2023-jderobot/ros2_challenge/src/build/pubsub_challenge', 'catkin_cmake_args': None, 'catkin_skip_building_tests': False, 'cmake_args': None, 'cmake_clean_cache': False, 'cmake_clean_first': False, 'cmake_force_configure': False, 'cmake_target': None, 'cmake_target_skip_unavailable': False, 'install_base': '/home/omartinez/gsoc2023-jderobot/ros2_challenge/src/install/pubsub_challenge', 'merge_install': False, 'path': '/home/omartinez/gsoc2023-jderobot/ros2_challenge/src/cpp_pubsub', 'symlink_install': True, 'test_result_base': None}
[0.592s] INFO:colcon.colcon_core.executor:Executing jobs using 'parallel' executor
[0.595s] DEBUG:colcon.colcon_parallel_executor.executor.parallel:run_until_complete
[0.595s] INFO:colcon.colcon_ros.task.ament_cmake.build:Building ROS package in '/home/omartinez/gsoc2023-jderobot/ros2_challenge/src/patrolling_example' with build type 'ament_cmake'
[0.595s] INFO:colcon.colcon_cmake.task.cmake.build:Building CMake package in '/home/omartinez/gsoc2023-jderobot/ros2_challenge/src/patrolling_example'
[0.600s] INFO:colcon.colcon_core.plugin_system:Skipping extension 'colcon_core.shell.bat': Not used on non-Windows systems
[0.600s] INFO:colcon.colcon_core.shell:Skip shell extension 'powershell' for command environment: Not usable outside of PowerShell
[0.600s] DEBUG:colcon.colcon_core.shell:Skip shell extension 'dsv' for command environment
[0.605s] INFO:colcon.colcon_ros.task.ament_cmake.build:Building ROS package in '/home/omartinez/gsoc2023-jderobot/ros2_challenge/src/cpp_pubsub' with build type 'ament_cmake'
[0.605s] INFO:colcon.colcon_cmake.task.cmake.build:Building CMake package in '/home/omartinez/gsoc2023-jderobot/ros2_challenge/src/cpp_pubsub'
[0.607s] INFO:colcon.colcon_core.shell:Skip shell extension 'powershell' for command environment: Not usable outside of PowerShell
[0.607s] DEBUG:colcon.colcon_core.shell:Skip shell extension 'dsv' for command environment
[0.619s] DEBUG:colcon.colcon_core.event_handler.log_command:Invoking command in '/home/omartinez/gsoc2023-jderobot/ros2_challenge/src/build/patrolling_example': CMAKE_PREFIX_PATH=/opt/ros/humble /usr/bin/cmake /home/omartinez/gsoc2023-jderobot/ros2_challenge/src/patrolling_example -DAMENT_CMAKE_SYMLINK_INSTALL=1 -DCMAKE_INSTALL_PREFIX=/home/omartinez/gsoc2023-jderobot/ros2_challenge/src/install/patrolling_example
[0.625s] DEBUG:colcon.colcon_core.event_handler.log_command:Invoking command in '/home/omartinez/gsoc2023-jderobot/ros2_challenge/src/build/pubsub_challenge': CMAKE_PREFIX_PATH=/opt/ros/humble /usr/bin/cmake /home/omartinez/gsoc2023-jderobot/ros2_challenge/src/cpp_pubsub -DAMENT_CMAKE_SYMLINK_INSTALL=1 -DCMAKE_INSTALL_PREFIX=/home/omartinez/gsoc2023-jderobot/ros2_challenge/src/install/pubsub_challenge
[2.338s] DEBUG:colcon.colcon_core.event_handler.log_command:Invoked command in '/home/omartinez/gsoc2023-jderobot/ros2_challenge/src/build/pubsub_challenge' returned '0': CMAKE_PREFIX_PATH=/opt/ros/humble /usr/bin/cmake /home/omartinez/gsoc2023-jderobot/ros2_challenge/src/cpp_pubsub -DAMENT_CMAKE_SYMLINK_INSTALL=1 -DCMAKE_INSTALL_PREFIX=/home/omartinez/gsoc2023-jderobot/ros2_challenge/src/install/pubsub_challenge
[2.342s] DEBUG:colcon.colcon_core.event_handler.log_command:Invoking command in '/home/omartinez/gsoc2023-jderobot/ros2_challenge/src/build/pubsub_challenge': CMAKE_PREFIX_PATH=/opt/ros/humble /usr/bin/cmake --build /home/omartinez/gsoc2023-jderobot/ros2_challenge/src/build/pubsub_challenge -- -j8 -l8
[3.158s] DEBUG:colcon.colcon_core.event_handler.log_command:Invoked command in '/home/omartinez/gsoc2023-jderobot/ros2_challenge/src/build/patrolling_example' returned '1': CMAKE_PREFIX_PATH=/opt/ros/humble /usr/bin/cmake /home/omartinez/gsoc2023-jderobot/ros2_challenge/src/patrolling_example -DAMENT_CMAKE_SYMLINK_INSTALL=1 -DCMAKE_INSTALL_PREFIX=/home/omartinez/gsoc2023-jderobot/ros2_challenge/src/install/patrolling_example
[3.172s] Level 1:colcon.colcon_core.environment:create_environment_scripts_only(patrolling_example)
[3.177s] Level 1:colcon.colcon_core.environment:checking '/home/omartinez/gsoc2023-jderobot/ros2_challenge/src/install/patrolling_example' for CMake module files
[3.178s] Level 1:colcon.colcon_core.environment:checking '/home/omartinez/gsoc2023-jderobot/ros2_challenge/src/install/patrolling_example' for CMake config files
[3.178s] Level 1:colcon.colcon_core.environment:checking '/home/omartinez/gsoc2023-jderobot/ros2_challenge/src/install/patrolling_example/bin'
[3.178s] Level 1:colcon.colcon_core.environment:checking '/home/omartinez/gsoc2023-jderobot/ros2_challenge/src/install/patrolling_example/lib/pkgconfig/patrolling_example.pc'
[3.178s] Level 1:colcon.colcon_core.environment:checking '/home/omartinez/gsoc2023-jderobot/ros2_challenge/src/install/patrolling_example/lib/python3.10/site-packages'
[3.178s] Level 1:colcon.colcon_core.environment:checking '/home/omartinez/gsoc2023-jderobot/ros2_challenge/src/install/patrolling_example/bin'
[3.180s] INFO:colcon.colcon_core.shell:Creating package script '/home/omartinez/gsoc2023-jderobot/ros2_challenge/src/install/patrolling_example/share/patrolling_example/package.ps1'
[3.181s] INFO:colcon.colcon_core.shell:Creating package descriptor '/home/omartinez/gsoc2023-jderobot/ros2_challenge/src/install/patrolling_example/share/patrolling_example/package.dsv'
[3.181s] INFO:colcon.colcon_core.shell:Creating package script '/home/omartinez/gsoc2023-jderobot/ros2_challenge/src/install/patrolling_example/share/patrolling_example/package.sh'
[3.182s] INFO:colcon.colcon_core.shell:Creating package script '/home/omartinez/gsoc2023-jderobot/ros2_challenge/src/install/patrolling_example/share/patrolling_example/package.bash'
[3.182s] INFO:colcon.colcon_core.shell:Creating package script '/home/omartinez/gsoc2023-jderobot/ros2_challenge/src/install/patrolling_example/share/patrolling_example/package.zsh'
[3.183s] Level 1:colcon.colcon_core.environment:create_file_with_runtime_dependencies(/home/omartinez/gsoc2023-jderobot/ros2_challenge/src/install/patrolling_example/share/colcon-core/packages/patrolling_example)
[12.611s] DEBUG:colcon.colcon_parallel_executor.executor.parallel:closing loop
[12.611s] DEBUG:colcon.colcon_parallel_executor.executor.parallel:loop closed
[12.611s] DEBUG:colcon.colcon_parallel_executor.executor.parallel:run_until_complete finished with '1'
[12.611s] DEBUG:colcon.colcon_core.event_reactor:joining thread
[12.617s] INFO:colcon.colcon_core.plugin_system:Skipping extension 'colcon_notification.desktop_notification.terminal_notifier': Not used on non-Darwin systems
[12.617s] INFO:colcon.colcon_core.plugin_system:Skipping extension 'colcon_notification.desktop_notification.win32': Not used on non-Windows systems
[12.617s] INFO:colcon.colcon_notification.desktop_notification:Sending desktop notification using 'notify2'
[12.633s] DEBUG:colcon.colcon_core.event_reactor:joined thread
[12.635s] INFO:colcon.colcon_core.shell:Creating prefix script '/home/omartinez/gsoc2023-jderobot/ros2_challenge/src/install/local_setup.ps1'
[12.636s] INFO:colcon.colcon_core.shell:Creating prefix util module '/home/omartinez/gsoc2023-jderobot/ros2_challenge/src/install/_local_setup_util_ps1.py'
[12.638s] INFO:colcon.colcon_core.shell:Creating prefix chain script '/home/omartinez/gsoc2023-jderobot/ros2_challenge/src/install/setup.ps1'
[12.640s] INFO:colcon.colcon_core.shell:Creating prefix script '/home/omartinez/gsoc2023-jderobot/ros2_challenge/src/install/local_setup.sh'
[12.641s] INFO:colcon.colcon_core.shell:Creating prefix util module '/home/omartinez/gsoc2023-jderobot/ros2_challenge/src/install/_local_setup_util_sh.py'
[12.641s] INFO:colcon.colcon_core.shell:Creating prefix chain script '/home/omartinez/gsoc2023-jderobot/ros2_challenge/src/install/setup.sh'
[12.644s] INFO:colcon.colcon_core.shell:Creating prefix script '/home/omartinez/gsoc2023-jderobot/ros2_challenge/src/install/local_setup.bash'
[12.644s] INFO:colcon.colcon_core.shell:Creating prefix chain script '/home/omartinez/gsoc2023-jderobot/ros2_challenge/src/install/setup.bash'
[12.646s] INFO:colcon.colcon_core.shell:Creating prefix script '/home/omartinez/gsoc2023-jderobot/ros2_challenge/src/install/local_setup.zsh'
[12.646s] INFO:colcon.colcon_core.shell:Creating prefix chain script '/home/omartinez/gsoc2023-jderobot/ros2_challenge/src/install/setup.zsh'
