-- The C compiler identification is GNU 11.3.0
-- The CXX compiler identification is GNU 11.3.0
-- Detecting C compiler ABI info
-- Detecting C compiler ABI info - done
-- Check for working C compiler: /usr/bin/cc - skipped
-- Detecting C compile features
-- Detecting C compile features - done
-- Detecting CXX compiler ABI info
-- Detecting CXX compiler ABI info - done
-- Check for working CXX compiler: /usr/bin/c++ - skipped
-- Detecting CXX compile features
-- Detecting CXX compile features - done
-- Found ament_cmake: 1.3.3 (/opt/ros/humble/share/ament_cmake/cmake)
-- Found Python3: /usr/bin/python3.10 (found version "3.10.6") found components: Interpreter 
-- Override CMake install command with custom implementation using symlinks instead of copying resources
-- Found rclcpp: 16.0.3 (/opt/ros/humble/share/rclcpp/cmake)
-- Found rosidl_generator_c: 3.1.4 (/opt/ros/humble/share/rosidl_generator_c/cmake)
-- Found rosidl_adapter: 3.1.4 (/opt/ros/humble/share/rosidl_adapter/cmake)
-- Found rosidl_generator_cpp: 3.1.4 (/opt/ros/humble/share/rosidl_generator_cpp/cmake)
-- Using all available rosidl_typesupport_c: rosidl_typesupport_fastrtps_c;rosidl_typesupport_introspection_c
-- Using all available rosidl_typesupport_cpp: rosidl_typesupport_fastrtps_cpp;rosidl_typesupport_introspection_cpp
-- Found rmw_implementation_cmake: 6.1.1 (/opt/ros/humble/share/rmw_implementation_cmake/cmake)
-- Found rmw_cyclonedds_cpp: 1.3.4 (/opt/ros/humble/share/rmw_cyclonedds_cpp/cmake)
-- Using RMW implementation 'rmw_cyclonedds_cpp' as default
-- Looking for pthread.h
-- Looking for pthread.h - found
-- Performing Test CMAKE_HAVE_LIBC_PTHREAD
-- Performing Test CMAKE_HAVE_LIBC_PTHREAD - Success
-- Found Threads: TRUE  
-- Found rclcpp_lifecycle: 16.0.3 (/opt/ros/humble/share/rclcpp_lifecycle/cmake)
-- Found rclcpp_action: 16.0.3 (/opt/ros/humble/share/rclcpp_action/cmake)
-- Found geometry_msgs: 4.2.3 (/opt/ros/humble/share/geometry_msgs/cmake)
-- Found nav2_msgs: 1.1.6 (/opt/ros/humble/share/nav2_msgs/cmake)
-- Found sensor_msgs: 4.2.3 (/opt/ros/humble/share/sensor_msgs/cmake)
-- Found ZMQ: /usr/lib/x86_64-linux-gnu/libzmq.so  
-- ZeroMQ found.
-- Configuring done
-- Generating done
-- Build files have been written to: /home/omartinez/gsoc2023-jderobot/ros2_challenge/build/patrolling_example
[  8%] [32mBuilding CXX object CMakeFiles/location_bt_node.dir/src/patrolling_example/Location.cpp.o[0m
[ 25%] [32mBuilding CXX object CMakeFiles/recharge_bt_node.dir/src/patrolling_example/Recharge.cpp.o[0m
[ 25%] [32mBuilding CXX object CMakeFiles/patrolling_example.dir/src/patrolling_example_main.cpp.o[0m
[ 33%] [32mBuilding CXX object CMakeFiles/get_waypoint_bt_node.dir/src/patrolling_example/GetWaypoint.cpp.o[0m
[ 41%] [32mBuilding CXX object CMakeFiles/move_bt_node.dir/src/patrolling_example/Move.cpp.o[0m
[ 50%] [32mBuilding CXX object CMakeFiles/battery_checker_bt_node.dir/src/patrolling_example/BatteryChecker.cpp.o[0m
[ 58%] [32m[1mLinking CXX shared library librecharge_bt_node.so[0m
[ 58%] Built target recharge_bt_node
[ 66%] [32m[1mLinking CXX shared library liblocation_bt_node.so[0m
[ 66%] Built target location_bt_node
[ 75%] [32m[1mLinking CXX shared library libget_waypoint_bt_node.so[0m
[ 75%] Built target get_waypoint_bt_node
[ 83%] [32m[1mLinking CXX executable patrolling_example[0m
[ 83%] Built target patrolling_example
[ 91%] [32m[1mLinking CXX shared library libmove_bt_node.so[0m
[ 91%] Built target move_bt_node
[100%] [32m[1mLinking CXX shared library libbattery_checker_bt_node.so[0m
[100%] Built target battery_checker_bt_node
-- Install configuration: "Debug"
-- Execute custom install script
-- Symlinking: /home/omartinez/gsoc2023-jderobot/ros2_challenge/install/patrolling_example/lib/librecharge_bt_node.so
-- Symlinking: /home/omartinez/gsoc2023-jderobot/ros2_challenge/install/patrolling_example/lib/liblocation_bt_node.so
-- Symlinking: /home/omartinez/gsoc2023-jderobot/ros2_challenge/install/patrolling_example/lib/libmove_bt_node.so
-- Symlinking: /home/omartinez/gsoc2023-jderobot/ros2_challenge/install/patrolling_example/lib/libget_waypoint_bt_node.so
-- Symlinking: /home/omartinez/gsoc2023-jderobot/ros2_challenge/install/patrolling_example/lib/libbattery_checker_bt_node.so
-- Symlinking: /home/omartinez/gsoc2023-jderobot/ros2_challenge/install/patrolling_example/lib/patrolling_example/patrolling_example
-- Symlinking: /home/omartinez/gsoc2023-jderobot/ros2_challenge/install/patrolling_example/include//patrolling_example/BatteryChecker.hpp
-- Symlinking: /home/omartinez/gsoc2023-jderobot/ros2_challenge/install/patrolling_example/include//patrolling_example/GetWaypoint.hpp
-- Symlinking: /home/omartinez/gsoc2023-jderobot/ros2_challenge/install/patrolling_example/include//patrolling_example/Location.hpp
-- Symlinking: /home/omartinez/gsoc2023-jderobot/ros2_challenge/install/patrolling_example/include//patrolling_example/Move.hpp
-- Symlinking: /home/omartinez/gsoc2023-jderobot/ros2_challenge/install/patrolling_example/include//patrolling_example/Recharge.hpp
-- Symlinking: /home/omartinez/gsoc2023-jderobot/ros2_challenge/install/patrolling_example/include//patrolling_example/ctrl_support/BTActionNode.hpp
-- Symlinking: /home/omartinez/gsoc2023-jderobot/ros2_challenge/install/patrolling_example/include//patrolling_example/ctrl_support/BTLifecycleCtrlNode.hpp
-- Symlinking: /home/omartinez/gsoc2023-jderobot/ros2_challenge/install/patrolling_example/share/patrolling_example/launch/example_bringup.py
-- Symlinking: /home/omartinez/gsoc2023-jderobot/ros2_challenge/install/patrolling_example/share/patrolling_example/param/waffle.yaml
-- Symlinking: /home/omartinez/gsoc2023-jderobot/ros2_challenge/install/patrolling_example/share/patrolling_example/map/map.pgm
-- Symlinking: /home/omartinez/gsoc2023-jderobot/ros2_challenge/install/patrolling_example/share/patrolling_example/map/map.yaml
-- Symlinking: /home/omartinez/gsoc2023-jderobot/ros2_challenge/install/patrolling_example/share/patrolling_example/behavior_tree_xml/example.xml
-- Symlinking: /home/omartinez/gsoc2023-jderobot/ros2_challenge/install/patrolling_example/share/ament_index/resource_index/package_run_dependencies/patrolling_example
-- Symlinking: /home/omartinez/gsoc2023-jderobot/ros2_challenge/install/patrolling_example/share/ament_index/resource_index/parent_prefix_path/patrolling_example
-- Symlinking: /home/omartinez/gsoc2023-jderobot/ros2_challenge/install/patrolling_example/share/patrolling_example/environment/ament_prefix_path.sh
-- Symlinking: /home/omartinez/gsoc2023-jderobot/ros2_challenge/install/patrolling_example/share/patrolling_example/environment/ament_prefix_path.dsv
-- Symlinking: /home/omartinez/gsoc2023-jderobot/ros2_challenge/install/patrolling_example/share/patrolling_example/environment/path.sh
-- Symlinking: /home/omartinez/gsoc2023-jderobot/ros2_challenge/install/patrolling_example/share/patrolling_example/environment/path.dsv
-- Symlinking: /home/omartinez/gsoc2023-jderobot/ros2_challenge/install/patrolling_example/share/patrolling_example/local_setup.bash
-- Symlinking: /home/omartinez/gsoc2023-jderobot/ros2_challenge/install/patrolling_example/share/patrolling_example/local_setup.sh
-- Symlinking: /home/omartinez/gsoc2023-jderobot/ros2_challenge/install/patrolling_example/share/patrolling_example/local_setup.zsh
-- Symlinking: /home/omartinez/gsoc2023-jderobot/ros2_challenge/install/patrolling_example/share/patrolling_example/local_setup.dsv
-- Symlinking: /home/omartinez/gsoc2023-jderobot/ros2_challenge/install/patrolling_example/share/patrolling_example/package.dsv
-- Symlinking: /home/omartinez/gsoc2023-jderobot/ros2_challenge/install/patrolling_example/share/ament_index/resource_index/packages/patrolling_example
-- Symlinking: /home/omartinez/gsoc2023-jderobot/ros2_challenge/install/patrolling_example/share/patrolling_example/cmake/ament_cmake_export_include_directories-extras.cmake
-- Symlinking: /home/omartinez/gsoc2023-jderobot/ros2_challenge/install/patrolling_example/share/patrolling_example/cmake/ament_cmake_export_dependencies-extras.cmake
-- Symlinking: /home/omartinez/gsoc2023-jderobot/ros2_challenge/install/patrolling_example/share/patrolling_example/cmake/patrolling_exampleConfig.cmake
-- Symlinking: /home/omartinez/gsoc2023-jderobot/ros2_challenge/install/patrolling_example/share/patrolling_example/cmake/patrolling_exampleConfig-version.cmake
-- Symlinking: /home/omartinez/gsoc2023-jderobot/ros2_challenge/install/patrolling_example/share/patrolling_example/package.xml
