[0.728s] DEBUG:colcon:Command line arguments: ['/usr/bin/colcon', 'list', '-p', '--base-paths', '/home/omartinez/gsoc2023-jderobot/ros2_challenge']
[0.728s] DEBUG:colcon:Parsed command line arguments: Namespace(log_base=None, log_level=None, verb_name='list', build_base='build', ignore_user_meta=False, metas=['./colcon.meta'], base_paths=['/home/omartinez/gsoc2023-jderobot/ros2_challenge'], packages_ignore=None, packages_ignore_regex=None, paths=None, packages_up_to=None, packages_up_to_regex=None, packages_above=None, packages_above_and_dependencies=None, packages_above_depth=None, packages_select_by_dep=None, packages_skip_by_dep=None, packages_skip_up_to=None, packages_select_build_failed=False, packages_skip_build_finished=False, packages_select_test_failures=False, packages_skip_test_passed=False, packages_select=None, packages_skip=None, packages_select_regex=None, packages_skip_regex=None, packages_start=None, packages_end=None, allow_overriding=[], topological_order=False, names_only=False, paths_only=True, topological_graph=False, topological_graph_dot=False, topological_graph_density=False, topological_graph_legend=False, topological_graph_dot_cluster=False, topological_graph_dot_include_skipped=False, verb_parser=<colcon_defaults.argument_parser.defaults.DefaultArgumentsDecorator object at 0x7ff02d8690c0>, verb_extension=<colcon_package_information.verb.list.ListVerb object at 0x7ff02d9f58a0>, main=<bound method ListVerb.main of <colcon_package_information.verb.list.ListVerb object at 0x7ff02d9f58a0>>)
[0.776s] Level 1:colcon.colcon_core.package_discovery:discover_packages(colcon_meta) check parameters
[0.776s] Level 1:colcon.colcon_core.package_discovery:discover_packages(recursive) check parameters
[0.777s] Level 1:colcon.colcon_core.package_discovery:discover_packages(ignore) check parameters
[0.777s] Level 1:colcon.colcon_core.package_discovery:discover_packages(path) check parameters
[0.777s] Level 1:colcon.colcon_core.package_discovery:discover_packages(recursive) discover
[0.777s] INFO:colcon.colcon_core.package_discovery:Crawling recursively for packages in '/home/omartinez/gsoc2023-jderobot/ros2_challenge'
[0.777s] Level 1:colcon.colcon_core.package_identification:_identify(/home/omartinez/gsoc2023-jderobot/ros2_challenge) by extensions ['ignore', 'ignore_ament_install']
[0.777s] Level 1:colcon.colcon_core.package_identification:_identify(/home/omartinez/gsoc2023-jderobot/ros2_challenge) by extension 'ignore'
[0.777s] Level 1:colcon.colcon_core.package_identification:_identify(/home/omartinez/gsoc2023-jderobot/ros2_challenge) by extension 'ignore_ament_install'
[0.778s] Level 1:colcon.colcon_core.package_identification:_identify(/home/omartinez/gsoc2023-jderobot/ros2_challenge) by extensions ['colcon_pkg']
[0.778s] Level 1:colcon.colcon_core.package_identification:_identify(/home/omartinez/gsoc2023-jderobot/ros2_challenge) by extension 'colcon_pkg'
[0.778s] Level 1:colcon.colcon_core.package_identification:_identify(/home/omartinez/gsoc2023-jderobot/ros2_challenge) by extensions ['colcon_meta']
[0.778s] Level 1:colcon.colcon_core.package_identification:_identify(/home/omartinez/gsoc2023-jderobot/ros2_challenge) by extension 'colcon_meta'
[0.778s] Level 1:colcon.colcon_core.package_identification:_identify(/home/omartinez/gsoc2023-jderobot/ros2_challenge) by extensions ['ros']
[0.778s] Level 1:colcon.colcon_core.package_identification:_identify(/home/omartinez/gsoc2023-jderobot/ros2_challenge) by extension 'ros'
[0.800s] Level 1:colcon.colcon_core.package_identification:_identify(/home/omartinez/gsoc2023-jderobot/ros2_challenge) by extensions ['cmake', 'python']
[0.800s] Level 1:colcon.colcon_core.package_identification:_identify(/home/omartinez/gsoc2023-jderobot/ros2_challenge) by extension 'cmake'
[0.800s] Level 1:colcon.colcon_core.package_identification:_identify(/home/omartinez/gsoc2023-jderobot/ros2_challenge) by extension 'python'
[0.800s] Level 1:colcon.colcon_core.package_identification:_identify(/home/omartinez/gsoc2023-jderobot/ros2_challenge) by extensions ['python_setup_py']
[0.801s] Level 1:colcon.colcon_core.package_identification:_identify(/home/omartinez/gsoc2023-jderobot/ros2_challenge) by extension 'python_setup_py'
[0.801s] Level 1:colcon.colcon_core.package_identification:_identify(/home/omartinez/gsoc2023-jderobot/ros2_challenge/log) by extensions ['ignore', 'ignore_ament_install']
[0.801s] Level 1:colcon.colcon_core.package_identification:_identify(/home/omartinez/gsoc2023-jderobot/ros2_challenge/log) by extension 'ignore'
[0.801s] Level 1:colcon.colcon_core.package_identification:_identify(/home/omartinez/gsoc2023-jderobot/ros2_challenge/log) ignored
[0.801s] Level 1:colcon.colcon_core.package_identification:_identify(/home/omartinez/gsoc2023-jderobot/ros2_challenge/src) by extensions ['ignore', 'ignore_ament_install']
[0.801s] Level 1:colcon.colcon_core.package_identification:_identify(/home/omartinez/gsoc2023-jderobot/ros2_challenge/src) by extension 'ignore'
[0.801s] Level 1:colcon.colcon_core.package_identification:_identify(/home/omartinez/gsoc2023-jderobot/ros2_challenge/src) by extension 'ignore_ament_install'
[0.801s] Level 1:colcon.colcon_core.package_identification:_identify(/home/omartinez/gsoc2023-jderobot/ros2_challenge/src) by extensions ['colcon_pkg']
[0.801s] Level 1:colcon.colcon_core.package_identification:_identify(/home/omartinez/gsoc2023-jderobot/ros2_challenge/src) by extension 'colcon_pkg'
[0.802s] Level 1:colcon.colcon_core.package_identification:_identify(/home/omartinez/gsoc2023-jderobot/ros2_challenge/src) by extensions ['colcon_meta']
[0.802s] Level 1:colcon.colcon_core.package_identification:_identify(/home/omartinez/gsoc2023-jderobot/ros2_challenge/src) by extension 'colcon_meta'
[0.802s] Level 1:colcon.colcon_core.package_identification:_identify(/home/omartinez/gsoc2023-jderobot/ros2_challenge/src) by extensions ['ros']
[0.802s] Level 1:colcon.colcon_core.package_identification:_identify(/home/omartinez/gsoc2023-jderobot/ros2_challenge/src) by extension 'ros'
[0.802s] Level 1:colcon.colcon_core.package_identification:_identify(/home/omartinez/gsoc2023-jderobot/ros2_challenge/src) by extensions ['cmake', 'python']
[0.802s] Level 1:colcon.colcon_core.package_identification:_identify(/home/omartinez/gsoc2023-jderobot/ros2_challenge/src) by extension 'cmake'
[0.802s] Level 1:colcon.colcon_core.package_identification:_identify(/home/omartinez/gsoc2023-jderobot/ros2_challenge/src) by extension 'python'
[0.802s] Level 1:colcon.colcon_core.package_identification:_identify(/home/omartinez/gsoc2023-jderobot/ros2_challenge/src) by extensions ['python_setup_py']
[0.802s] Level 1:colcon.colcon_core.package_identification:_identify(/home/omartinez/gsoc2023-jderobot/ros2_challenge/src) by extension 'python_setup_py'
[0.802s] Level 1:colcon.colcon_core.package_identification:_identify(/home/omartinez/gsoc2023-jderobot/ros2_challenge/src/cpp_pubsub) by extensions ['ignore', 'ignore_ament_install']
[0.802s] Level 1:colcon.colcon_core.package_identification:_identify(/home/omartinez/gsoc2023-jderobot/ros2_challenge/src/cpp_pubsub) by extension 'ignore'
[0.802s] Level 1:colcon.colcon_core.package_identification:_identify(/home/omartinez/gsoc2023-jderobot/ros2_challenge/src/cpp_pubsub) by extension 'ignore_ament_install'
[0.802s] Level 1:colcon.colcon_core.package_identification:_identify(/home/omartinez/gsoc2023-jderobot/ros2_challenge/src/cpp_pubsub) by extensions ['colcon_pkg']
[0.802s] Level 1:colcon.colcon_core.package_identification:_identify(/home/omartinez/gsoc2023-jderobot/ros2_challenge/src/cpp_pubsub) by extension 'colcon_pkg'
[0.802s] Level 1:colcon.colcon_core.package_identification:_identify(/home/omartinez/gsoc2023-jderobot/ros2_challenge/src/cpp_pubsub) by extensions ['colcon_meta']
[0.802s] Level 1:colcon.colcon_core.package_identification:_identify(/home/omartinez/gsoc2023-jderobot/ros2_challenge/src/cpp_pubsub) by extension 'colcon_meta'
[0.803s] Level 1:colcon.colcon_core.package_identification:_identify(/home/omartinez/gsoc2023-jderobot/ros2_challenge/src/cpp_pubsub) by extensions ['ros']
[0.803s] Level 1:colcon.colcon_core.package_identification:_identify(/home/omartinez/gsoc2023-jderobot/ros2_challenge/src/cpp_pubsub) by extension 'ros'
[0.806s] DEBUG:colcon.colcon_core.package_identification:Package '/home/omartinez/gsoc2023-jderobot/ros2_challenge/src/cpp_pubsub' with type 'ros.ament_cmake' and name 'cpp_pubsub'
[0.806s] Level 1:colcon.colcon_core.package_discovery:discover_packages(recursive) using defaults
