[0.017s] Invoking command in '/home/omartinez/gsoc2023-jderobot/ros2_challenge/build/pubsub_challenge': CMAKE_PREFIX_PATH=${CMAKE_PREFIX_PATH}:/opt/ros/humble /usr/bin/cmake --build /home/omartinez/gsoc2023-jderobot/ros2_challenge/build/pubsub_challenge -- -j8 -l8
[0.043s] -- Found ament_cmake: 1.3.3 (/opt/ros/humble/share/ament_cmake/cmake)
[0.212s] -- Override CMake install command with custom implementation using symlinks instead of copying resources
[0.222s] -- Found rclcpp: 16.0.3 (/opt/ros/humble/share/rclcpp/cmake)
[0.266s] -- Found rosidl_generator_c: 3.1.4 (/opt/ros/humble/share/rosidl_generator_c/cmake)
[0.269s] -- Found rosidl_adapter: 3.1.4 (/opt/ros/humble/share/rosidl_adapter/cmake)
[0.277s] -- Found rosidl_generator_cpp: 3.1.4 (/opt/ros/humble/share/rosidl_generator_cpp/cmake)
[0.291s] -- Using all available rosidl_typesupport_c: rosidl_typesupport_fastrtps_c;rosidl_typesupport_introspection_c
[0.311s] -- Using all available rosidl_typesupport_cpp: rosidl_typesupport_fastrtps_cpp;rosidl_typesupport_introspection_cpp
[0.388s] -- Found rmw_implementation_cmake: 6.1.1 (/opt/ros/humble/share/rmw_implementation_cmake/cmake)
[0.389s] -- Found rmw_cyclonedds_cpp: 1.3.4 (/opt/ros/humble/share/rmw_cyclonedds_cpp/cmake)
[0.427s] -- Using RMW implementation 'rmw_cyclonedds_cpp' as default
[0.762s] -- Configuring done
[0.779s] -- Generating done
[0.782s] -- Build files have been written to: /home/omartinez/gsoc2023-jderobot/ros2_challenge/build/pubsub_challenge
[0.811s] [35m[1mConsolidate compiler generated dependencies of target listener[0m
[0.811s] [35m[1mConsolidate compiler generated dependencies of target talker[0m
[0.835s] [ 50%] Built target listener
[0.838s] [100%] Built target talker
[0.852s] Invoked command in '/home/omartinez/gsoc2023-jderobot/ros2_challenge/build/pubsub_challenge' returned '0': CMAKE_PREFIX_PATH=${CMAKE_PREFIX_PATH}:/opt/ros/humble /usr/bin/cmake --build /home/omartinez/gsoc2023-jderobot/ros2_challenge/build/pubsub_challenge -- -j8 -l8
[0.896s] Invoking command in '/home/omartinez/gsoc2023-jderobot/ros2_challenge/build/pubsub_challenge': CMAKE_PREFIX_PATH=${CMAKE_PREFIX_PATH}:/opt/ros/humble /usr/bin/cmake --install /home/omartinez/gsoc2023-jderobot/ros2_challenge/build/pubsub_challenge
[0.903s] -- Install configuration: ""
[0.904s] -- Execute custom install script
[0.904s] -- Up-to-date symlink: /home/omartinez/gsoc2023-jderobot/ros2_challenge/install/pubsub_challenge/lib/pubsub_challenge/talker
[0.905s] -- Up-to-date symlink: /home/omartinez/gsoc2023-jderobot/ros2_challenge/install/pubsub_challenge/lib/pubsub_challenge/listener
[0.905s] -- Up-to-date symlink: /home/omartinez/gsoc2023-jderobot/ros2_challenge/install/pubsub_challenge/share/ament_index/resource_index/package_run_dependencies/pubsub_challenge
[0.905s] -- Up-to-date symlink: /home/omartinez/gsoc2023-jderobot/ros2_challenge/install/pubsub_challenge/share/ament_index/resource_index/parent_prefix_path/pubsub_challenge
[0.906s] -- Up-to-date symlink: /home/omartinez/gsoc2023-jderobot/ros2_challenge/install/pubsub_challenge/share/pubsub_challenge/environment/ament_prefix_path.sh
[0.906s] -- Up-to-date symlink: /home/omartinez/gsoc2023-jderobot/ros2_challenge/install/pubsub_challenge/share/pubsub_challenge/environment/ament_prefix_path.dsv
[0.907s] -- Up-to-date symlink: /home/omartinez/gsoc2023-jderobot/ros2_challenge/install/pubsub_challenge/share/pubsub_challenge/environment/path.sh
[0.907s] -- Up-to-date symlink: /home/omartinez/gsoc2023-jderobot/ros2_challenge/install/pubsub_challenge/share/pubsub_challenge/environment/path.dsv
[0.907s] -- Up-to-date symlink: /home/omartinez/gsoc2023-jderobot/ros2_challenge/install/pubsub_challenge/share/pubsub_challenge/local_setup.bash
[0.907s] -- Up-to-date symlink: /home/omartinez/gsoc2023-jderobot/ros2_challenge/install/pubsub_challenge/share/pubsub_challenge/local_setup.sh
[0.908s] -- Up-to-date symlink: /home/omartinez/gsoc2023-jderobot/ros2_challenge/install/pubsub_challenge/share/pubsub_challenge/local_setup.zsh
[0.908s] -- Up-to-date symlink: /home/omartinez/gsoc2023-jderobot/ros2_challenge/install/pubsub_challenge/share/pubsub_challenge/local_setup.dsv
[0.909s] -- Symlinking: /home/omartinez/gsoc2023-jderobot/ros2_challenge/install/pubsub_challenge/share/pubsub_challenge/package.dsv
[0.919s] -- Up-to-date symlink: /home/omartinez/gsoc2023-jderobot/ros2_challenge/install/pubsub_challenge/share/ament_index/resource_index/packages/pubsub_challenge
[0.920s] -- Up-to-date symlink: /home/omartinez/gsoc2023-jderobot/ros2_challenge/install/pubsub_challenge/share/pubsub_challenge/cmake/pubsub_challengeConfig.cmake
[0.920s] -- Up-to-date symlink: /home/omartinez/gsoc2023-jderobot/ros2_challenge/install/pubsub_challenge/share/pubsub_challenge/cmake/pubsub_challengeConfig-version.cmake
[0.920s] -- Up-to-date symlink: /home/omartinez/gsoc2023-jderobot/ros2_challenge/install/pubsub_challenge/share/pubsub_challenge/package.xml
[0.924s] Invoked command in '/home/omartinez/gsoc2023-jderobot/ros2_challenge/build/pubsub_challenge' returned '0': CMAKE_PREFIX_PATH=${CMAKE_PREFIX_PATH}:/opt/ros/humble /usr/bin/cmake --install /home/omartinez/gsoc2023-jderobot/ros2_challenge/build/pubsub_challenge
