-- Found ament_cmake: 1.3.3 (/opt/ros/humble/share/ament_cmake/cmake)
-- Override CMake install command with custom implementation using symlinks instead of copying resources
-- Found rclcpp: 16.0.3 (/opt/ros/humble/share/rclcpp/cmake)
-- Found rosidl_generator_c: 3.1.4 (/opt/ros/humble/share/rosidl_generator_c/cmake)
-- Found rosidl_adapter: 3.1.4 (/opt/ros/humble/share/rosidl_adapter/cmake)
-- Found rosidl_generator_cpp: 3.1.4 (/opt/ros/humble/share/rosidl_generator_cpp/cmake)
-- Using all available rosidl_typesupport_c: rosidl_typesupport_fastrtps_c;rosidl_typesupport_introspection_c
-- Using all available rosidl_typesupport_cpp: rosidl_typesupport_fastrtps_cpp;rosidl_typesupport_introspection_cpp
-- Found rmw_implementation_cmake: 6.1.1 (/opt/ros/humble/share/rmw_implementation_cmake/cmake)
-- Found rmw_cyclonedds_cpp: 1.3.4 (/opt/ros/humble/share/rmw_cyclonedds_cpp/cmake)
-- Using RMW implementation 'rmw_cyclonedds_cpp' as default
-- Found rclcpp_lifecycle: 16.0.3 (/opt/ros/humble/share/rclcpp_lifecycle/cmake)
-- Found rclcpp_action: 16.0.3 (/opt/ros/humble/share/rclcpp_action/cmake)
-- Found geometry_msgs: 4.2.3 (/opt/ros/humble/share/geometry_msgs/cmake)
-- Found nav2_msgs: 1.1.6 (/opt/ros/humble/share/nav2_msgs/cmake)
-- Found sensor_msgs: 4.2.3 (/opt/ros/humble/share/sensor_msgs/cmake)
-- ZeroMQ found.
-- Configuring done
-- Generating done
-- Build files have been written to: /home/omartinez/gsoc2023-jderobot/ros2_challenge/src/build/patrolling_example
[  8%] [32mBuilding CXX object CMakeFiles/patrolling_example.dir/src/patrolling_example_main.cpp.o[0m
[ 16%] [32mBuilding CXX object CMakeFiles/recharge_bt_node.dir/src/patrolling_example/Recharge.cpp.o[0m
[ 25%] [32mBuilding CXX object CMakeFiles/location_bt_node.dir/src/patrolling_example/Location.cpp.o[0m
[ 33%] [32mBuilding CXX object CMakeFiles/get_waypoint_bt_node.dir/src/patrolling_example/GetWaypoint.cpp.o[0m
[ 41%] [32mBuilding CXX object CMakeFiles/move_bt_node.dir/src/patrolling_example/Move.cpp.o[0m
[ 50%] [32mBuilding CXX object CMakeFiles/battery_checker_bt_node.dir/src/patrolling_example/BatteryChecker.cpp.o[0m
[ 58%] [32m[1mLinking CXX shared library librecharge_bt_node.so[0m
[ 58%] Built target recharge_bt_node
In file included from [01m[K/home/omartinez/gsoc2023-jderobot/ros2_challenge/src/patrolling_example/src/patrolling_example/Move.cpp:20[m[K:
[01m[K/home/omartinez/gsoc2023-jderobot/ros2_challenge/src/patrolling_example/include/patrolling_example/Move.hpp:30:53:[m[K [01;31m[Kerror: [m[Kexpected template-name before ‘[01m[K<[m[K’ token
   30 | class Move : public patrolling_example::BtActionNode[01;31m[K<[m[Knav2_msgs::action::NavigateToPose>
      |                                                     [01;31m[K^[m[K
[01m[K/home/omartinez/gsoc2023-jderobot/ros2_challenge/src/patrolling_example/include/patrolling_example/Move.hpp:30:53:[m[K [01;31m[Kerror: [m[Kexpected ‘[01m[K{[m[K’ before ‘[01m[K<[m[K’ token
[01m[K/home/omartinez/gsoc2023-jderobot/ros2_challenge/src/patrolling_example/include/patrolling_example/Move.hpp:30:53:[m[K [01;31m[Kerror: [m[Kexpected unqualified-id before ‘[01m[K<[m[K’ token
[01m[K/home/omartinez/gsoc2023-jderobot/ros2_challenge/src/patrolling_example/src/patrolling_example/Move.cpp:32:37:[m[K [01;31m[Kerror: [m[Kinvalid use of incomplete type ‘[01m[Kclass patrolling_example::Move[m[K’
   32 |   const BT::NodeConfiguration & conf[01;31m[K)[m[K
      |                                     [01;31m[K^[m[K
In file included from [01m[K/home/omartinez/gsoc2023-jderobot/ros2_challenge/src/patrolling_example/src/patrolling_example/Move.cpp:20[m[K:
[01m[K/home/omartinez/gsoc2023-jderobot/ros2_challenge/src/patrolling_example/include/patrolling_example/Move.hpp:30:7:[m[K [01;36m[Knote: [m[Kforward declaration of ‘[01m[Kclass patrolling_example::Move[m[K’
   30 | class [01;36m[KMove[m[K : public patrolling_example::BtActionNode<nav2_msgs::action::NavigateToPose>
      |       [01;36m[K^~~~[m[K
[01m[K/home/omartinez/gsoc2023-jderobot/ros2_challenge/src/patrolling_example/src/patrolling_example/Move.cpp:39:15:[m[K [01;31m[Kerror: [m[Kinvalid use of incomplete type ‘[01m[Kclass patrolling_example::Move[m[K’
   39 | Move::on_tick([01;31m[K)[m[K
      |               [01;31m[K^[m[K
In file included from [01m[K/home/omartinez/gsoc2023-jderobot/ros2_challenge/src/patrolling_example/src/patrolling_example/Move.cpp:20[m[K:
[01m[K/home/omartinez/gsoc2023-jderobot/ros2_challenge/src/patrolling_example/include/patrolling_example/Move.hpp:30:7:[m[K [01;36m[Knote: [m[Kforward declaration of ‘[01m[Kclass patrolling_example::Move[m[K’
   30 | class [01;36m[KMove[m[K : public patrolling_example::BtActionNode<nav2_msgs::action::NavigateToPose>
      |       [01;36m[K^~~~[m[K
[01m[K/home/omartinez/gsoc2023-jderobot/ros2_challenge/src/patrolling_example/src/patrolling_example/Move.cpp:48:18:[m[K [01;31m[Kerror: [m[Kinvalid use of incomplete type ‘[01m[Kclass patrolling_example::Move[m[K’
   48 | Move::on_success([01;31m[K)[m[K
      |                  [01;31m[K^[m[K
In file included from [01m[K/home/omartinez/gsoc2023-jderobot/ros2_challenge/src/patrolling_example/src/patrolling_example/Move.cpp:20[m[K:
[01m[K/home/omartinez/gsoc2023-jderobot/ros2_challenge/src/patrolling_example/include/patrolling_example/Move.hpp:30:7:[m[K [01;36m[Knote: [m[Kforward declaration of ‘[01m[Kclass patrolling_example::Move[m[K’
   30 | class [01;36m[KMove[m[K : public patrolling_example::BtActionNode<nav2_msgs::action::NavigateToPose>
      |       [01;36m[K^~~~[m[K
[01m[K/home/omartinez/gsoc2023-jderobot/ros2_challenge/src/patrolling_example/src/patrolling_example/Move.cpp:[m[K In function ‘[01m[Kvoid BT_RegisterNodesFromPlugin(BT::BehaviorTreeFactory&)[m[K’:
[01m[K/home/omartinez/gsoc2023-jderobot/ros2_challenge/src/patrolling_example/src/patrolling_example/Move.cpp:66:5:[m[K [01;31m[Kerror: [m[Kconversion from ‘[01m[KBT_RegisterNodesFromPlugin(BT::BehaviorTreeFactory&)::<lambda(const string&, const BT::NodeConfiguration&)>[m[K’ to non-scalar type ‘[01m[KBT::NodeBuilder[m[K’ {aka ‘[01m[Kstd::function<std::unique_ptr<BT::TreeNode>(const std::__cxx11::basic_string<char>&, const BT::NodeConfiguration&)>[m[K’} requested
   66 |     [01;31m[K}[m[K;
      |     [01;31m[K^[m[K
In file included from [01m[K/usr/include/c++/11/memory:76[m[K,
                 from [01m[K/home/omartinez/gsoc2023-jderobot/ros2_challenge/src/patrolling_example/src/patrolling_example/Move.cpp:18[m[K:
/usr/include/c++/11/bits/unique_ptr.h: In instantiation of ‘[01m[Ktypename std::_MakeUniq<_Tp>::__single_object std::make_unique(_Args&& ...) [with _Tp = patrolling_example::Move; _Args = {const std::__cxx11::basic_string<char, std::char_traits<char>, std::allocator<char> >&, const char (&)[17], const BT::NodeConfiguration&}; typename std::_MakeUniq<_Tp>::__single_object = std::unique_ptr<patrolling_example::Move, std::default_delete<patrolling_example::Move> >][m[K’:
[01m[K/home/omartinez/gsoc2023-jderobot/ros2_challenge/src/patrolling_example/src/patrolling_example/Move.cpp:64:56:[m[K   required from here
[01m[K/usr/include/c++/11/bits/unique_ptr.h:962:30:[m[K [01;31m[Kerror: [m[Kinvalid use of incomplete type ‘[01m[Kclass patrolling_example::Move[m[K’
  962 |     { return unique_ptr<_Tp>([01;31m[Knew _Tp(std::forward<_Args>(__args)...)[m[K); }
      |                              [01;31m[K^~~~~~~~~~~~~~~~~~~~~~~~~~~~~~~~~~~~~~~[m[K
In file included from [01m[K/home/omartinez/gsoc2023-jderobot/ros2_challenge/src/patrolling_example/src/patrolling_example/Move.cpp:20[m[K:
[01m[K/home/omartinez/gsoc2023-jderobot/ros2_challenge/src/patrolling_example/include/patrolling_example/Move.hpp:30:7:[m[K [01;36m[Knote: [m[Kforward declaration of ‘[01m[Kclass patrolling_example::Move[m[K’
   30 | class [01;36m[KMove[m[K : public patrolling_example::BtActionNode<nav2_msgs::action::NavigateToPose>
      |       [01;36m[K^~~~[m[K
[01m[K/home/omartinez/gsoc2023-jderobot/ros2_challenge/src/patrolling_example/src/patrolling_example/Location.cpp:[m[K In constructor ‘[01m[Kpatrolling_example::Location::Location(const string&, const BT::NodeConfiguration&)[m[K’:
[01m[K/home/omartinez/gsoc2023-jderobot/ros2_challenge/src/patrolling_example/src/patrolling_example/Location.cpp:39:3:[m[K [01;31m[Kerror: [m[K‘[01m[Kvel_pub_[m[K’ was not declared in this scope
   39 |   [01;31m[Kvel_pub_[m[K = node_->create_publisher<geometry_msgs::msg::Twist>("/output_vel", 100);
      |   [01;31m[K^~~~~~~~[m[K
[01m[K/home/omartinez/gsoc2023-jderobot/ros2_challenge/src/patrolling_example/src/patrolling_example/Location.cpp:40:3:[m[K [01;31m[Kerror: [m[K‘[01m[Ktag_pub_[m[K’ was not declared in this scope
   40 |   [01;31m[Ktag_pub_[m[K = node_->create_publisher<custom_interfaces::msg::TagInfo>("/tag_info", 100);
      |   [01;31m[K^~~~~~~~[m[K
[01m[K/home/omartinez/gsoc2023-jderobot/ros2_challenge/src/patrolling_example/src/patrolling_example/Location.cpp:40:38:[m[K [01;31m[Kerror: [m[K‘[01m[Kcustom_interfaces[m[K’ was not declared in this scope; did you mean ‘[01m[Kbuiltin_interfaces[m[K’?
   40 |   tag_pub_ = node_->create_publisher<[01;31m[Kcustom_interfaces[m[K::msg::TagInfo>("/tag_info", 100);
      |                                      [01;31m[K^~~~~~~~~~~~~~~~~[m[K
      |                                      [32m[Kbuiltin_interfaces[m[K
[01m[K/home/omartinez/gsoc2023-jderobot/ros2_challenge/src/patrolling_example/src/patrolling_example/Location.cpp:40:21:[m[K [01;31m[Kerror: [m[Kparse error in template argument list
   40 |   tag_pub_ = node_->[01;31m[Kcreate_publisher<custom_interfaces::msg::TagInfo>[m[K("/tag_info", 100);
      |                     [01;31m[K^~~~~~~~~~~~~~~~~~~~~~~~~~~~~~~~~~~~~~~~~~~~~~~~~[m[K
[01m[K/home/omartinez/gsoc2023-jderobot/ros2_challenge/src/patrolling_example/src/patrolling_example/Location.cpp:40:70:[m[K [01;31m[Kerror: [m[Kno matching function for call to ‘[01m[Krclcpp::Node::create_publisher<<expression error> >(const char [10], int)[m[K’
   40 |   tag_pub_ = [01;31m[Knode_->create_publisher<custom_interfaces::msg::TagInfo>("/tag_info", 100)[m[K;
      |              [01;31m[K~~~~~~~~~~~~~~~~~~~~~~~~~~~~~~~~~~~~~~~~~~~~~~~~~~~~~~~~^~~~~~~~~~~~~~~~~~[m[K
In file included from [01m[K/opt/ros/humble/include/rclcpp/rclcpp/node.hpp:1321[m[K,
                 from [01m[K/opt/ros/humble/include/rclcpp/rclcpp/executors/single_threaded_executor.hpp:28[m[K,
                 from [01m[K/opt/ros/humble/include/rclcpp/rclcpp/executors.hpp:22[m[K,
                 from [01m[K/opt/ros/humble/include/rclcpp/rclcpp/rclcpp.hpp:155[m[K,
                 from [01m[K/home/omartinez/gsoc2023-jderobot/ros2_challenge/src/patrolling_example/include/patrolling_example/Location.hpp:27[m[K,
                 from [01m[K/home/omartinez/gsoc2023-jderobot/ros2_challenge/src/patrolling_example/src/patrolling_example/Location.cpp:18[m[K:
[01m[K/opt/ros/humble/include/rclcpp/rclcpp/node_impl.hpp:73:1:[m[K [01;36m[Knote: [m[Kcandidate: ‘[01m[Ktemplate<class MessageT, class AllocatorT, class PublisherT> std::shared_ptr<PublisherT> rclcpp::Node::create_publisher(const string&, const rclcpp::QoS&, const rclcpp::PublisherOptionsWithAllocator<AllocatorT>&)[m[K’
   73 | [01;36m[KNode[m[K::create_publisher(
      | [01;36m[K^~~~[m[K
[01m[K/opt/ros/humble/include/rclcpp/rclcpp/node_impl.hpp:73:1:[m[K [01;36m[Knote: [m[K  template argument deduction/substitution failed:
[01m[K/home/omartinez/gsoc2023-jderobot/ros2_challenge/src/patrolling_example/src/patrolling_example/Location.cpp:40:70:[m[K [01;31m[Kerror: [m[Ktemplate argument 1 is invalid
   40 |   tag_pub_ = [01;31m[Knode_->create_publisher<custom_interfaces::msg::TagInfo>("/tag_info", 100)[m[K;
      |              [01;31m[K~~~~~~~~~~~~~~~~~~~~~~~~~~~~~~~~~~~~~~~~~~~~~~~~~~~~~~~~^~~~~~~~~~~~~~~~~~[m[K
[01m[K/home/omartinez/gsoc2023-jderobot/ros2_challenge/src/patrolling_example/src/patrolling_example/Location.cpp:41:3:[m[K [01;31m[Kerror: [m[K‘[01m[Kloc_sub_[m[K’ was not declared in this scope
   41 |   [01;31m[Kloc_sub_[m[K = node_->create_subscription<geometry_msgs::msg::PoseWithCovarianceStamped>(
      |   [01;31m[K^~~~~~~~[m[K
[01m[K/home/omartinez/gsoc2023-jderobot/ros2_challenge/src/patrolling_example/src/patrolling_example/Location.cpp:41:61:[m[K [01;31m[Kerror: [m[K‘[01m[KPoseWithCovarianceStamped[m[K’ is not a member of ‘[01m[Kgeometry_msgs::msg[m[K’
   41 |   loc_sub_ = node_->create_subscription<geometry_msgs::msg::[01;31m[KPoseWithCovarianceStamped[m[K>(
      |                                                             [01;31m[K^~~~~~~~~~~~~~~~~~~~~~~~~[m[K
[01m[K/home/omartinez/gsoc2023-jderobot/ros2_challenge/src/patrolling_example/src/patrolling_example/Location.cpp:43:26:[m[K [01;31m[Kerror: [m[K‘[01m[Kloc_callback[m[K’ is not a member of ‘[01m[Kpatrolling_example::Location[m[K’
   43 |     std::bind(&Location::[01;31m[Kloc_callback[m[K, this, std::placeholders::_1));
      |                          [01;31m[K^~~~~~~~~~~~[m[K
In file included from [01m[K/usr/include/c++/11/memory:76[m[K,
                 from [01m[K/home/omartinez/gsoc2023-jderobot/ros2_challenge/src/patrolling_example/src/patrolling_example/Move.cpp:18[m[K:
/usr/include/c++/11/bits/unique_ptr.h: In instantiation of ‘[01m[Kvoid std::default_delete<_Tp>::operator()(_Tp*) const [with _Tp = patrolling_example::Move][m[K’:
[01m[K/usr/include/c++/11/bits/unique_ptr.h:361:17:[m[K   required from ‘[01m[Kstd::unique_ptr<_Tp, _Dp>::~unique_ptr() [with _Tp = patrolling_example::Move; _Dp = std::default_delete<patrolling_example::Move>][m[K’
[01m[K/home/omartinez/gsoc2023-jderobot/ros2_challenge/src/patrolling_example/src/patrolling_example/Move.cpp:64:56:[m[K   required from here
[01m[K/usr/include/c++/11/bits/unique_ptr.h:83:23:[m[K [01;31m[Kerror: [m[Kinvalid application of ‘[01m[Ksizeof[m[K’ to incomplete type ‘[01m[Kpatrolling_example::Move[m[K’
   83 |         static_assert([01;31m[Ksizeof(_Tp)[m[K>0,
      |                       [01;31m[K^~~~~~~~~~~[m[K
[01m[K/home/omartinez/gsoc2023-jderobot/ros2_challenge/src/patrolling_example/src/patrolling_example/Location.cpp:45:3:[m[K [01;31m[Kerror: [m[K‘[01m[Ksrv_client_[m[K’ was not declared in this scope; did you mean ‘[01m[Krmw_client_t[m[K’?
   45 |   [01;31m[Ksrv_client_[m[K = node_->create_client<custom_interfaces::srv::RfidSim>("rfid_sim");
      |   [01;31m[K^~~~~~~~~~~[m[K
      |   [32m[Krmw_client_t[m[K
[01m[K/home/omartinez/gsoc2023-jderobot/ros2_challenge/src/patrolling_example/src/patrolling_example/Location.cpp:45:24:[m[K [01;31m[Kerror: [m[Kparse error in template argument list
   45 |   srv_client_ = node_->[01;31m[Kcreate_client<custom_interfaces::srv::RfidSim>[m[K("rfid_sim");
      |                        [01;31m[K^~~~~~~~~~~~~~~~~~~~~~~~~~~~~~~~~~~~~~~~~~~~~~[m[K
[01m[K/home/omartinez/gsoc2023-jderobot/ros2_challenge/src/patrolling_example/src/patrolling_example/Location.cpp:45:70:[m[K [01;31m[Kerror: [m[Kno matching function for call to ‘[01m[Krclcpp::Node::create_client<custom_interfaces>(const char [9])[m[K’
   45 |   srv_client_ = [01;31m[Knode_->create_client<custom_interfaces::srv::RfidSim>("rfid_sim")[m[K;
      |                 [01;31m[K~~~~~~~~~~~~~~~~~~~~~~~~~~~~~~~~~~~~~~~~~~~~~~~~~~~~~^~~~~~~~~~~~[m[K
In file included from [01m[K/opt/ros/humble/include/rclcpp/rclcpp/executors/single_threaded_executor.hpp:28[m[K,
                 from [01m[K/opt/ros/humble/include/rclcpp/rclcpp/executors.hpp:22[m[K,
                 from [01m[K/opt/ros/humble/include/rclcpp/rclcpp/rclcpp.hpp:155[m[K,
                 from [01m[K/home/omartinez/gsoc2023-jderobot/ros2_challenge/src/patrolling_example/include/patrolling_example/Location.hpp:27[m[K,
                 from [01m[K/home/omartinez/gsoc2023-jderobot/ros2_challenge/src/patrolling_example/src/patrolling_example/Location.cpp:18[m[K:
[01m[K/opt/ros/humble/include/rclcpp/rclcpp/node.hpp:252:3:[m[K [01;36m[Knote: [m[Kcandidate: ‘[01m[Ktemplate<class ServiceT> typename rclcpp::Client<ServiceT>::SharedPtr rclcpp::Node::create_client(const string&, const rmw_qos_profile_t&, rclcpp::CallbackGroup::SharedPtr)[m[K’
  252 |   [01;36m[Kcreate_client[m[K(
      |   [01;36m[K^~~~~~~~~~~~~[m[K
[01m[K/opt/ros/humble/include/rclcpp/rclcpp/node.hpp:252:3:[m[K [01;36m[Knote: [m[K  template argument deduction/substitution failed:
In file included from [01m[K/usr/include/c++/11/bits/move.h:57[m[K,
                 from [01m[K/usr/include/c++/11/bits/stl_pair.h:59[m[K,
                 from [01m[K/usr/include/c++/11/bits/stl_algobase.h:64[m[K,
                 from [01m[K/usr/include/c++/11/bits/char_traits.h:39[m[K,
                 from [01m[K/usr/include/c++/11/string:40[m[K,
                 from [01m[K/home/omartinez/gsoc2023-jderobot/ros2_challenge/src/patrolling_example/src/patrolling_example/Move.cpp:15[m[K:
/usr/include/c++/11/type_traits: In instantiation of ‘[01m[Kstruct std::is_base_of<BT::ActionNodeBase, patrolling_example::Move>[m[K’:
[01m[K/opt/ros/humble/include/behaviortree_cpp_v3/behavior_tree.h:83:45:[m[K   required from ‘[01m[KBT::NodeType BT::getType() [with T = patrolling_example::Move][m[K’
[01m[K/opt/ros/humble/include/behaviortree_cpp_v3/bt_factory.h:81:21:[m[K   required from ‘[01m[KBT::TreeNodeManifest BT::CreateManifest(const string&, BT::PortsList) [with T = patrolling_example::Move; std::string = std::__cxx11::basic_string<char>; BT::PortsList = std::unordered_map<std::__cxx11::basic_string<char>, BT::PortInfo>][m[K’
[01m[K/opt/ros/humble/include/behaviortree_cpp_v3/bt_factory.h:269:38:[m[K   required from ‘[01m[Kvoid BT::BehaviorTreeFactory::registerBuilder(const string&, const NodeBuilder&) [with T = patrolling_example::Move; std::string = std::__cxx11::basic_string<char>; BT::NodeBuilder = std::function<std::unique_ptr<BT::TreeNode>(const std::__cxx11::basic_string<char>&, const BT::NodeConfiguration&)>][m[K’
[01m[K/home/omartinez/gsoc2023-jderobot/ros2_challenge/src/patrolling_example/src/patrolling_example/Move.cpp:68:52:[m[K   required from here
[01m[K/usr/include/c++/11/type_traits:1422:38:[m[K [01;31m[Kerror: [m[Kinvalid use of incomplete type ‘[01m[Kclass patrolling_example::Move[m[K’
 1422 |     : public integral_constant<bool, [01;31m[K__is_base_of(_Base, _Derived)[m[K>
      |                                      [01;31m[K^~~~~~~~~~~~~~~~~~~~~~~~~~~~~[m[K
In file included from [01m[K/home/omartinez/gsoc2023-jderobot/ros2_challenge/src/patrolling_example/src/patrolling_example/Move.cpp:20[m[K:
[01m[K/home/omartinez/gsoc2023-jderobot/ros2_challenge/src/patrolling_example/include/patrolling_example/Move.hpp:30:7:[m[K [01;36m[Knote: [m[Kforward declaration of ‘[01m[Kclass patrolling_example::Move[m[K’
   30 | class [01;36m[KMove[m[K : public patrolling_example::BtActionNode<nav2_msgs::action::NavigateToPose>
      |       [01;36m[K^~~~[m[K
In file included from [01m[K/home/omartinez/gsoc2023-jderobot/ros2_challenge/src/patrolling_example/include/patrolling_example/Move.hpp:24[m[K,
                 from [01m[K/home/omartinez/gsoc2023-jderobot/ros2_challenge/src/patrolling_example/src/patrolling_example/Move.cpp:20[m[K:
/opt/ros/humble/include/behaviortree_cpp_v3/behavior_tree.h: In instantiation of ‘[01m[KBT::NodeType BT::getType() [with T = patrolling_example::Move][m[K’:
[01m[K/opt/ros/humble/include/behaviortree_cpp_v3/bt_factory.h:81:21:[m[K   required from ‘[01m[KBT::TreeNodeManifest BT::CreateManifest(const string&, BT::PortsList) [with T = patrolling_example::Move; std::string = std::__cxx11::basic_string<char>; BT::PortsList = std::unordered_map<std::__cxx11::basic_string<char>, BT::PortInfo>][m[K’
[01m[K/opt/ros/humble/include/behaviortree_cpp_v3/bt_factory.h:269:38:[m[K   required from ‘[01m[Kvoid BT::BehaviorTreeFactory::registerBuilder(const string&, const NodeBuilder&) [with T = patrolling_example::Move; std::string = std::__cxx11::basic_string<char>; BT::NodeBuilder = std::function<std::unique_ptr<BT::TreeNode>(const std::__cxx11::basic_string<char>&, const BT::NodeConfiguration&)>][m[K’
[01m[K/home/omartinez/gsoc2023-jderobot/ros2_challenge/src/patrolling_example/src/patrolling_example/Move.cpp:68:52:[m[K   required from here
[01m[K/opt/ros/humble/include/behaviortree_cpp_v3/behavior_tree.h:83:45:[m[K [01;31m[Kerror: [m[K‘[01m[Kvalue[m[K’ is not a member of ‘[01m[Kstd::is_base_of<BT::ActionNodeBase, patrolling_example::Move>[m[K’
   83 |     if( std::is_base_of<ActionNodeBase, T>::[01;31m[Kvalue[m[K )        return NodeType::ACTION;
      |                                             [01;31m[K^~~~~[m[K
In file included from [01m[K/usr/include/c++/11/bits/move.h:57[m[K,
                 from [01m[K/usr/include/c++/11/bits/stl_pair.h:59[m[K,
                 from [01m[K/usr/include/c++/11/bits/stl_algobase.h:64[m[K,
                 from [01m[K/usr/include/c++/11/bits/char_traits.h:39[m[K,
                 from [01m[K/usr/include/c++/11/string:40[m[K,
                 from [01m[K/home/omartinez/gsoc2023-jderobot/ros2_challenge/src/patrolling_example/src/patrolling_example/Move.cpp:15[m[K:
/usr/include/c++/11/type_traits: In instantiation of ‘[01m[Kstruct std::is_base_of<BT::ConditionNode, patrolling_example::Move>[m[K’:
[01m[K/opt/ros/humble/include/behaviortree_cpp_v3/behavior_tree.h:84:44:[m[K   required from ‘[01m[KBT::NodeType BT::getType() [with T = patrolling_example::Move][m[K’
[01m[K/opt/ros/humble/include/behaviortree_cpp_v3/bt_factory.h:81:21:[m[K   required from ‘[01m[KBT::TreeNodeManifest BT::CreateManifest(const string&, BT::PortsList) [with T = patrolling_example::Move; std::string = std::__cxx11::basic_string<char>; BT::PortsList = std::unordered_map<std::__cxx11::basic_string<char>, BT::PortInfo>][m[K’
[01m[K/opt/ros/humble/include/behaviortree_cpp_v3/bt_factory.h:269:38:[m[K   required from ‘[01m[Kvoid BT::BehaviorTreeFactory::registerBuilder(const string&, const NodeBuilder&) [with T = patrolling_example::Move; std::string = std::__cxx11::basic_string<char>; BT::NodeBuilder = std::function<std::unique_ptr<BT::TreeNode>(const std::__cxx11::basic_string<char>&, const BT::NodeConfiguration&)>][m[K’
[01m[K/home/omartinez/gsoc2023-jderobot/ros2_challenge/src/patrolling_example/src/patrolling_example/Move.cpp:68:52:[m[K   required from here
[01m[K/usr/include/c++/11/type_traits:1422:38:[m[K [01;31m[Kerror: [m[Kinvalid use of incomplete type ‘[01m[Kclass patrolling_example::Move[m[K’
 1422 |     : public integral_constant<bool, [01;31m[K__is_base_of(_Base, _Derived)[m[K>
      |                                      [01;31m[K^~~~~~~~~~~~~~~~~~~~~~~~~~~~~[m[K
In file included from [01m[K/home/omartinez/gsoc2023-jderobot/ros2_challenge/src/patrolling_example/src/patrolling_example/Move.cpp:20[m[K:
[01m[K/home/omartinez/gsoc2023-jderobot/ros2_challenge/src/patrolling_example/include/patrolling_example/Move.hpp:30:7:[m[K [01;36m[Knote: [m[Kforward declaration of ‘[01m[Kclass patrolling_example::Move[m[K’
   30 | class [01;36m[KMove[m[K : public patrolling_example::BtActionNode<nav2_msgs::action::NavigateToPose>
      |       [01;36m[K^~~~[m[K
In file included from [01m[K/home/omartinez/gsoc2023-jderobot/ros2_challenge/src/patrolling_example/include/patrolling_example/Move.hpp:24[m[K,
                 from [01m[K/home/omartinez/gsoc2023-jderobot/ros2_challenge/src/patrolling_example/src/patrolling_example/Move.cpp:20[m[K:
/opt/ros/humble/include/behaviortree_cpp_v3/behavior_tree.h: In instantiation of ‘[01m[KBT::NodeType BT::getType() [with T = patrolling_example::Move][m[K’:
[01m[K/opt/ros/humble/include/behaviortree_cpp_v3/bt_factory.h:81:21:[m[K   required from ‘[01m[KBT::TreeNodeManifest BT::CreateManifest(const string&, BT::PortsList) [with T = patrolling_example::Move; std::string = std::__cxx11::basic_string<char>; BT::PortsList = std::unordered_map<std::__cxx11::basic_string<char>, BT::PortInfo>][m[K’
[01m[K/opt/ros/humble/include/behaviortree_cpp_v3/bt_factory.h:269:38:[m[K   required from ‘[01m[Kvoid BT::BehaviorTreeFactory::registerBuilder(const string&, const NodeBuilder&) [with T = patrolling_example::Move; std::string = std::__cxx11::basic_string<char>; BT::NodeBuilder = std::function<std::unique_ptr<BT::TreeNode>(const std::__cxx11::basic_string<char>&, const BT::NodeConfiguration&)>][m[K’
[01m[K/home/omartinez/gsoc2023-jderobot/ros2_challenge/src/patrolling_example/src/patrolling_example/Move.cpp:68:52:[m[K   required from here
[01m[K/opt/ros/humble/include/behaviortree_cpp_v3/behavior_tree.h:84:44:[m[K [01;31m[Kerror: [m[K‘[01m[Kvalue[m[K’ is not a member of ‘[01m[Kstd::is_base_of<BT::ConditionNode, patrolling_example::Move>[m[K’
   84 |     if( std::is_base_of<ConditionNode, T>::[01;31m[Kvalue[m[K )         return NodeType::CONDITION;
      |                                            [01;31m[K^~~~~[m[K
In file included from [01m[K/usr/include/c++/11/bits/move.h:57[m[K,
                 from [01m[K/usr/include/c++/11/bits/stl_pair.h:59[m[K,
                 from [01m[K/usr/include/c++/11/bits/stl_algobase.h:64[m[K,
                 from [01m[K/usr/include/c++/11/bits/char_traits.h:39[m[K,
                 from [01m[K/usr/include/c++/11/string:40[m[K,
                 from [01m[K/home/omartinez/gsoc2023-jderobot/ros2_challenge/src/patrolling_example/src/patrolling_example/Move.cpp:15[m[K:
/usr/include/c++/11/type_traits: In instantiation of ‘[01m[Kstruct std::is_base_of<BT::SubtreeNode, patrolling_example::Move>[m[K’:
[01m[K/opt/ros/humble/include/behaviortree_cpp_v3/behavior_tree.h:85:42:[m[K   required from ‘[01m[KBT::NodeType BT::getType() [with T = patrolling_example::Move][m[K’
[01m[K/opt/ros/humble/include/behaviortree_cpp_v3/bt_factory.h:81:21:[m[K   required from ‘[01m[KBT::TreeNodeManifest BT::CreateManifest(const string&, BT::PortsList) [with T = patrolling_example::Move; std::string = std::__cxx11::basic_string<char>; BT::PortsList = std::unordered_map<std::__cxx11::basic_string<char>, BT::PortInfo>][m[K’
[01m[K/opt/ros/humble/include/behaviortree_cpp_v3/bt_factory.h:269:38:[m[K   required from ‘[01m[Kvoid BT::BehaviorTreeFactory::registerBuilder(const string&, const NodeBuilder&) [with T = patrolling_example::Move; std::string = std::__cxx11::basic_string<char>; BT::NodeBuilder = std::function<std::unique_ptr<BT::TreeNode>(const std::__cxx11::basic_string<char>&, const BT::NodeConfiguration&)>][m[K’
[01m[K/home/omartinez/gsoc2023-jderobot/ros2_challenge/src/patrolling_example/src/patrolling_example/Move.cpp:68:52:[m[K   required from here
[01m[K/usr/include/c++/11/type_traits:1422:38:[m[K [01;31m[Kerror: [m[Kinvalid use of incomplete type ‘[01m[Kclass patrolling_example::Move[m[K’
 1422 |     : public integral_constant<bool, [01;31m[K__is_base_of(_Base, _Derived)[m[K>
      |                                      [01;31m[K^~~~~~~~~~~~~~~~~~~~~~~~~~~~~[m[K
In file included from [01m[K/home/omartinez/gsoc2023-jderobot/ros2_challenge/src/patrolling_example/src/patrolling_example/Move.cpp:20[m[K:
[01m[K/home/omartinez/gsoc2023-jderobot/ros2_challenge/src/patrolling_example/include/patrolling_example/Move.hpp:30:7:[m[K [01;36m[Knote: [m[Kforward declaration of ‘[01m[Kclass patrolling_example::Move[m[K’
   30 | class [01;36m[KMove[m[K : public patrolling_example::BtActionNode<nav2_msgs::action::NavigateToPose>
      |       [01;36m[K^~~~[m[K
In file included from [01m[K/home/omartinez/gsoc2023-jderobot/ros2_challenge/src/patrolling_example/include/patrolling_example/Move.hpp:24[m[K,
                 from [01m[K/home/omartinez/gsoc2023-jderobot/ros2_challenge/src/patrolling_example/src/patrolling_example/Move.cpp:20[m[K:
/opt/ros/humble/include/behaviortree_cpp_v3/behavior_tree.h: In instantiation of ‘[01m[KBT::NodeType BT::getType() [with T = patrolling_example::Move][m[K’:
[01m[K/opt/ros/humble/include/behaviortree_cpp_v3/bt_factory.h:81:21:[m[K   required from ‘[01m[KBT::TreeNodeManifest BT::CreateManifest(const string&, BT::PortsList) [with T = patrolling_example::Move; std::string = std::__cxx11::basic_string<char>; BT::PortsList = std::unordered_map<std::__cxx11::basic_string<char>, BT::PortInfo>][m[K’
[01m[K/opt/ros/humble/include/behaviortree_cpp_v3/bt_factory.h:269:38:[m[K   required from ‘[01m[Kvoid BT::BehaviorTreeFactory::registerBuilder(const string&, const NodeBuilder&) [with T = patrolling_example::Move; std::string = std::__cxx11::basic_string<char>; BT::NodeBuilder = std::function<std::unique_ptr<BT::TreeNode>(const std::__cxx11::basic_string<char>&, const BT::NodeConfiguration&)>][m[K’
[01m[K/home/omartinez/gsoc2023-jderobot/ros2_challenge/src/patrolling_example/src/patrolling_example/Move.cpp:68:52:[m[K   required from here
[01m[K/opt/ros/humble/include/behaviortree_cpp_v3/behavior_tree.h:85:42:[m[K [01;31m[Kerror: [m[K‘[01m[Kvalue[m[K’ is not a member of ‘[01m[Kstd::is_base_of<BT::SubtreeNode, patrolling_example::Move>[m[K’
   85 |     if( std::is_base_of<SubtreeNode, T>::[01;31m[Kvalue[m[K )           return NodeType::SUBTREE;
      |                                          [01;31m[K^~~~~[m[K
In file included from [01m[K/usr/include/c++/11/bits/move.h:57[m[K,
                 from [01m[K/usr/include/c++/11/bits/stl_pair.h:59[m[K,
                 from [01m[K/usr/include/c++/11/bits/stl_algobase.h:64[m[K,
                 from [01m[K/usr/include/c++/11/bits/char_traits.h:39[m[K,
                 from [01m[K/usr/include/c++/11/string:40[m[K,
                 from [01m[K/home/omartinez/gsoc2023-jderobot/ros2_challenge/src/patrolling_example/src/patrolling_example/Move.cpp:15[m[K:
/usr/include/c++/11/type_traits: In instantiation of ‘[01m[Kstruct std::is_base_of<BT::SubtreePlusNode, patrolling_example::Move>[m[K’:
[01m[K/opt/ros/humble/include/behaviortree_cpp_v3/behavior_tree.h:86:46:[m[K   required from ‘[01m[KBT::NodeType BT::getType() [with T = patrolling_example::Move][m[K’
[01m[K/opt/ros/humble/include/behaviortree_cpp_v3/bt_factory.h:81:21:[m[K   required from ‘[01m[KBT::TreeNodeManifest BT::CreateManifest(const string&, BT::PortsList) [with T = patrolling_example::Move; std::string = std::__cxx11::basic_string<char>; BT::PortsList = std::unordered_map<std::__cxx11::basic_string<char>, BT::PortInfo>][m[K’
[01m[K/opt/ros/humble/include/behaviortree_cpp_v3/bt_factory.h:269:38:[m[K   required from ‘[01m[Kvoid BT::BehaviorTreeFactory::registerBuilder(const string&, const NodeBuilder&) [with T = patrolling_example::Move; std::string = std::__cxx11::basic_string<char>; BT::NodeBuilder = std::function<std::unique_ptr<BT::TreeNode>(const std::__cxx11::basic_string<char>&, const BT::NodeConfiguration&)>][m[K’
[01m[K/home/omartinez/gsoc2023-jderobot/ros2_challenge/src/patrolling_example/src/patrolling_example/Move.cpp:68:52:[m[K   required from here
[01m[K/usr/include/c++/11/type_traits:1422:38:[m[K [01;31m[Kerror: [m[Kinvalid use of incomplete type ‘[01m[Kclass patrolling_example::Move[m[K’
 1422 |     : public integral_constant<bool, [01;31m[K__is_base_of(_Base, _Derived)[m[K>
      |                                      [01;31m[K^~~~~~~~~~~~~~~~~~~~~~~~~~~~~[m[K
In file included from [01m[K/home/omartinez/gsoc2023-jderobot/ros2_challenge/src/patrolling_example/src/patrolling_example/Move.cpp:20[m[K:
[01m[K/home/omartinez/gsoc2023-jderobot/ros2_challenge/src/patrolling_example/include/patrolling_example/Move.hpp:30:7:[m[K [01;36m[Knote: [m[Kforward declaration of ‘[01m[Kclass patrolling_example::Move[m[K’
   30 | class [01;36m[KMove[m[K : public patrolling_example::BtActionNode<nav2_msgs::action::NavigateToPose>
      |       [01;36m[K^~~~[m[K
In file included from [01m[K/home/omartinez/gsoc2023-jderobot/ros2_challenge/src/patrolling_example/include/patrolling_example/Move.hpp:24[m[K,
                 from [01m[K/home/omartinez/gsoc2023-jderobot/ros2_challenge/src/patrolling_example/src/patrolling_example/Move.cpp:20[m[K:
/opt/ros/humble/include/behaviortree_cpp_v3/behavior_tree.h: In instantiation of ‘[01m[KBT::NodeType BT::getType() [with T = patrolling_example::Move][m[K’:
[01m[K/opt/ros/humble/include/behaviortree_cpp_v3/bt_factory.h:81:21:[m[K   required from ‘[01m[KBT::TreeNodeManifest BT::CreateManifest(const string&, BT::PortsList) [with T = patrolling_example::Move; std::string = std::__cxx11::basic_string<char>; BT::PortsList = std::unordered_map<std::__cxx11::basic_string<char>, BT::PortInfo>][m[K’
[01m[K/opt/ros/humble/include/behaviortree_cpp_v3/bt_factory.h:269:38:[m[K   required from ‘[01m[Kvoid BT::BehaviorTreeFactory::registerBuilder(const string&, const NodeBuilder&) [with T = patrolling_example::Move; std::string = std::__cxx11::basic_string<char>; BT::NodeBuilder = std::function<std::unique_ptr<BT::TreeNode>(const std::__cxx11::basic_string<char>&, const BT::NodeConfiguration&)>][m[K’
[01m[K/home/omartinez/gsoc2023-jderobot/ros2_challenge/src/patrolling_example/src/patrolling_example/Move.cpp:68:52:[m[K   required from here
[01m[K/opt/ros/humble/include/behaviortree_cpp_v3/behavior_tree.h:86:46:[m[K [01;31m[Kerror: [m[K‘[01m[Kvalue[m[K’ is not a member of ‘[01m[Kstd::is_base_of<BT::SubtreePlusNode, patrolling_example::Move>[m[K’
   86 |     if( std::is_base_of<SubtreePlusNode, T>::[01;31m[Kvalue[m[K )       return NodeType::SUBTREE;
      |                                              [01;31m[K^~~~~[m[K
In file included from [01m[K/usr/include/c++/11/bits/move.h:57[m[K,
                 from [01m[K/usr/include/c++/11/bits/stl_pair.h:59[m[K,
                 from [01m[K/usr/include/c++/11/bits/stl_algobase.h:64[m[K,
                 from [01m[K/usr/include/c++/11/bits/char_traits.h:39[m[K,
                 from [01m[K/usr/include/c++/11/string:40[m[K,
                 from [01m[K/home/omartinez/gsoc2023-jderobot/ros2_challenge/src/patrolling_example/src/patrolling_example/Move.cpp:15[m[K:
/usr/include/c++/11/type_traits: In instantiation of ‘[01m[Kstruct std::is_base_of<BT::DecoratorNode, patrolling_example::Move>[m[K’:
[01m[K/opt/ros/humble/include/behaviortree_cpp_v3/behavior_tree.h:87:44:[m[K   required from ‘[01m[KBT::NodeType BT::getType() [with T = patrolling_example::Move][m[K’
[01m[K/opt/ros/humble/include/behaviortree_cpp_v3/bt_factory.h:81:21:[m[K   required from ‘[01m[KBT::TreeNodeManifest BT::CreateManifest(const string&, BT::PortsList) [with T = patrolling_example::Move; std::string = std::__cxx11::basic_string<char>; BT::PortsList = std::unordered_map<std::__cxx11::basic_string<char>, BT::PortInfo>][m[K’
[01m[K/opt/ros/humble/include/behaviortree_cpp_v3/bt_factory.h:269:38:[m[K   required from ‘[01m[Kvoid BT::BehaviorTreeFactory::registerBuilder(const string&, const NodeBuilder&) [with T = patrolling_example::Move; std::string = std::__cxx11::basic_string<char>; BT::NodeBuilder = std::function<std::unique_ptr<BT::TreeNode>(const std::__cxx11::basic_string<char>&, const BT::NodeConfiguration&)>][m[K’
[01m[K/home/omartinez/gsoc2023-jderobot/ros2_challenge/src/patrolling_example/src/patrolling_example/Move.cpp:68:52:[m[K   required from here
[01m[K/usr/include/c++/11/type_traits:1422:38:[m[K [01;31m[Kerror: [m[Kinvalid use of incomplete type ‘[01m[Kclass patrolling_example::Move[m[K’
 1422 |     : public integral_constant<bool, [01;31m[K__is_base_of(_Base, _Derived)[m[K>
      |                                      [01;31m[K^~~~~~~~~~~~~~~~~~~~~~~~~~~~~[m[K
In file included from [01m[K/home/omartinez/gsoc2023-jderobot/ros2_challenge/src/patrolling_example/src/patrolling_example/Move.cpp:20[m[K:
[01m[K/home/omartinez/gsoc2023-jderobot/ros2_challenge/src/patrolling_example/include/patrolling_example/Move.hpp:30:7:[m[K [01;36m[Knote: [m[Kforward declaration of ‘[01m[Kclass patrolling_example::Move[m[K’
   30 | class [01;36m[KMove[m[K : public patrolling_example::BtActionNode<nav2_msgs::action::NavigateToPose>
      |       [01;36m[K^~~~[m[K
In file included from [01m[K/home/omartinez/gsoc2023-jderobot/ros2_challenge/src/patrolling_example/include/patrolling_example/Move.hpp:24[m[K,
                 from [01m[K/home/omartinez/gsoc2023-jderobot/ros2_challenge/src/patrolling_example/src/patrolling_example/Move.cpp:20[m[K:
/opt/ros/humble/include/behaviortree_cpp_v3/behavior_tree.h: In instantiation of ‘[01m[KBT::NodeType BT::getType() [with T = patrolling_example::Move][m[K’:
[01m[K/opt/ros/humble/include/behaviortree_cpp_v3/bt_factory.h:81:21:[m[K   required from ‘[01m[KBT::TreeNodeManifest BT::CreateManifest(const string&, BT::PortsList) [with T = patrolling_example::Move; std::string = std::__cxx11::basic_string<char>; BT::PortsList = std::unordered_map<std::__cxx11::basic_string<char>, BT::PortInfo>][m[K’
[01m[K/opt/ros/humble/include/behaviortree_cpp_v3/bt_factory.h:269:38:[m[K   required from ‘[01m[Kvoid BT::BehaviorTreeFactory::registerBuilder(const string&, const NodeBuilder&) [with T = patrolling_example::Move; std::string = std::__cxx11::basic_string<char>; BT::NodeBuilder = std::function<std::unique_ptr<BT::TreeNode>(const std::__cxx11::basic_string<char>&, const BT::NodeConfiguration&)>][m[K’
[01m[K/home/omartinez/gsoc2023-jderobot/ros2_challenge/src/patrolling_example/src/patrolling_example/Move.cpp:68:52:[m[K   required from here
[01m[K/opt/ros/humble/include/behaviortree_cpp_v3/behavior_tree.h:87:44:[m[K [01;31m[Kerror: [m[K‘[01m[Kvalue[m[K’ is not a member of ‘[01m[Kstd::is_base_of<BT::DecoratorNode, patrolling_example::Move>[m[K’
   87 |     if( std::is_base_of<DecoratorNode, T>::[01;31m[Kvalue[m[K )         return NodeType::DECORATOR;
      |                                            [01;31m[K^~~~~[m[K
In file included from [01m[K/usr/include/c++/11/bits/move.h:57[m[K,
                 from [01m[K/usr/include/c++/11/bits/stl_pair.h:59[m[K,
                 from [01m[K/usr/include/c++/11/bits/stl_algobase.h:64[m[K,
                 from [01m[K/usr/include/c++/11/bits/char_traits.h:39[m[K,
                 from [01m[K/usr/include/c++/11/string:40[m[K,
                 from [01m[K/home/omartinez/gsoc2023-jderobot/ros2_challenge/src/patrolling_example/src/patrolling_example/Move.cpp:15[m[K:
/usr/include/c++/11/type_traits: In instantiation of ‘[01m[Kstruct std::is_base_of<BT::ControlNode, patrolling_example::Move>[m[K’:
[01m[K/opt/ros/humble/include/behaviortree_cpp_v3/behavior_tree.h:88:42:[m[K   required from ‘[01m[KBT::NodeType BT::getType() [with T = patrolling_example::Move][m[K’
[01m[K/opt/ros/humble/include/behaviortree_cpp_v3/bt_factory.h:81:21:[m[K   required from ‘[01m[KBT::TreeNodeManifest BT::CreateManifest(const string&, BT::PortsList) [with T = patrolling_example::Move; std::string = std::__cxx11::basic_string<char>; BT::PortsList = std::unordered_map<std::__cxx11::basic_string<char>, BT::PortInfo>][m[K’
[01m[K/opt/ros/humble/include/behaviortree_cpp_v3/bt_factory.h:269:38:[m[K   required from ‘[01m[Kvoid BT::BehaviorTreeFactory::registerBuilder(const string&, const NodeBuilder&) [with T = patrolling_example::Move; std::string = std::__cxx11::basic_string<char>; BT::NodeBuilder = std::function<std::unique_ptr<BT::TreeNode>(const std::__cxx11::basic_string<char>&, const BT::NodeConfiguration&)>][m[K’
[01m[K/home/omartinez/gsoc2023-jderobot/ros2_challenge/src/patrolling_example/src/patrolling_example/Move.cpp:68:52:[m[K   required from here
[01m[K/usr/include/c++/11/type_traits:1422:38:[m[K [01;31m[Kerror: [m[Kinvalid use of incomplete type ‘[01m[Kclass patrolling_example::Move[m[K’
 1422 |     : public integral_constant<bool, [01;31m[K__is_base_of(_Base, _Derived)[m[K>
      |                                      [01;31m[K^~~~~~~~~~~~~~~~~~~~~~~~~~~~~[m[K
In file included from [01m[K/home/omartinez/gsoc2023-jderobot/ros2_challenge/src/patrolling_example/src/patrolling_example/Move.cpp:20[m[K:
[01m[K/home/omartinez/gsoc2023-jderobot/ros2_challenge/src/patrolling_example/include/patrolling_example/Move.hpp:30:7:[m[K [01;36m[Knote: [m[Kforward declaration of ‘[01m[Kclass patrolling_example::Move[m[K’
   30 | class [01;36m[KMove[m[K : public patrolling_example::BtActionNode<nav2_msgs::action::NavigateToPose>
      |       [01;36m[K^~~~[m[K
In file included from [01m[K/home/omartinez/gsoc2023-jderobot/ros2_challenge/src/patrolling_example/include/patrolling_example/Move.hpp:24[m[K,
                 from [01m[K/home/omartinez/gsoc2023-jderobot/ros2_challenge/src/patrolling_example/src/patrolling_example/Move.cpp:20[m[K:
/opt/ros/humble/include/behaviortree_cpp_v3/behavior_tree.h: In instantiation of ‘[01m[KBT::NodeType BT::getType() [with T = patrolling_example::Move][m[K’:
[01m[K/opt/ros/humble/include/behaviortree_cpp_v3/bt_factory.h:81:21:[m[K   required from ‘[01m[KBT::TreeNodeManifest BT::CreateManifest(const string&, BT::PortsList) [with T = patrolling_example::Move; std::string = std::__cxx11::basic_string<char>; BT::PortsList = std::unordered_map<std::__cxx11::basic_string<char>, BT::PortInfo>][m[K’
[01m[K/opt/ros/humble/include/behaviortree_cpp_v3/bt_factory.h:269:38:[m[K   required from ‘[01m[Kvoid BT::BehaviorTreeFactory::registerBuilder(const string&, const NodeBuilder&) [with T = patrolling_example::Move; std::string = std::__cxx11::basic_string<char>; BT::NodeBuilder = std::function<std::unique_ptr<BT::TreeNode>(const std::__cxx11::basic_string<char>&, const BT::NodeConfiguration&)>][m[K’
[01m[K/home/omartinez/gsoc2023-jderobot/ros2_challenge/src/patrolling_example/src/patrolling_example/Move.cpp:68:52:[m[K   required from here
[01m[K/opt/ros/humble/include/behaviortree_cpp_v3/behavior_tree.h:88:42:[m[K [01;31m[Kerror: [m[K‘[01m[Kvalue[m[K’ is not a member of ‘[01m[Kstd::is_base_of<BT::ControlNode, patrolling_example::Move>[m[K’
   88 |     if( std::is_base_of<ControlNode, T>::[01;31m[Kvalue[m[K )           return NodeType::CONTROL;
      |                                          [01;31m[K^~~~~[m[K
gmake[2]: *** [CMakeFiles/move_bt_node.dir/build.make:76: CMakeFiles/move_bt_node.dir/src/patrolling_example/Move.cpp.o] Error 1
gmake[1]: *** [CMakeFiles/Makefile2:199: CMakeFiles/move_bt_node.dir/all] Error 2
gmake[1]: *** Waiting for unfinished jobs....
[ 66%] [32m[1mLinking CXX executable patrolling_example[0m
gmake[2]: *** [CMakeFiles/location_bt_node.dir/build.make:76: CMakeFiles/location_bt_node.dir/src/patrolling_example/Location.cpp.o] Error 1
gmake[1]: *** [CMakeFiles/Makefile2:173: CMakeFiles/location_bt_node.dir/all] Error 2
[ 66%] Built target patrolling_example
[ 75%] [32m[1mLinking CXX shared library libget_waypoint_bt_node.so[0m
[ 75%] Built target get_waypoint_bt_node
[ 83%] [32m[1mLinking CXX shared library libbattery_checker_bt_node.so[0m
[ 83%] Built target battery_checker_bt_node
gmake: *** [Makefile:146: all] Error 2
