-- Found ament_cmake: 1.3.3 (/opt/ros/humble/share/ament_cmake/cmake)
-- Override CMake install command with custom implementation using symlinks instead of copying resources
-- Found rclcpp: 16.0.3 (/opt/ros/humble/share/rclcpp/cmake)
-- Found rosidl_generator_c: 3.1.4 (/opt/ros/humble/share/rosidl_generator_c/cmake)
-- Found rosidl_adapter: 3.1.4 (/opt/ros/humble/share/rosidl_adapter/cmake)
-- Found rosidl_generator_cpp: 3.1.4 (/opt/ros/humble/share/rosidl_generator_cpp/cmake)
-- Using all available rosidl_typesupport_c: rosidl_typesupport_fastrtps_c;rosidl_typesupport_introspection_c
-- Using all available rosidl_typesupport_cpp: rosidl_typesupport_fastrtps_cpp;rosidl_typesupport_introspection_cpp
-- Found rmw_implementation_cmake: 6.1.1 (/opt/ros/humble/share/rmw_implementation_cmake/cmake)
-- Found rmw_cyclonedds_cpp: 1.3.4 (/opt/ros/humble/share/rmw_cyclonedds_cpp/cmake)
-- Using RMW implementation 'rmw_cyclonedds_cpp' as default
-- Found rclcpp_lifecycle: 16.0.3 (/opt/ros/humble/share/rclcpp_lifecycle/cmake)
-- Found rclcpp_action: 16.0.3 (/opt/ros/humble/share/rclcpp_action/cmake)
-- Found geometry_msgs: 4.2.3 (/opt/ros/humble/share/geometry_msgs/cmake)
-- Found nav2_msgs: 1.1.6 (/opt/ros/humble/share/nav2_msgs/cmake)
-- Found sensor_msgs: 4.2.3 (/opt/ros/humble/share/sensor_msgs/cmake)
-- ZeroMQ found.
-- Configuring done
-- Generating done
-- Build files have been written to: /home/omartinez/gsoc2023-jderobot/ros2_challenge/src/build/patrolling_example
[  8%] [32mBuilding CXX object CMakeFiles/patrolling_example.dir/src/patrolling_example_main.cpp.o[0m
[ 16%] [32mBuilding CXX object CMakeFiles/recharge_bt_node.dir/src/patrolling_example/Recharge.cpp.o[0m
[ 25%] [32mBuilding CXX object CMakeFiles/location_bt_node.dir/src/patrolling_example/Location.cpp.o[0m
[ 33%] [32mBuilding CXX object CMakeFiles/get_waypoint_bt_node.dir/src/patrolling_example/GetWaypoint.cpp.o[0m
[ 41%] [32mBuilding CXX object CMakeFiles/move_bt_node.dir/src/patrolling_example/Move.cpp.o[0m
[ 50%] [32mBuilding CXX object CMakeFiles/battery_checker_bt_node.dir/src/patrolling_example/BatteryChecker.cpp.o[0m
[ 58%] [32m[1mLinking CXX shared library librecharge_bt_node.so[0m
[ 58%] Built target recharge_bt_node
[ 66%] [32m[1mLinking CXX executable patrolling_example[0m
[ 66%] Built target patrolling_example
[ 75%] [32m[1mLinking CXX shared library libget_waypoint_bt_node.so[0m
[ 75%] Built target get_waypoint_bt_node
[ 83%] [32m[1mLinking CXX shared library libbattery_checker_bt_node.so[0m
[ 83%] Built target battery_checker_bt_node
