[0.018s] Invoking command in '/home/omartinez/gsoc2023-jderobot/ros2_challenge/build/pubsub_challenge': CMAKE_PREFIX_PATH=${CMAKE_PREFIX_PATH}:/home/omartinez/ct_ws/install/webots_sim:/home/omartinez/ct_ws/install/turtlebot3_teleop:/home/omartinez/ct_ws/install/turtlebot3_example:/opt/ros/humble /usr/bin/cmake /home/omartinez/gsoc2023-jderobot/ros2_challenge/src/cpp_pubsub -DAMENT_CMAKE_SYMLINK_INSTALL=1 -DCMAKE_INSTALL_PREFIX=/home/omartinez/gsoc2023-jderobot/ros2_challenge/install/pubsub_challenge
[0.155s] -- The C compiler identification is GNU 11.3.0
[0.266s] -- The CXX compiler identification is GNU 11.3.0
[0.280s] -- Detecting C compiler ABI info
[0.370s] -- Detecting C compiler ABI info - done
[0.382s] -- Check for working C compiler: /usr/bin/cc - skipped
[0.383s] -- Detecting C compile features
[0.384s] -- Detecting C compile features - done
[0.388s] -- Detecting CXX compiler ABI info
[0.489s] -- Detecting CXX compiler ABI info - done
[0.498s] -- Check for working CXX compiler: /usr/bin/c++ - skipped
[0.498s] -- Detecting CXX compile features
[0.499s] -- Detecting CXX compile features - done
[0.509s] -- Found ament_cmake: 1.3.3 (/opt/ros/humble/share/ament_cmake/cmake)
[0.726s] -- Found Python3: /usr/bin/python3.10 (found version "3.10.6") found components: Interpreter 
[0.804s] -- Override CMake install command with custom implementation using symlinks instead of copying resources
[0.888s] -- Found rclcpp: 16.0.3 (/opt/ros/humble/share/rclcpp/cmake)
[0.991s] -- Found rosidl_generator_c: 3.1.4 (/opt/ros/humble/share/rosidl_generator_c/cmake)
[1.004s] -- Found rosidl_adapter: 3.1.4 (/opt/ros/humble/share/rosidl_adapter/cmake)
[1.023s] -- Found rosidl_generator_cpp: 3.1.4 (/opt/ros/humble/share/rosidl_generator_cpp/cmake)
[1.050s] -- Using all available rosidl_typesupport_c: rosidl_typesupport_fastrtps_c;rosidl_typesupport_introspection_c
[1.085s] -- Using all available rosidl_typesupport_cpp: rosidl_typesupport_fastrtps_cpp;rosidl_typesupport_introspection_cpp
[1.210s] -- Found rmw_implementation_cmake: 6.1.1 (/opt/ros/humble/share/rmw_implementation_cmake/cmake)
[1.219s] -- Found rmw_cyclonedds_cpp: 1.3.4 (/opt/ros/humble/share/rmw_cyclonedds_cpp/cmake)
[1.290s] -- Using RMW implementation 'rmw_cyclonedds_cpp' as default
[1.312s] -- Looking for pthread.h
[1.395s] -- Looking for pthread.h - found
[1.395s] -- Performing Test CMAKE_HAVE_LIBC_PTHREAD
[1.480s] -- Performing Test CMAKE_HAVE_LIBC_PTHREAD - Success
[1.481s] -- Found Threads: TRUE  
[1.800s] -- Configuring done
[1.817s] -- Generating done
[1.821s] -- Build files have been written to: /home/omartinez/gsoc2023-jderobot/ros2_challenge/build/pubsub_challenge
[1.831s] Invoked command in '/home/omartinez/gsoc2023-jderobot/ros2_challenge/build/pubsub_challenge' returned '0': CMAKE_PREFIX_PATH=${CMAKE_PREFIX_PATH}:/home/omartinez/ct_ws/install/webots_sim:/home/omartinez/ct_ws/install/turtlebot3_teleop:/home/omartinez/ct_ws/install/turtlebot3_example:/opt/ros/humble /usr/bin/cmake /home/omartinez/gsoc2023-jderobot/ros2_challenge/src/cpp_pubsub -DAMENT_CMAKE_SYMLINK_INSTALL=1 -DCMAKE_INSTALL_PREFIX=/home/omartinez/gsoc2023-jderobot/ros2_challenge/install/pubsub_challenge
[1.834s] Invoking command in '/home/omartinez/gsoc2023-jderobot/ros2_challenge/build/pubsub_challenge': CMAKE_PREFIX_PATH=${CMAKE_PREFIX_PATH}:/home/omartinez/ct_ws/install/webots_sim:/home/omartinez/ct_ws/install/turtlebot3_teleop:/home/omartinez/ct_ws/install/turtlebot3_example:/opt/ros/humble /usr/bin/cmake --build /home/omartinez/gsoc2023-jderobot/ros2_challenge/build/pubsub_challenge -- -j8 -l8
[1.893s] [ 50%] [32mBuilding CXX object CMakeFiles/talker.dir/src/publisher_member_function.cpp.o[0m
[1.893s] [ 50%] [32mBuilding CXX object CMakeFiles/listener.dir/src/subscriber_member_function.cpp.o[0m
[6.703s] [ 75%] [32m[1mLinking CXX executable talker[0m
[6.992s] [ 75%] Built target talker
[10.922s] [100%] [32m[1mLinking CXX executable listener[0m
[11.378s] [100%] Built target listener
[11.391s] Invoked command in '/home/omartinez/gsoc2023-jderobot/ros2_challenge/build/pubsub_challenge' returned '0': CMAKE_PREFIX_PATH=${CMAKE_PREFIX_PATH}:/home/omartinez/ct_ws/install/webots_sim:/home/omartinez/ct_ws/install/turtlebot3_teleop:/home/omartinez/ct_ws/install/turtlebot3_example:/opt/ros/humble /usr/bin/cmake --build /home/omartinez/gsoc2023-jderobot/ros2_challenge/build/pubsub_challenge -- -j8 -l8
[11.443s] Invoking command in '/home/omartinez/gsoc2023-jderobot/ros2_challenge/build/pubsub_challenge': CMAKE_PREFIX_PATH=${CMAKE_PREFIX_PATH}:/home/omartinez/ct_ws/install/webots_sim:/home/omartinez/ct_ws/install/turtlebot3_teleop:/home/omartinez/ct_ws/install/turtlebot3_example:/opt/ros/humble /usr/bin/cmake --install /home/omartinez/gsoc2023-jderobot/ros2_challenge/build/pubsub_challenge
[11.452s] -- Install configuration: ""
[11.452s] -- Execute custom install script
[11.453s] -- Symlinking: /home/omartinez/gsoc2023-jderobot/ros2_challenge/install/pubsub_challenge/lib/pubsub_challenge/talker
[11.465s] -- Symlinking: /home/omartinez/gsoc2023-jderobot/ros2_challenge/install/pubsub_challenge/lib/pubsub_challenge/listener
[11.477s] -- Symlinking: /home/omartinez/gsoc2023-jderobot/ros2_challenge/install/pubsub_challenge/share/ament_index/resource_index/package_run_dependencies/pubsub_challenge
[11.487s] -- Symlinking: /home/omartinez/gsoc2023-jderobot/ros2_challenge/install/pubsub_challenge/share/ament_index/resource_index/parent_prefix_path/pubsub_challenge
[11.497s] -- Symlinking: /home/omartinez/gsoc2023-jderobot/ros2_challenge/install/pubsub_challenge/share/pubsub_challenge/environment/ament_prefix_path.sh
[11.506s] -- Symlinking: /home/omartinez/gsoc2023-jderobot/ros2_challenge/install/pubsub_challenge/share/pubsub_challenge/environment/ament_prefix_path.dsv
[11.516s] -- Symlinking: /home/omartinez/gsoc2023-jderobot/ros2_challenge/install/pubsub_challenge/share/pubsub_challenge/environment/path.sh
[11.525s] -- Symlinking: /home/omartinez/gsoc2023-jderobot/ros2_challenge/install/pubsub_challenge/share/pubsub_challenge/environment/path.dsv
[11.534s] -- Symlinking: /home/omartinez/gsoc2023-jderobot/ros2_challenge/install/pubsub_challenge/share/pubsub_challenge/local_setup.bash
[11.544s] -- Symlinking: /home/omartinez/gsoc2023-jderobot/ros2_challenge/install/pubsub_challenge/share/pubsub_challenge/local_setup.sh
[11.554s] -- Symlinking: /home/omartinez/gsoc2023-jderobot/ros2_challenge/install/pubsub_challenge/share/pubsub_challenge/local_setup.zsh
[11.564s] -- Symlinking: /home/omartinez/gsoc2023-jderobot/ros2_challenge/install/pubsub_challenge/share/pubsub_challenge/local_setup.dsv
[11.574s] -- Symlinking: /home/omartinez/gsoc2023-jderobot/ros2_challenge/install/pubsub_challenge/share/pubsub_challenge/package.dsv
[11.585s] -- Symlinking: /home/omartinez/gsoc2023-jderobot/ros2_challenge/install/pubsub_challenge/share/ament_index/resource_index/packages/pubsub_challenge
[11.595s] -- Symlinking: /home/omartinez/gsoc2023-jderobot/ros2_challenge/install/pubsub_challenge/share/pubsub_challenge/cmake/pubsub_challengeConfig.cmake
[11.604s] -- Symlinking: /home/omartinez/gsoc2023-jderobot/ros2_challenge/install/pubsub_challenge/share/pubsub_challenge/cmake/pubsub_challengeConfig-version.cmake
[11.613s] -- Symlinking: /home/omartinez/gsoc2023-jderobot/ros2_challenge/install/pubsub_challenge/share/pubsub_challenge/package.xml
[11.625s] Invoked command in '/home/omartinez/gsoc2023-jderobot/ros2_challenge/build/pubsub_challenge' returned '0': CMAKE_PREFIX_PATH=${CMAKE_PREFIX_PATH}:/home/omartinez/ct_ws/install/webots_sim:/home/omartinez/ct_ws/install/turtlebot3_teleop:/home/omartinez/ct_ws/install/turtlebot3_example:/opt/ros/humble /usr/bin/cmake --install /home/omartinez/gsoc2023-jderobot/ros2_challenge/build/pubsub_challenge
