[31mCMake Error at CMakeLists.txt:47 (add_library):
  Cannot find source file:

    src/patrolling_example/Recharge.cpp

  Tried extensions .c .C .c++ .cc .cpp .cxx .cu .mpp .m .M .mm .ixx .cppm .h
  .hh .h++ .hm .hpp .hxx .in .txx .f .F .for .f77 .f90 .f95 .f03 .hip .ispc

[0m
[31mCMake Error at CMakeLists.txt:48 (add_library):
  Cannot find source file:

    src/patrolling_example/Location.cpp

  Tried extensions .c .C .c++ .cc .cpp .cxx .cu .mpp .m .M .mm .ixx .cppm .h
  .hh .h++ .hm .hpp .hxx .in .txx .f .F .for .f77 .f90 .f95 .f03 .hip .ispc

[0m
[31mCMake Error at CMakeLists.txt:49 (add_library):
  Cannot find source file:

    src/patrolling_example/Move.cpp

  Tried extensions .c .C .c++ .cc .cpp .cxx .cu .mpp .m .M .mm .ixx .cppm .h
  .hh .h++ .hm .hpp .hxx .in .txx .f .F .for .f77 .f90 .f95 .f03 .hip .ispc

[0m
[31mCMake Error at CMakeLists.txt:50 (add_library):
  Cannot find source file:

    src/patrolling_example/GetWaypoint.cpp

  Tried extensions .c .C .c++ .cc .cpp .cxx .cu .mpp .m .M .mm .ixx .cppm .h
  .hh .h++ .hm .hpp .hxx .in .txx .f .F .for .f77 .f90 .f95 .f03 .hip .ispc

[0m
[31mCMake Error at CMakeLists.txt:51 (add_library):
  Cannot find source file:

    src/patrolling_example/BatteryChecker.cpp

  Tried extensions .c .C .c++ .cc .cpp .cxx .cu .mpp .m .M .mm .ixx .cppm .h
  .hh .h++ .hm .hpp .hxx .in .txx .f .F .for .f77 .f90 .f95 .f03 .hip .ispc

[0m
[31mCMake Error at CMakeLists.txt:47 (add_library):
  No SOURCES given to target: recharge_bt_node

[0m
[31mCMake Error at CMakeLists.txt:48 (add_library):
  No SOURCES given to target: location_bt_node

[0m
[31mCMake Error at CMakeLists.txt:49 (add_library):
  No SOURCES given to target: move_bt_node

[0m
[31mCMake Error at CMakeLists.txt:50 (add_library):
  No SOURCES given to target: get_waypoint_bt_node

[0m
[31mCMake Error at CMakeLists.txt:51 (add_library):
  No SOURCES given to target: battery_checker_bt_node

[0m
[0mCMake Generate step failed.  Build files cannot be regenerated correctly.[0m
