[0.402s] DEBUG:colcon:Command line arguments: ['/usr/bin/colcon', 'build', '--symlink-install']
[0.402s] DEBUG:colcon:Parsed command line arguments: Namespace(log_base=None, log_level=None, verb_name='build', build_base='build', install_base='install', merge_install=False, symlink_install=True, test_result_base=None, continue_on_error=False, executor='parallel', parallel_workers=8, event_handlers=None, ignore_user_meta=False, metas=['./colcon.meta'], base_paths=['.'], packages_ignore=None, packages_ignore_regex=None, paths=None, packages_up_to=None, packages_up_to_regex=None, packages_above=None, packages_above_and_dependencies=None, packages_above_depth=None, packages_select_by_dep=None, packages_skip_by_dep=None, packages_skip_up_to=None, packages_select_build_failed=False, packages_skip_build_finished=False, packages_select_test_failures=False, packages_skip_test_passed=False, packages_select=None, packages_skip=None, packages_select_regex=None, packages_skip_regex=None, packages_start=None, packages_end=None, allow_overriding=[], cmake_args=None, cmake_target=None, cmake_target_skip_unavailable=False, cmake_clean_cache=False, cmake_clean_first=False, cmake_force_configure=False, ament_cmake_args=None, catkin_cmake_args=None, catkin_skip_building_tests=False, verb_parser=<colcon_defaults.argument_parser.defaults.DefaultArgumentsDecorator object at 0x7f122535c490>, verb_extension=<colcon_core.verb.build.BuildVerb object at 0x7f1225d42290>, main=<bound method BuildVerb.main of <colcon_core.verb.build.BuildVerb object at 0x7f1225d42290>>)
[0.427s] Level 1:colcon.colcon_core.package_discovery:discover_packages(colcon_meta) check parameters
[0.428s] Level 1:colcon.colcon_core.package_discovery:discover_packages(recursive) check parameters
[0.428s] Level 1:colcon.colcon_core.package_discovery:discover_packages(ignore) check parameters
[0.428s] Level 1:colcon.colcon_core.package_discovery:discover_packages(path) check parameters
[0.428s] Level 1:colcon.colcon_core.package_discovery:discover_packages(colcon_meta) discover
[0.428s] Level 1:colcon.colcon_core.package_discovery:discover_packages(recursive) discover
[0.428s] INFO:colcon.colcon_core.package_discovery:Crawling recursively for packages in '/home/omartinez/gsoc2023-jderobot/ros2_challenge'
[0.428s] Level 1:colcon.colcon_core.package_identification:_identify(.) by extensions ['ignore', 'ignore_ament_install']
[0.428s] Level 1:colcon.colcon_core.package_identification:_identify(.) by extension 'ignore'
[0.428s] Level 1:colcon.colcon_core.package_identification:_identify(.) by extension 'ignore_ament_install'
[0.428s] Level 1:colcon.colcon_core.package_identification:_identify(.) by extensions ['colcon_pkg']
[0.428s] Level 1:colcon.colcon_core.package_identification:_identify(.) by extension 'colcon_pkg'
[0.429s] Level 1:colcon.colcon_core.package_identification:_identify(.) by extensions ['colcon_meta']
[0.429s] Level 1:colcon.colcon_core.package_identification:_identify(.) by extension 'colcon_meta'
[0.429s] Level 1:colcon.colcon_core.package_identification:_identify(.) by extensions ['ros']
[0.429s] Level 1:colcon.colcon_core.package_identification:_identify(.) by extension 'ros'
[0.441s] Level 1:colcon.colcon_core.package_identification:_identify(.) by extensions ['cmake', 'python']
[0.441s] Level 1:colcon.colcon_core.package_identification:_identify(.) by extension 'cmake'
[0.442s] Level 1:colcon.colcon_core.package_identification:_identify(.) by extension 'python'
[0.442s] Level 1:colcon.colcon_core.package_identification:_identify(.) by extensions ['python_setup_py']
[0.442s] Level 1:colcon.colcon_core.package_identification:_identify(.) by extension 'python_setup_py'
[0.442s] Level 1:colcon.colcon_core.package_identification:_identify(build) by extensions ['ignore', 'ignore_ament_install']
[0.442s] Level 1:colcon.colcon_core.package_identification:_identify(build) by extension 'ignore'
[0.442s] Level 1:colcon.colcon_core.package_identification:_identify(build) ignored
[0.442s] Level 1:colcon.colcon_core.package_identification:_identify(install) by extensions ['ignore', 'ignore_ament_install']
[0.442s] Level 1:colcon.colcon_core.package_identification:_identify(install) by extension 'ignore'
[0.442s] Level 1:colcon.colcon_core.package_identification:_identify(install) ignored
[0.443s] Level 1:colcon.colcon_core.package_identification:_identify(log) by extensions ['ignore', 'ignore_ament_install']
[0.443s] Level 1:colcon.colcon_core.package_identification:_identify(log) by extension 'ignore'
[0.443s] Level 1:colcon.colcon_core.package_identification:_identify(log) ignored
[0.443s] Level 1:colcon.colcon_core.package_identification:_identify(src) by extensions ['ignore', 'ignore_ament_install']
[0.443s] Level 1:colcon.colcon_core.package_identification:_identify(src) by extension 'ignore'
[0.443s] Level 1:colcon.colcon_core.package_identification:_identify(src) by extension 'ignore_ament_install'
[0.443s] Level 1:colcon.colcon_core.package_identification:_identify(src) by extensions ['colcon_pkg']
[0.443s] Level 1:colcon.colcon_core.package_identification:_identify(src) by extension 'colcon_pkg'
[0.443s] Level 1:colcon.colcon_core.package_identification:_identify(src) by extensions ['colcon_meta']
[0.443s] Level 1:colcon.colcon_core.package_identification:_identify(src) by extension 'colcon_meta'
[0.444s] Level 1:colcon.colcon_core.package_identification:_identify(src) by extensions ['ros']
[0.444s] Level 1:colcon.colcon_core.package_identification:_identify(src) by extension 'ros'
[0.444s] Level 1:colcon.colcon_core.package_identification:_identify(src) by extensions ['cmake', 'python']
[0.444s] Level 1:colcon.colcon_core.package_identification:_identify(src) by extension 'cmake'
[0.444s] Level 1:colcon.colcon_core.package_identification:_identify(src) by extension 'python'
[0.444s] Level 1:colcon.colcon_core.package_identification:_identify(src) by extensions ['python_setup_py']
[0.444s] Level 1:colcon.colcon_core.package_identification:_identify(src) by extension 'python_setup_py'
[0.444s] Level 1:colcon.colcon_core.package_identification:_identify(src/build) by extensions ['ignore', 'ignore_ament_install']
[0.444s] Level 1:colcon.colcon_core.package_identification:_identify(src/build) by extension 'ignore'
[0.444s] Level 1:colcon.colcon_core.package_identification:_identify(src/build) ignored
[0.445s] Level 1:colcon.colcon_core.package_identification:_identify(src/cpp_pubsub) by extensions ['ignore', 'ignore_ament_install']
[0.445s] Level 1:colcon.colcon_core.package_identification:_identify(src/cpp_pubsub) by extension 'ignore'
[0.445s] Level 1:colcon.colcon_core.package_identification:_identify(src/cpp_pubsub) by extension 'ignore_ament_install'
[0.445s] Level 1:colcon.colcon_core.package_identification:_identify(src/cpp_pubsub) by extensions ['colcon_pkg']
[0.445s] Level 1:colcon.colcon_core.package_identification:_identify(src/cpp_pubsub) by extension 'colcon_pkg'
[0.445s] Level 1:colcon.colcon_core.package_identification:_identify(src/cpp_pubsub) by extensions ['colcon_meta']
[0.445s] Level 1:colcon.colcon_core.package_identification:_identify(src/cpp_pubsub) by extension 'colcon_meta'
[0.445s] Level 1:colcon.colcon_core.package_identification:_identify(src/cpp_pubsub) by extensions ['ros']
[0.445s] Level 1:colcon.colcon_core.package_identification:_identify(src/cpp_pubsub) by extension 'ros'
[0.450s] DEBUG:colcon.colcon_core.package_identification:Package 'src/cpp_pubsub' with type 'ros.ament_cmake' and name 'pubsub_challenge'
[0.450s] Level 1:colcon.colcon_core.package_identification:_identify(src/install) by extensions ['ignore', 'ignore_ament_install']
[0.450s] Level 1:colcon.colcon_core.package_identification:_identify(src/install) by extension 'ignore'
[0.450s] Level 1:colcon.colcon_core.package_identification:_identify(src/install) ignored
[0.450s] Level 1:colcon.colcon_core.package_identification:_identify(src/log) by extensions ['ignore', 'ignore_ament_install']
[0.450s] Level 1:colcon.colcon_core.package_identification:_identify(src/log) by extension 'ignore'
[0.450s] Level 1:colcon.colcon_core.package_identification:_identify(src/log) ignored
[0.451s] Level 1:colcon.colcon_core.package_identification:_identify(src/patrolling_example) by extensions ['ignore', 'ignore_ament_install']
[0.451s] Level 1:colcon.colcon_core.package_identification:_identify(src/patrolling_example) by extension 'ignore'
[0.451s] Level 1:colcon.colcon_core.package_identification:_identify(src/patrolling_example) by extension 'ignore_ament_install'
[0.451s] Level 1:colcon.colcon_core.package_identification:_identify(src/patrolling_example) by extensions ['colcon_pkg']
[0.451s] Level 1:colcon.colcon_core.package_identification:_identify(src/patrolling_example) by extension 'colcon_pkg'
[0.451s] Level 1:colcon.colcon_core.package_identification:_identify(src/patrolling_example) by extensions ['colcon_meta']
[0.451s] Level 1:colcon.colcon_core.package_identification:_identify(src/patrolling_example) by extension 'colcon_meta'
[0.451s] Level 1:colcon.colcon_core.package_identification:_identify(src/patrolling_example) by extensions ['ros']
[0.451s] Level 1:colcon.colcon_core.package_identification:_identify(src/patrolling_example) by extension 'ros'
[0.454s] DEBUG:colcon.colcon_core.package_identification:Package 'src/patrolling_example' with type 'ros.ament_cmake' and name 'patrolling_example'
[0.454s] Level 1:colcon.colcon_core.package_discovery:discover_packages(recursive) using defaults
[0.454s] Level 1:colcon.colcon_core.package_discovery:discover_packages(ignore) discover
[0.454s] Level 1:colcon.colcon_core.package_discovery:discover_packages(ignore) using defaults
[0.455s] Level 1:colcon.colcon_core.package_discovery:discover_packages(path) discover
[0.455s] Level 1:colcon.colcon_core.package_discovery:discover_packages(path) using defaults
[0.479s] Level 1:colcon.colcon_core.package_discovery:discover_packages(prefix_path) check parameters
[0.479s] Level 1:colcon.colcon_core.package_discovery:discover_packages(prefix_path) discover
[0.482s] DEBUG:colcon.colcon_installed_package_information.package_discovery:Found 1 installed packages in /home/omartinez/gsoc2023-jderobot/ros2_challenge/install
[0.484s] DEBUG:colcon.colcon_installed_package_information.package_discovery:Found 433 installed packages in /opt/ros/humble
[0.487s] Level 1:colcon.colcon_core.package_discovery:discover_packages(prefix_path) using defaults
[0.578s] Level 5:colcon.colcon_core.verb:set package 'patrolling_example' build argument 'cmake_args' from command line to 'None'
[0.578s] Level 5:colcon.colcon_core.verb:set package 'patrolling_example' build argument 'cmake_target' from command line to 'None'
[0.578s] Level 5:colcon.colcon_core.verb:set package 'patrolling_example' build argument 'cmake_target_skip_unavailable' from command line to 'False'
[0.578s] Level 5:colcon.colcon_core.verb:set package 'patrolling_example' build argument 'cmake_clean_cache' from command line to 'False'
[0.578s] Level 5:colcon.colcon_core.verb:set package 'patrolling_example' build argument 'cmake_clean_first' from command line to 'False'
[0.578s] Level 5:colcon.colcon_core.verb:set package 'patrolling_example' build argument 'cmake_force_configure' from command line to 'False'
[0.578s] Level 5:colcon.colcon_core.verb:set package 'patrolling_example' build argument 'ament_cmake_args' from command line to 'None'
[0.578s] Level 5:colcon.colcon_core.verb:set package 'patrolling_example' build argument 'catkin_cmake_args' from command line to 'None'
[0.578s] Level 5:colcon.colcon_core.verb:set package 'patrolling_example' build argument 'catkin_skip_building_tests' from command line to 'False'
[0.578s] DEBUG:colcon.colcon_core.verb:Building package 'patrolling_example' with the following arguments: {'ament_cmake_args': None, 'build_base': '/home/omartinez/gsoc2023-jderobot/ros2_challenge/build/patrolling_example', 'catkin_cmake_args': None, 'catkin_skip_building_tests': False, 'cmake_args': None, 'cmake_clean_cache': False, 'cmake_clean_first': False, 'cmake_force_configure': False, 'cmake_target': None, 'cmake_target_skip_unavailable': False, 'install_base': '/home/omartinez/gsoc2023-jderobot/ros2_challenge/install/patrolling_example', 'merge_install': False, 'path': '/home/omartinez/gsoc2023-jderobot/ros2_challenge/src/patrolling_example', 'symlink_install': True, 'test_result_base': None}
[0.580s] Level 5:colcon.colcon_core.verb:set package 'pubsub_challenge' build argument 'cmake_args' from command line to 'None'
[0.580s] Level 5:colcon.colcon_core.verb:set package 'pubsub_challenge' build argument 'cmake_target' from command line to 'None'
[0.580s] Level 5:colcon.colcon_core.verb:set package 'pubsub_challenge' build argument 'cmake_target_skip_unavailable' from command line to 'False'
[0.580s] Level 5:colcon.colcon_core.verb:set package 'pubsub_challenge' build argument 'cmake_clean_cache' from command line to 'False'
[0.580s] Level 5:colcon.colcon_core.verb:set package 'pubsub_challenge' build argument 'cmake_clean_first' from command line to 'False'
[0.580s] Level 5:colcon.colcon_core.verb:set package 'pubsub_challenge' build argument 'cmake_force_configure' from command line to 'False'
[0.580s] Level 5:colcon.colcon_core.verb:set package 'pubsub_challenge' build argument 'ament_cmake_args' from command line to 'None'
[0.580s] Level 5:colcon.colcon_core.verb:set package 'pubsub_challenge' build argument 'catkin_cmake_args' from command line to 'None'
[0.580s] Level 5:colcon.colcon_core.verb:set package 'pubsub_challenge' build argument 'catkin_skip_building_tests' from command line to 'False'
[0.580s] DEBUG:colcon.colcon_core.verb:Building package 'pubsub_challenge' with the following arguments: {'ament_cmake_args': None, 'build_base': '/home/omartinez/gsoc2023-jderobot/ros2_challenge/build/pubsub_challenge', 'catkin_cmake_args': None, 'catkin_skip_building_tests': False, 'cmake_args': None, 'cmake_clean_cache': False, 'cmake_clean_first': False, 'cmake_force_configure': False, 'cmake_target': None, 'cmake_target_skip_unavailable': False, 'install_base': '/home/omartinez/gsoc2023-jderobot/ros2_challenge/install/pubsub_challenge', 'merge_install': False, 'path': '/home/omartinez/gsoc2023-jderobot/ros2_challenge/src/cpp_pubsub', 'symlink_install': True, 'test_result_base': None}
[0.582s] INFO:colcon.colcon_core.executor:Executing jobs using 'parallel' executor
[0.585s] DEBUG:colcon.colcon_parallel_executor.executor.parallel:run_until_complete
[0.586s] INFO:colcon.colcon_ros.task.ament_cmake.build:Building ROS package in '/home/omartinez/gsoc2023-jderobot/ros2_challenge/src/patrolling_example' with build type 'ament_cmake'
[0.586s] INFO:colcon.colcon_cmake.task.cmake.build:Building CMake package in '/home/omartinez/gsoc2023-jderobot/ros2_challenge/src/patrolling_example'
[0.591s] INFO:colcon.colcon_core.plugin_system:Skipping extension 'colcon_core.shell.bat': Not used on non-Windows systems
[0.591s] INFO:colcon.colcon_core.shell:Skip shell extension 'powershell' for command environment: Not usable outside of PowerShell
[0.591s] DEBUG:colcon.colcon_core.shell:Skip shell extension 'dsv' for command environment
[0.597s] INFO:colcon.colcon_ros.task.ament_cmake.build:Building ROS package in '/home/omartinez/gsoc2023-jderobot/ros2_challenge/src/cpp_pubsub' with build type 'ament_cmake'
[0.597s] INFO:colcon.colcon_cmake.task.cmake.build:Building CMake package in '/home/omartinez/gsoc2023-jderobot/ros2_challenge/src/cpp_pubsub'
[0.599s] INFO:colcon.colcon_core.shell:Skip shell extension 'powershell' for command environment: Not usable outside of PowerShell
[0.599s] DEBUG:colcon.colcon_core.shell:Skip shell extension 'dsv' for command environment
[0.610s] DEBUG:colcon.colcon_core.event_handler.log_command:Invoking command in '/home/omartinez/gsoc2023-jderobot/ros2_challenge/build/patrolling_example': CMAKE_PREFIX_PATH=${CMAKE_PREFIX_PATH}:/opt/ros/humble /usr/bin/cmake /home/omartinez/gsoc2023-jderobot/ros2_challenge/src/patrolling_example -DAMENT_CMAKE_SYMLINK_INSTALL=1 -DCMAKE_INSTALL_PREFIX=/home/omartinez/gsoc2023-jderobot/ros2_challenge/install/patrolling_example
[0.617s] DEBUG:colcon.colcon_core.event_handler.log_command:Invoking command in '/home/omartinez/gsoc2023-jderobot/ros2_challenge/build/pubsub_challenge': CMAKE_PREFIX_PATH=${CMAKE_PREFIX_PATH}:/opt/ros/humble /usr/bin/cmake --build /home/omartinez/gsoc2023-jderobot/ros2_challenge/build/pubsub_challenge -- -j8 -l8
[1.452s] DEBUG:colcon.colcon_core.event_handler.log_command:Invoked command in '/home/omartinez/gsoc2023-jderobot/ros2_challenge/build/pubsub_challenge' returned '0': CMAKE_PREFIX_PATH=${CMAKE_PREFIX_PATH}:/opt/ros/humble /usr/bin/cmake --build /home/omartinez/gsoc2023-jderobot/ros2_challenge/build/pubsub_challenge -- -j8 -l8
[1.496s] DEBUG:colcon.colcon_core.event_handler.log_command:Invoking command in '/home/omartinez/gsoc2023-jderobot/ros2_challenge/build/pubsub_challenge': CMAKE_PREFIX_PATH=${CMAKE_PREFIX_PATH}:/opt/ros/humble /usr/bin/cmake --install /home/omartinez/gsoc2023-jderobot/ros2_challenge/build/pubsub_challenge
[1.522s] Level 1:colcon.colcon_core.environment:create_environment_scripts_only(pubsub_challenge)
[1.524s] DEBUG:colcon.colcon_core.event_handler.log_command:Invoked command in '/home/omartinez/gsoc2023-jderobot/ros2_challenge/build/pubsub_challenge' returned '0': CMAKE_PREFIX_PATH=${CMAKE_PREFIX_PATH}:/opt/ros/humble /usr/bin/cmake --install /home/omartinez/gsoc2023-jderobot/ros2_challenge/build/pubsub_challenge
[1.532s] Level 1:colcon.colcon_core.environment:checking '/home/omartinez/gsoc2023-jderobot/ros2_challenge/install/pubsub_challenge' for CMake module files
[1.533s] Level 1:colcon.colcon_core.environment:checking '/home/omartinez/gsoc2023-jderobot/ros2_challenge/install/pubsub_challenge' for CMake config files
[1.534s] Level 1:colcon.colcon_core.shell:create_environment_hook('pubsub_challenge', 'cmake_prefix_path')
[1.537s] INFO:colcon.colcon_core.shell:Creating environment hook '/home/omartinez/gsoc2023-jderobot/ros2_challenge/install/pubsub_challenge/share/pubsub_challenge/hook/cmake_prefix_path.ps1'
[1.539s] INFO:colcon.colcon_core.shell:Creating environment descriptor '/home/omartinez/gsoc2023-jderobot/ros2_challenge/install/pubsub_challenge/share/pubsub_challenge/hook/cmake_prefix_path.dsv'
[1.539s] INFO:colcon.colcon_core.shell:Creating environment hook '/home/omartinez/gsoc2023-jderobot/ros2_challenge/install/pubsub_challenge/share/pubsub_challenge/hook/cmake_prefix_path.sh'
[1.540s] Level 1:colcon.colcon_core.environment:checking '/home/omartinez/gsoc2023-jderobot/ros2_challenge/install/pubsub_challenge/lib'
[1.541s] Level 1:colcon.colcon_core.environment:checking '/home/omartinez/gsoc2023-jderobot/ros2_challenge/install/pubsub_challenge/bin'
[1.541s] Level 1:colcon.colcon_core.environment:checking '/home/omartinez/gsoc2023-jderobot/ros2_challenge/install/pubsub_challenge/lib/pkgconfig/pubsub_challenge.pc'
[1.541s] Level 1:colcon.colcon_core.environment:checking '/home/omartinez/gsoc2023-jderobot/ros2_challenge/install/pubsub_challenge/lib/python3.10/site-packages'
[1.541s] Level 1:colcon.colcon_core.environment:checking '/home/omartinez/gsoc2023-jderobot/ros2_challenge/install/pubsub_challenge/bin'
[1.543s] INFO:colcon.colcon_core.shell:Creating package script '/home/omartinez/gsoc2023-jderobot/ros2_challenge/install/pubsub_challenge/share/pubsub_challenge/package.ps1'
[1.544s] INFO:colcon.colcon_core.shell:Creating package descriptor '/home/omartinez/gsoc2023-jderobot/ros2_challenge/install/pubsub_challenge/share/pubsub_challenge/package.dsv'
[1.545s] INFO:colcon.colcon_core.shell:Creating package script '/home/omartinez/gsoc2023-jderobot/ros2_challenge/install/pubsub_challenge/share/pubsub_challenge/package.sh'
[1.546s] INFO:colcon.colcon_core.shell:Creating package script '/home/omartinez/gsoc2023-jderobot/ros2_challenge/install/pubsub_challenge/share/pubsub_challenge/package.bash'
[1.547s] INFO:colcon.colcon_core.shell:Creating package script '/home/omartinez/gsoc2023-jderobot/ros2_challenge/install/pubsub_challenge/share/pubsub_challenge/package.zsh'
[1.547s] Level 1:colcon.colcon_core.environment:create_file_with_runtime_dependencies(/home/omartinez/gsoc2023-jderobot/ros2_challenge/install/pubsub_challenge/share/colcon-core/packages/pubsub_challenge)
[1.583s] Level 1:colcon.colcon_core.environment:create_environment_scripts_only(pubsub_challenge)
[1.585s] Level 1:colcon.colcon_core.environment:checking '/home/omartinez/gsoc2023-jderobot/ros2_challenge/install/pubsub_challenge' for CMake module files
[1.585s] Level 1:colcon.colcon_core.environment:checking '/home/omartinez/gsoc2023-jderobot/ros2_challenge/install/pubsub_challenge' for CMake config files
[1.586s] Level 1:colcon.colcon_core.shell:create_environment_hook('pubsub_challenge', 'cmake_prefix_path')
[1.588s] INFO:colcon.colcon_core.shell:Creating environment hook '/home/omartinez/gsoc2023-jderobot/ros2_challenge/install/pubsub_challenge/share/pubsub_challenge/hook/cmake_prefix_path.ps1'
[1.589s] INFO:colcon.colcon_core.shell:Creating environment descriptor '/home/omartinez/gsoc2023-jderobot/ros2_challenge/install/pubsub_challenge/share/pubsub_challenge/hook/cmake_prefix_path.dsv'
[1.590s] INFO:colcon.colcon_core.shell:Creating environment hook '/home/omartinez/gsoc2023-jderobot/ros2_challenge/install/pubsub_challenge/share/pubsub_challenge/hook/cmake_prefix_path.sh'
[1.590s] Level 1:colcon.colcon_core.environment:checking '/home/omartinez/gsoc2023-jderobot/ros2_challenge/install/pubsub_challenge/lib'
[1.591s] Level 1:colcon.colcon_core.environment:checking '/home/omartinez/gsoc2023-jderobot/ros2_challenge/install/pubsub_challenge/bin'
[1.591s] Level 1:colcon.colcon_core.environment:checking '/home/omartinez/gsoc2023-jderobot/ros2_challenge/install/pubsub_challenge/lib/pkgconfig/pubsub_challenge.pc'
[1.591s] Level 1:colcon.colcon_core.environment:checking '/home/omartinez/gsoc2023-jderobot/ros2_challenge/install/pubsub_challenge/lib/python3.10/site-packages'
[1.592s] Level 1:colcon.colcon_core.environment:checking '/home/omartinez/gsoc2023-jderobot/ros2_challenge/install/pubsub_challenge/bin'
[1.594s] INFO:colcon.colcon_core.shell:Creating package script '/home/omartinez/gsoc2023-jderobot/ros2_challenge/install/pubsub_challenge/share/pubsub_challenge/package.ps1'
[1.595s] INFO:colcon.colcon_core.shell:Creating package descriptor '/home/omartinez/gsoc2023-jderobot/ros2_challenge/install/pubsub_challenge/share/pubsub_challenge/package.dsv'
[1.596s] INFO:colcon.colcon_core.shell:Creating package script '/home/omartinez/gsoc2023-jderobot/ros2_challenge/install/pubsub_challenge/share/pubsub_challenge/package.sh'
[1.597s] INFO:colcon.colcon_core.shell:Creating package script '/home/omartinez/gsoc2023-jderobot/ros2_challenge/install/pubsub_challenge/share/pubsub_challenge/package.bash'
[1.598s] INFO:colcon.colcon_core.shell:Creating package script '/home/omartinez/gsoc2023-jderobot/ros2_challenge/install/pubsub_challenge/share/pubsub_challenge/package.zsh'
[1.598s] Level 1:colcon.colcon_core.environment:create_file_with_runtime_dependencies(/home/omartinez/gsoc2023-jderobot/ros2_challenge/install/pubsub_challenge/share/colcon-core/packages/pubsub_challenge)
[2.822s] DEBUG:colcon.colcon_core.event_handler.log_command:Invoked command in '/home/omartinez/gsoc2023-jderobot/ros2_challenge/build/patrolling_example' returned '0': CMAKE_PREFIX_PATH=${CMAKE_PREFIX_PATH}:/opt/ros/humble /usr/bin/cmake /home/omartinez/gsoc2023-jderobot/ros2_challenge/src/patrolling_example -DAMENT_CMAKE_SYMLINK_INSTALL=1 -DCMAKE_INSTALL_PREFIX=/home/omartinez/gsoc2023-jderobot/ros2_challenge/install/patrolling_example
[2.824s] DEBUG:colcon.colcon_core.event_handler.log_command:Invoking command in '/home/omartinez/gsoc2023-jderobot/ros2_challenge/build/patrolling_example': CMAKE_PREFIX_PATH=${CMAKE_PREFIX_PATH}:/opt/ros/humble /usr/bin/cmake --build /home/omartinez/gsoc2023-jderobot/ros2_challenge/build/patrolling_example -- -j8 -l8
[18.100s] DEBUG:colcon.colcon_core.event_handler.log_command:Invoked command in '/home/omartinez/gsoc2023-jderobot/ros2_challenge/build/patrolling_example' returned '0': CMAKE_PREFIX_PATH=${CMAKE_PREFIX_PATH}:/opt/ros/humble /usr/bin/cmake --build /home/omartinez/gsoc2023-jderobot/ros2_challenge/build/patrolling_example -- -j8 -l8
[18.151s] DEBUG:colcon.colcon_core.event_handler.log_command:Invoking command in '/home/omartinez/gsoc2023-jderobot/ros2_challenge/build/patrolling_example': CMAKE_PREFIX_PATH=${CMAKE_PREFIX_PATH}:/opt/ros/humble /usr/bin/cmake --install /home/omartinez/gsoc2023-jderobot/ros2_challenge/build/patrolling_example
[18.488s] Level 1:colcon.colcon_core.environment:create_environment_scripts_only(patrolling_example)
[18.491s] Level 1:colcon.colcon_core.environment:checking '/home/omartinez/gsoc2023-jderobot/ros2_challenge/install/patrolling_example' for CMake module files
[18.492s] DEBUG:colcon.colcon_core.event_handler.log_command:Invoked command in '/home/omartinez/gsoc2023-jderobot/ros2_challenge/build/patrolling_example' returned '0': CMAKE_PREFIX_PATH=${CMAKE_PREFIX_PATH}:/opt/ros/humble /usr/bin/cmake --install /home/omartinez/gsoc2023-jderobot/ros2_challenge/build/patrolling_example
[18.492s] Level 1:colcon.colcon_core.environment:checking '/home/omartinez/gsoc2023-jderobot/ros2_challenge/install/patrolling_example' for CMake config files
[18.493s] Level 1:colcon.colcon_core.shell:create_environment_hook('patrolling_example', 'cmake_prefix_path')
[18.494s] INFO:colcon.colcon_core.shell:Creating environment hook '/home/omartinez/gsoc2023-jderobot/ros2_challenge/install/patrolling_example/share/patrolling_example/hook/cmake_prefix_path.ps1'
[18.494s] INFO:colcon.colcon_core.shell:Creating environment descriptor '/home/omartinez/gsoc2023-jderobot/ros2_challenge/install/patrolling_example/share/patrolling_example/hook/cmake_prefix_path.dsv'
[18.495s] INFO:colcon.colcon_core.shell:Creating environment hook '/home/omartinez/gsoc2023-jderobot/ros2_challenge/install/patrolling_example/share/patrolling_example/hook/cmake_prefix_path.sh'
[18.495s] Level 1:colcon.colcon_core.environment:checking '/home/omartinez/gsoc2023-jderobot/ros2_challenge/install/patrolling_example/lib'
[18.495s] Level 1:colcon.colcon_core.shell:create_environment_hook('patrolling_example', 'ld_library_path_lib')
[18.497s] INFO:colcon.colcon_core.shell:Creating environment hook '/home/omartinez/gsoc2023-jderobot/ros2_challenge/install/patrolling_example/share/patrolling_example/hook/ld_library_path_lib.ps1'
[18.497s] INFO:colcon.colcon_core.shell:Creating environment descriptor '/home/omartinez/gsoc2023-jderobot/ros2_challenge/install/patrolling_example/share/patrolling_example/hook/ld_library_path_lib.dsv'
[18.497s] INFO:colcon.colcon_core.shell:Creating environment hook '/home/omartinez/gsoc2023-jderobot/ros2_challenge/install/patrolling_example/share/patrolling_example/hook/ld_library_path_lib.sh'
[18.498s] Level 1:colcon.colcon_core.environment:checking '/home/omartinez/gsoc2023-jderobot/ros2_challenge/install/patrolling_example/bin'
[18.498s] Level 1:colcon.colcon_core.environment:checking '/home/omartinez/gsoc2023-jderobot/ros2_challenge/install/patrolling_example/lib/pkgconfig/patrolling_example.pc'
[18.498s] Level 1:colcon.colcon_core.environment:checking '/home/omartinez/gsoc2023-jderobot/ros2_challenge/install/patrolling_example/lib/python3.10/site-packages'
[18.498s] Level 1:colcon.colcon_core.environment:checking '/home/omartinez/gsoc2023-jderobot/ros2_challenge/install/patrolling_example/bin'
[18.500s] INFO:colcon.colcon_core.shell:Creating package script '/home/omartinez/gsoc2023-jderobot/ros2_challenge/install/patrolling_example/share/patrolling_example/package.ps1'
[18.500s] INFO:colcon.colcon_core.shell:Creating package descriptor '/home/omartinez/gsoc2023-jderobot/ros2_challenge/install/patrolling_example/share/patrolling_example/package.dsv'
[18.501s] INFO:colcon.colcon_core.shell:Creating package script '/home/omartinez/gsoc2023-jderobot/ros2_challenge/install/patrolling_example/share/patrolling_example/package.sh'
[18.501s] INFO:colcon.colcon_core.shell:Creating package script '/home/omartinez/gsoc2023-jderobot/ros2_challenge/install/patrolling_example/share/patrolling_example/package.bash'
[18.502s] INFO:colcon.colcon_core.shell:Creating package script '/home/omartinez/gsoc2023-jderobot/ros2_challenge/install/patrolling_example/share/patrolling_example/package.zsh'
[18.502s] Level 1:colcon.colcon_core.environment:create_file_with_runtime_dependencies(/home/omartinez/gsoc2023-jderobot/ros2_challenge/install/patrolling_example/share/colcon-core/packages/patrolling_example)
[18.553s] Level 1:colcon.colcon_core.environment:create_environment_scripts_only(patrolling_example)
[18.555s] Level 1:colcon.colcon_core.environment:checking '/home/omartinez/gsoc2023-jderobot/ros2_challenge/install/patrolling_example' for CMake module files
[18.556s] Level 1:colcon.colcon_core.environment:checking '/home/omartinez/gsoc2023-jderobot/ros2_challenge/install/patrolling_example' for CMake config files
[18.556s] Level 1:colcon.colcon_core.shell:create_environment_hook('patrolling_example', 'cmake_prefix_path')
[18.558s] INFO:colcon.colcon_core.shell:Creating environment hook '/home/omartinez/gsoc2023-jderobot/ros2_challenge/install/patrolling_example/share/patrolling_example/hook/cmake_prefix_path.ps1'
[18.558s] INFO:colcon.colcon_core.shell:Creating environment descriptor '/home/omartinez/gsoc2023-jderobot/ros2_challenge/install/patrolling_example/share/patrolling_example/hook/cmake_prefix_path.dsv'
[18.558s] INFO:colcon.colcon_core.shell:Creating environment hook '/home/omartinez/gsoc2023-jderobot/ros2_challenge/install/patrolling_example/share/patrolling_example/hook/cmake_prefix_path.sh'
[18.559s] Level 1:colcon.colcon_core.environment:checking '/home/omartinez/gsoc2023-jderobot/ros2_challenge/install/patrolling_example/lib'
[18.559s] Level 1:colcon.colcon_core.shell:create_environment_hook('patrolling_example', 'ld_library_path_lib')
[18.560s] INFO:colcon.colcon_core.shell:Creating environment hook '/home/omartinez/gsoc2023-jderobot/ros2_challenge/install/patrolling_example/share/patrolling_example/hook/ld_library_path_lib.ps1'
[18.561s] INFO:colcon.colcon_core.shell:Creating environment descriptor '/home/omartinez/gsoc2023-jderobot/ros2_challenge/install/patrolling_example/share/patrolling_example/hook/ld_library_path_lib.dsv'
[18.561s] INFO:colcon.colcon_core.shell:Creating environment hook '/home/omartinez/gsoc2023-jderobot/ros2_challenge/install/patrolling_example/share/patrolling_example/hook/ld_library_path_lib.sh'
[18.562s] Level 1:colcon.colcon_core.environment:checking '/home/omartinez/gsoc2023-jderobot/ros2_challenge/install/patrolling_example/bin'
[18.562s] Level 1:colcon.colcon_core.environment:checking '/home/omartinez/gsoc2023-jderobot/ros2_challenge/install/patrolling_example/lib/pkgconfig/patrolling_example.pc'
[18.562s] Level 1:colcon.colcon_core.environment:checking '/home/omartinez/gsoc2023-jderobot/ros2_challenge/install/patrolling_example/lib/python3.10/site-packages'
[18.562s] Level 1:colcon.colcon_core.environment:checking '/home/omartinez/gsoc2023-jderobot/ros2_challenge/install/patrolling_example/bin'
[18.564s] INFO:colcon.colcon_core.shell:Creating package script '/home/omartinez/gsoc2023-jderobot/ros2_challenge/install/patrolling_example/share/patrolling_example/package.ps1'
[18.564s] INFO:colcon.colcon_core.shell:Creating package descriptor '/home/omartinez/gsoc2023-jderobot/ros2_challenge/install/patrolling_example/share/patrolling_example/package.dsv'
[18.565s] INFO:colcon.colcon_core.shell:Creating package script '/home/omartinez/gsoc2023-jderobot/ros2_challenge/install/patrolling_example/share/patrolling_example/package.sh'
[18.565s] INFO:colcon.colcon_core.shell:Creating package script '/home/omartinez/gsoc2023-jderobot/ros2_challenge/install/patrolling_example/share/patrolling_example/package.bash'
[18.566s] INFO:colcon.colcon_core.shell:Creating package script '/home/omartinez/gsoc2023-jderobot/ros2_challenge/install/patrolling_example/share/patrolling_example/package.zsh'
[18.566s] Level 1:colcon.colcon_core.environment:create_file_with_runtime_dependencies(/home/omartinez/gsoc2023-jderobot/ros2_challenge/install/patrolling_example/share/colcon-core/packages/patrolling_example)
[18.567s] DEBUG:colcon.colcon_parallel_executor.executor.parallel:closing loop
[18.567s] DEBUG:colcon.colcon_parallel_executor.executor.parallel:loop closed
[18.568s] DEBUG:colcon.colcon_parallel_executor.executor.parallel:run_until_complete finished with '0'
[18.568s] DEBUG:colcon.colcon_core.event_reactor:joining thread
[18.575s] INFO:colcon.colcon_core.plugin_system:Skipping extension 'colcon_notification.desktop_notification.terminal_notifier': Not used on non-Darwin systems
[18.575s] INFO:colcon.colcon_core.plugin_system:Skipping extension 'colcon_notification.desktop_notification.win32': Not used on non-Windows systems
[18.575s] INFO:colcon.colcon_notification.desktop_notification:Sending desktop notification using 'notify2'
[18.588s] DEBUG:colcon.colcon_core.event_reactor:joined thread
[18.590s] INFO:colcon.colcon_core.shell:Creating prefix script '/home/omartinez/gsoc2023-jderobot/ros2_challenge/install/local_setup.ps1'
[18.591s] INFO:colcon.colcon_core.shell:Creating prefix util module '/home/omartinez/gsoc2023-jderobot/ros2_challenge/install/_local_setup_util_ps1.py'
[18.592s] INFO:colcon.colcon_core.shell:Creating prefix chain script '/home/omartinez/gsoc2023-jderobot/ros2_challenge/install/setup.ps1'
[18.594s] INFO:colcon.colcon_core.shell:Creating prefix script '/home/omartinez/gsoc2023-jderobot/ros2_challenge/install/local_setup.sh'
[18.594s] INFO:colcon.colcon_core.shell:Creating prefix util module '/home/omartinez/gsoc2023-jderobot/ros2_challenge/install/_local_setup_util_sh.py'
[18.595s] INFO:colcon.colcon_core.shell:Creating prefix chain script '/home/omartinez/gsoc2023-jderobot/ros2_challenge/install/setup.sh'
[18.597s] INFO:colcon.colcon_core.shell:Creating prefix script '/home/omartinez/gsoc2023-jderobot/ros2_challenge/install/local_setup.bash'
[18.597s] INFO:colcon.colcon_core.shell:Creating prefix chain script '/home/omartinez/gsoc2023-jderobot/ros2_challenge/install/setup.bash'
[18.599s] INFO:colcon.colcon_core.shell:Creating prefix script '/home/omartinez/gsoc2023-jderobot/ros2_challenge/install/local_setup.zsh'
[18.600s] INFO:colcon.colcon_core.shell:Creating prefix chain script '/home/omartinez/gsoc2023-jderobot/ros2_challenge/install/setup.zsh'
