[0.390s] DEBUG:colcon:Command line arguments: ['/usr/bin/colcon', 'build', '--symlink-install']
[0.390s] DEBUG:colcon:Parsed command line arguments: Namespace(log_base=None, log_level=None, verb_name='build', build_base='build', install_base='install', merge_install=False, symlink_install=True, test_result_base=None, continue_on_error=False, executor='parallel', parallel_workers=8, event_handlers=None, ignore_user_meta=False, metas=['./colcon.meta'], base_paths=['.'], packages_ignore=None, packages_ignore_regex=None, paths=None, packages_up_to=None, packages_up_to_regex=None, packages_above=None, packages_above_and_dependencies=None, packages_above_depth=None, packages_select_by_dep=None, packages_skip_by_dep=None, packages_skip_up_to=None, packages_select_build_failed=False, packages_skip_build_finished=False, packages_select_test_failures=False, packages_skip_test_passed=False, packages_select=None, packages_skip=None, packages_select_regex=None, packages_skip_regex=None, packages_start=None, packages_end=None, allow_overriding=[], cmake_args=None, cmake_target=None, cmake_target_skip_unavailable=False, cmake_clean_cache=False, cmake_clean_first=False, cmake_force_configure=False, ament_cmake_args=None, catkin_cmake_args=None, catkin_skip_building_tests=False, verb_parser=<colcon_defaults.argument_parser.defaults.DefaultArgumentsDecorator object at 0x7f770e2404c0>, verb_extension=<colcon_core.verb.build.BuildVerb object at 0x7f770ec72260>, main=<bound method BuildVerb.main of <colcon_core.verb.build.BuildVerb object at 0x7f770ec72260>>)
[0.416s] Level 1:colcon.colcon_core.package_discovery:discover_packages(colcon_meta) check parameters
[0.416s] Level 1:colcon.colcon_core.package_discovery:discover_packages(recursive) check parameters
[0.416s] Level 1:colcon.colcon_core.package_discovery:discover_packages(ignore) check parameters
[0.416s] Level 1:colcon.colcon_core.package_discovery:discover_packages(path) check parameters
[0.416s] Level 1:colcon.colcon_core.package_discovery:discover_packages(colcon_meta) discover
[0.416s] Level 1:colcon.colcon_core.package_discovery:discover_packages(recursive) discover
[0.416s] INFO:colcon.colcon_core.package_discovery:Crawling recursively for packages in '/home/omartinez/gsoc2023-jderobot/ros2_challenge'
[0.416s] Level 1:colcon.colcon_core.package_identification:_identify(.) by extensions ['ignore', 'ignore_ament_install']
[0.416s] Level 1:colcon.colcon_core.package_identification:_identify(.) by extension 'ignore'
[0.416s] Level 1:colcon.colcon_core.package_identification:_identify(.) by extension 'ignore_ament_install'
[0.416s] Level 1:colcon.colcon_core.package_identification:_identify(.) by extensions ['colcon_pkg']
[0.416s] Level 1:colcon.colcon_core.package_identification:_identify(.) by extension 'colcon_pkg'
[0.417s] Level 1:colcon.colcon_core.package_identification:_identify(.) by extensions ['colcon_meta']
[0.417s] Level 1:colcon.colcon_core.package_identification:_identify(.) by extension 'colcon_meta'
[0.417s] Level 1:colcon.colcon_core.package_identification:_identify(.) by extensions ['ros']
[0.417s] Level 1:colcon.colcon_core.package_identification:_identify(.) by extension 'ros'
[0.429s] Level 1:colcon.colcon_core.package_identification:_identify(.) by extensions ['cmake', 'python']
[0.429s] Level 1:colcon.colcon_core.package_identification:_identify(.) by extension 'cmake'
[0.429s] Level 1:colcon.colcon_core.package_identification:_identify(.) by extension 'python'
[0.429s] Level 1:colcon.colcon_core.package_identification:_identify(.) by extensions ['python_setup_py']
[0.429s] Level 1:colcon.colcon_core.package_identification:_identify(.) by extension 'python_setup_py'
[0.430s] Level 1:colcon.colcon_core.package_identification:_identify(build) by extensions ['ignore', 'ignore_ament_install']
[0.430s] Level 1:colcon.colcon_core.package_identification:_identify(build) by extension 'ignore'
[0.430s] Level 1:colcon.colcon_core.package_identification:_identify(build) ignored
[0.430s] Level 1:colcon.colcon_core.package_identification:_identify(install) by extensions ['ignore', 'ignore_ament_install']
[0.430s] Level 1:colcon.colcon_core.package_identification:_identify(install) by extension 'ignore'
[0.430s] Level 1:colcon.colcon_core.package_identification:_identify(install) ignored
[0.430s] Level 1:colcon.colcon_core.package_identification:_identify(log) by extensions ['ignore', 'ignore_ament_install']
[0.430s] Level 1:colcon.colcon_core.package_identification:_identify(log) by extension 'ignore'
[0.430s] Level 1:colcon.colcon_core.package_identification:_identify(log) ignored
[0.430s] Level 1:colcon.colcon_core.package_identification:_identify(src) by extensions ['ignore', 'ignore_ament_install']
[0.431s] Level 1:colcon.colcon_core.package_identification:_identify(src) by extension 'ignore'
[0.431s] Level 1:colcon.colcon_core.package_identification:_identify(src) by extension 'ignore_ament_install'
[0.431s] Level 1:colcon.colcon_core.package_identification:_identify(src) by extensions ['colcon_pkg']
[0.431s] Level 1:colcon.colcon_core.package_identification:_identify(src) by extension 'colcon_pkg'
[0.431s] Level 1:colcon.colcon_core.package_identification:_identify(src) by extensions ['colcon_meta']
[0.431s] Level 1:colcon.colcon_core.package_identification:_identify(src) by extension 'colcon_meta'
[0.431s] Level 1:colcon.colcon_core.package_identification:_identify(src) by extensions ['ros']
[0.431s] Level 1:colcon.colcon_core.package_identification:_identify(src) by extension 'ros'
[0.431s] Level 1:colcon.colcon_core.package_identification:_identify(src) by extensions ['cmake', 'python']
[0.431s] Level 1:colcon.colcon_core.package_identification:_identify(src) by extension 'cmake'
[0.431s] Level 1:colcon.colcon_core.package_identification:_identify(src) by extension 'python'
[0.431s] Level 1:colcon.colcon_core.package_identification:_identify(src) by extensions ['python_setup_py']
[0.431s] Level 1:colcon.colcon_core.package_identification:_identify(src) by extension 'python_setup_py'
[0.431s] Level 1:colcon.colcon_core.package_identification:_identify(src/build) by extensions ['ignore', 'ignore_ament_install']
[0.431s] Level 1:colcon.colcon_core.package_identification:_identify(src/build) by extension 'ignore'
[0.431s] Level 1:colcon.colcon_core.package_identification:_identify(src/build) ignored
[0.432s] Level 1:colcon.colcon_core.package_identification:_identify(src/cpp_pubsub) by extensions ['ignore', 'ignore_ament_install']
[0.432s] Level 1:colcon.colcon_core.package_identification:_identify(src/cpp_pubsub) by extension 'ignore'
[0.432s] Level 1:colcon.colcon_core.package_identification:_identify(src/cpp_pubsub) by extension 'ignore_ament_install'
[0.432s] Level 1:colcon.colcon_core.package_identification:_identify(src/cpp_pubsub) by extensions ['colcon_pkg']
[0.432s] Level 1:colcon.colcon_core.package_identification:_identify(src/cpp_pubsub) by extension 'colcon_pkg'
[0.432s] Level 1:colcon.colcon_core.package_identification:_identify(src/cpp_pubsub) by extensions ['colcon_meta']
[0.432s] Level 1:colcon.colcon_core.package_identification:_identify(src/cpp_pubsub) by extension 'colcon_meta'
[0.432s] Level 1:colcon.colcon_core.package_identification:_identify(src/cpp_pubsub) by extensions ['ros']
[0.432s] Level 1:colcon.colcon_core.package_identification:_identify(src/cpp_pubsub) by extension 'ros'
[0.435s] DEBUG:colcon.colcon_core.package_identification:Package 'src/cpp_pubsub' with type 'ros.ament_cmake' and name 'pubsub_challenge'
[0.435s] Level 1:colcon.colcon_core.package_identification:_identify(src/install) by extensions ['ignore', 'ignore_ament_install']
[0.435s] Level 1:colcon.colcon_core.package_identification:_identify(src/install) by extension 'ignore'
[0.436s] Level 1:colcon.colcon_core.package_identification:_identify(src/install) ignored
[0.436s] Level 1:colcon.colcon_core.package_identification:_identify(src/log) by extensions ['ignore', 'ignore_ament_install']
[0.436s] Level 1:colcon.colcon_core.package_identification:_identify(src/log) by extension 'ignore'
[0.436s] Level 1:colcon.colcon_core.package_identification:_identify(src/log) ignored
[0.436s] Level 1:colcon.colcon_core.package_identification:_identify(src/patrolling_example) by extensions ['ignore', 'ignore_ament_install']
[0.436s] Level 1:colcon.colcon_core.package_identification:_identify(src/patrolling_example) by extension 'ignore'
[0.436s] Level 1:colcon.colcon_core.package_identification:_identify(src/patrolling_example) by extension 'ignore_ament_install'
[0.436s] Level 1:colcon.colcon_core.package_identification:_identify(src/patrolling_example) by extensions ['colcon_pkg']
[0.436s] Level 1:colcon.colcon_core.package_identification:_identify(src/patrolling_example) by extension 'colcon_pkg'
[0.436s] Level 1:colcon.colcon_core.package_identification:_identify(src/patrolling_example) by extensions ['colcon_meta']
[0.436s] Level 1:colcon.colcon_core.package_identification:_identify(src/patrolling_example) by extension 'colcon_meta'
[0.436s] Level 1:colcon.colcon_core.package_identification:_identify(src/patrolling_example) by extensions ['ros']
[0.436s] Level 1:colcon.colcon_core.package_identification:_identify(src/patrolling_example) by extension 'ros'
[0.438s] DEBUG:colcon.colcon_core.package_identification:Package 'src/patrolling_example' with type 'ros.ament_cmake' and name 'patrolling_example'
[0.438s] Level 1:colcon.colcon_core.package_discovery:discover_packages(recursive) using defaults
[0.438s] Level 1:colcon.colcon_core.package_discovery:discover_packages(ignore) discover
[0.438s] Level 1:colcon.colcon_core.package_discovery:discover_packages(ignore) using defaults
[0.438s] Level 1:colcon.colcon_core.package_discovery:discover_packages(path) discover
[0.438s] Level 1:colcon.colcon_core.package_discovery:discover_packages(path) using defaults
[0.471s] Level 1:colcon.colcon_core.package_discovery:discover_packages(prefix_path) check parameters
[0.471s] Level 1:colcon.colcon_core.package_discovery:discover_packages(prefix_path) discover
[0.475s] DEBUG:colcon.colcon_installed_package_information.package_discovery:Found 2 installed packages in /home/omartinez/gsoc2023-jderobot/ros2_challenge/install
[0.480s] DEBUG:colcon.colcon_installed_package_information.package_discovery:Found 433 installed packages in /opt/ros/humble
[0.483s] Level 1:colcon.colcon_core.package_discovery:discover_packages(prefix_path) using defaults
[0.578s] Level 5:colcon.colcon_core.verb:set package 'patrolling_example' build argument 'cmake_args' from command line to 'None'
[0.578s] Level 5:colcon.colcon_core.verb:set package 'patrolling_example' build argument 'cmake_target' from command line to 'None'
[0.578s] Level 5:colcon.colcon_core.verb:set package 'patrolling_example' build argument 'cmake_target_skip_unavailable' from command line to 'False'
[0.578s] Level 5:colcon.colcon_core.verb:set package 'patrolling_example' build argument 'cmake_clean_cache' from command line to 'False'
[0.578s] Level 5:colcon.colcon_core.verb:set package 'patrolling_example' build argument 'cmake_clean_first' from command line to 'False'
[0.578s] Level 5:colcon.colcon_core.verb:set package 'patrolling_example' build argument 'cmake_force_configure' from command line to 'False'
[0.578s] Level 5:colcon.colcon_core.verb:set package 'patrolling_example' build argument 'ament_cmake_args' from command line to 'None'
[0.578s] Level 5:colcon.colcon_core.verb:set package 'patrolling_example' build argument 'catkin_cmake_args' from command line to 'None'
[0.578s] Level 5:colcon.colcon_core.verb:set package 'patrolling_example' build argument 'catkin_skip_building_tests' from command line to 'False'
[0.578s] DEBUG:colcon.colcon_core.verb:Building package 'patrolling_example' with the following arguments: {'ament_cmake_args': None, 'build_base': '/home/omartinez/gsoc2023-jderobot/ros2_challenge/build/patrolling_example', 'catkin_cmake_args': None, 'catkin_skip_building_tests': False, 'cmake_args': None, 'cmake_clean_cache': False, 'cmake_clean_first': False, 'cmake_force_configure': False, 'cmake_target': None, 'cmake_target_skip_unavailable': False, 'install_base': '/home/omartinez/gsoc2023-jderobot/ros2_challenge/install/patrolling_example', 'merge_install': False, 'path': '/home/omartinez/gsoc2023-jderobot/ros2_challenge/src/patrolling_example', 'symlink_install': True, 'test_result_base': None}
[0.579s] Level 5:colcon.colcon_core.verb:set package 'pubsub_challenge' build argument 'cmake_args' from command line to 'None'
[0.579s] Level 5:colcon.colcon_core.verb:set package 'pubsub_challenge' build argument 'cmake_target' from command line to 'None'
[0.579s] Level 5:colcon.colcon_core.verb:set package 'pubsub_challenge' build argument 'cmake_target_skip_unavailable' from command line to 'False'
[0.580s] Level 5:colcon.colcon_core.verb:set package 'pubsub_challenge' build argument 'cmake_clean_cache' from command line to 'False'
[0.580s] Level 5:colcon.colcon_core.verb:set package 'pubsub_challenge' build argument 'cmake_clean_first' from command line to 'False'
[0.580s] Level 5:colcon.colcon_core.verb:set package 'pubsub_challenge' build argument 'cmake_force_configure' from command line to 'False'
[0.580s] Level 5:colcon.colcon_core.verb:set package 'pubsub_challenge' build argument 'ament_cmake_args' from command line to 'None'
[0.580s] Level 5:colcon.colcon_core.verb:set package 'pubsub_challenge' build argument 'catkin_cmake_args' from command line to 'None'
[0.580s] Level 5:colcon.colcon_core.verb:set package 'pubsub_challenge' build argument 'catkin_skip_building_tests' from command line to 'False'
[0.580s] DEBUG:colcon.colcon_core.verb:Building package 'pubsub_challenge' with the following arguments: {'ament_cmake_args': None, 'build_base': '/home/omartinez/gsoc2023-jderobot/ros2_challenge/build/pubsub_challenge', 'catkin_cmake_args': None, 'catkin_skip_building_tests': False, 'cmake_args': None, 'cmake_clean_cache': False, 'cmake_clean_first': False, 'cmake_force_configure': False, 'cmake_target': None, 'cmake_target_skip_unavailable': False, 'install_base': '/home/omartinez/gsoc2023-jderobot/ros2_challenge/install/pubsub_challenge', 'merge_install': False, 'path': '/home/omartinez/gsoc2023-jderobot/ros2_challenge/src/cpp_pubsub', 'symlink_install': True, 'test_result_base': None}
[0.581s] INFO:colcon.colcon_core.executor:Executing jobs using 'parallel' executor
[0.584s] DEBUG:colcon.colcon_parallel_executor.executor.parallel:run_until_complete
[0.585s] INFO:colcon.colcon_ros.task.ament_cmake.build:Building ROS package in '/home/omartinez/gsoc2023-jderobot/ros2_challenge/src/patrolling_example' with build type 'ament_cmake'
[0.585s] INFO:colcon.colcon_cmake.task.cmake.build:Building CMake package in '/home/omartinez/gsoc2023-jderobot/ros2_challenge/src/patrolling_example'
[0.590s] INFO:colcon.colcon_core.plugin_system:Skipping extension 'colcon_core.shell.bat': Not used on non-Windows systems
[0.590s] INFO:colcon.colcon_core.shell:Skip shell extension 'powershell' for command environment: Not usable outside of PowerShell
[0.590s] DEBUG:colcon.colcon_core.shell:Skip shell extension 'dsv' for command environment
[0.596s] INFO:colcon.colcon_ros.task.ament_cmake.build:Building ROS package in '/home/omartinez/gsoc2023-jderobot/ros2_challenge/src/cpp_pubsub' with build type 'ament_cmake'
[0.596s] INFO:colcon.colcon_cmake.task.cmake.build:Building CMake package in '/home/omartinez/gsoc2023-jderobot/ros2_challenge/src/cpp_pubsub'
[0.598s] INFO:colcon.colcon_core.shell:Skip shell extension 'powershell' for command environment: Not usable outside of PowerShell
[0.598s] DEBUG:colcon.colcon_core.shell:Skip shell extension 'dsv' for command environment
[0.609s] DEBUG:colcon.colcon_core.event_handler.log_command:Invoking command in '/home/omartinez/gsoc2023-jderobot/ros2_challenge/build/patrolling_example': CMAKE_PREFIX_PATH=${CMAKE_PREFIX_PATH}:/opt/ros/humble /usr/bin/cmake --build /home/omartinez/gsoc2023-jderobot/ros2_challenge/build/patrolling_example -- -j8 -l8
[0.615s] DEBUG:colcon.colcon_core.event_handler.log_command:Invoking command in '/home/omartinez/gsoc2023-jderobot/ros2_challenge/build/pubsub_challenge': CMAKE_PREFIX_PATH=${CMAKE_PREFIX_PATH}:/opt/ros/humble /usr/bin/cmake --build /home/omartinez/gsoc2023-jderobot/ros2_challenge/build/pubsub_challenge -- -j8 -l8
[0.709s] DEBUG:colcon.colcon_core.event_handler.log_command:Invoked command in '/home/omartinez/gsoc2023-jderobot/ros2_challenge/build/pubsub_challenge' returned '0': CMAKE_PREFIX_PATH=${CMAKE_PREFIX_PATH}:/opt/ros/humble /usr/bin/cmake --build /home/omartinez/gsoc2023-jderobot/ros2_challenge/build/pubsub_challenge -- -j8 -l8
[0.722s] DEBUG:colcon.colcon_core.event_handler.log_command:Invoked command in '/home/omartinez/gsoc2023-jderobot/ros2_challenge/build/patrolling_example' returned '0': CMAKE_PREFIX_PATH=${CMAKE_PREFIX_PATH}:/opt/ros/humble /usr/bin/cmake --build /home/omartinez/gsoc2023-jderobot/ros2_challenge/build/patrolling_example -- -j8 -l8
[0.760s] DEBUG:colcon.colcon_core.event_handler.log_command:Invoking command in '/home/omartinez/gsoc2023-jderobot/ros2_challenge/build/pubsub_challenge': CMAKE_PREFIX_PATH=${CMAKE_PREFIX_PATH}:/opt/ros/humble /usr/bin/cmake --install /home/omartinez/gsoc2023-jderobot/ros2_challenge/build/pubsub_challenge
[0.779s] DEBUG:colcon.colcon_core.event_handler.log_command:Invoking command in '/home/omartinez/gsoc2023-jderobot/ros2_challenge/build/patrolling_example': CMAKE_PREFIX_PATH=${CMAKE_PREFIX_PATH}:/opt/ros/humble /usr/bin/cmake --install /home/omartinez/gsoc2023-jderobot/ros2_challenge/build/patrolling_example
[0.787s] Level 1:colcon.colcon_core.environment:create_environment_scripts_only(pubsub_challenge)
[0.790s] DEBUG:colcon.colcon_core.event_handler.log_command:Invoked command in '/home/omartinez/gsoc2023-jderobot/ros2_challenge/build/pubsub_challenge' returned '0': CMAKE_PREFIX_PATH=${CMAKE_PREFIX_PATH}:/opt/ros/humble /usr/bin/cmake --install /home/omartinez/gsoc2023-jderobot/ros2_challenge/build/pubsub_challenge
[0.803s] Level 1:colcon.colcon_core.environment:checking '/home/omartinez/gsoc2023-jderobot/ros2_challenge/install/pubsub_challenge' for CMake module files
[0.803s] Level 1:colcon.colcon_core.environment:checking '/home/omartinez/gsoc2023-jderobot/ros2_challenge/install/pubsub_challenge' for CMake config files
[0.804s] Level 1:colcon.colcon_core.shell:create_environment_hook('pubsub_challenge', 'cmake_prefix_path')
[0.805s] INFO:colcon.colcon_core.shell:Creating environment hook '/home/omartinez/gsoc2023-jderobot/ros2_challenge/install/pubsub_challenge/share/pubsub_challenge/hook/cmake_prefix_path.ps1'
[0.806s] INFO:colcon.colcon_core.shell:Creating environment descriptor '/home/omartinez/gsoc2023-jderobot/ros2_challenge/install/pubsub_challenge/share/pubsub_challenge/hook/cmake_prefix_path.dsv'
[0.806s] INFO:colcon.colcon_core.shell:Creating environment hook '/home/omartinez/gsoc2023-jderobot/ros2_challenge/install/pubsub_challenge/share/pubsub_challenge/hook/cmake_prefix_path.sh'
[0.807s] Level 1:colcon.colcon_core.environment:checking '/home/omartinez/gsoc2023-jderobot/ros2_challenge/install/pubsub_challenge/lib'
[0.808s] Level 1:colcon.colcon_core.environment:checking '/home/omartinez/gsoc2023-jderobot/ros2_challenge/install/pubsub_challenge/bin'
[0.808s] Level 1:colcon.colcon_core.environment:checking '/home/omartinez/gsoc2023-jderobot/ros2_challenge/install/pubsub_challenge/lib/pkgconfig/pubsub_challenge.pc'
[0.808s] Level 1:colcon.colcon_core.environment:checking '/home/omartinez/gsoc2023-jderobot/ros2_challenge/install/pubsub_challenge/lib/python3.10/site-packages'
[0.808s] Level 1:colcon.colcon_core.environment:checking '/home/omartinez/gsoc2023-jderobot/ros2_challenge/install/pubsub_challenge/bin'
[0.812s] INFO:colcon.colcon_core.shell:Creating package script '/home/omartinez/gsoc2023-jderobot/ros2_challenge/install/pubsub_challenge/share/pubsub_challenge/package.ps1'
[0.814s] INFO:colcon.colcon_core.shell:Creating package descriptor '/home/omartinez/gsoc2023-jderobot/ros2_challenge/install/pubsub_challenge/share/pubsub_challenge/package.dsv'
[0.816s] INFO:colcon.colcon_core.shell:Creating package script '/home/omartinez/gsoc2023-jderobot/ros2_challenge/install/pubsub_challenge/share/pubsub_challenge/package.sh'
[0.816s] INFO:colcon.colcon_core.shell:Creating package script '/home/omartinez/gsoc2023-jderobot/ros2_challenge/install/pubsub_challenge/share/pubsub_challenge/package.bash'
[0.817s] INFO:colcon.colcon_core.shell:Creating package script '/home/omartinez/gsoc2023-jderobot/ros2_challenge/install/pubsub_challenge/share/pubsub_challenge/package.zsh'
[0.818s] Level 1:colcon.colcon_core.environment:create_file_with_runtime_dependencies(/home/omartinez/gsoc2023-jderobot/ros2_challenge/install/pubsub_challenge/share/colcon-core/packages/pubsub_challenge)
[0.820s] Level 1:colcon.colcon_core.environment:create_environment_scripts_only(patrolling_example)
[0.822s] Level 1:colcon.colcon_core.environment:checking '/home/omartinez/gsoc2023-jderobot/ros2_challenge/install/patrolling_example' for CMake module files
[0.823s] DEBUG:colcon.colcon_core.event_handler.log_command:Invoked command in '/home/omartinez/gsoc2023-jderobot/ros2_challenge/build/patrolling_example' returned '0': CMAKE_PREFIX_PATH=${CMAKE_PREFIX_PATH}:/opt/ros/humble /usr/bin/cmake --install /home/omartinez/gsoc2023-jderobot/ros2_challenge/build/patrolling_example
[0.824s] Level 1:colcon.colcon_core.environment:checking '/home/omartinez/gsoc2023-jderobot/ros2_challenge/install/patrolling_example' for CMake config files
[0.824s] Level 1:colcon.colcon_core.shell:create_environment_hook('patrolling_example', 'cmake_prefix_path')
[0.826s] INFO:colcon.colcon_core.shell:Creating environment hook '/home/omartinez/gsoc2023-jderobot/ros2_challenge/install/patrolling_example/share/patrolling_example/hook/cmake_prefix_path.ps1'
[0.826s] INFO:colcon.colcon_core.shell:Creating environment descriptor '/home/omartinez/gsoc2023-jderobot/ros2_challenge/install/patrolling_example/share/patrolling_example/hook/cmake_prefix_path.dsv'
[0.827s] INFO:colcon.colcon_core.shell:Creating environment hook '/home/omartinez/gsoc2023-jderobot/ros2_challenge/install/patrolling_example/share/patrolling_example/hook/cmake_prefix_path.sh'
[0.827s] Level 1:colcon.colcon_core.environment:checking '/home/omartinez/gsoc2023-jderobot/ros2_challenge/install/patrolling_example/lib'
[0.827s] Level 1:colcon.colcon_core.shell:create_environment_hook('patrolling_example', 'ld_library_path_lib')
[0.829s] INFO:colcon.colcon_core.shell:Creating environment hook '/home/omartinez/gsoc2023-jderobot/ros2_challenge/install/patrolling_example/share/patrolling_example/hook/ld_library_path_lib.ps1'
[0.830s] INFO:colcon.colcon_core.shell:Creating environment descriptor '/home/omartinez/gsoc2023-jderobot/ros2_challenge/install/patrolling_example/share/patrolling_example/hook/ld_library_path_lib.dsv'
[0.830s] INFO:colcon.colcon_core.shell:Creating environment hook '/home/omartinez/gsoc2023-jderobot/ros2_challenge/install/patrolling_example/share/patrolling_example/hook/ld_library_path_lib.sh'
[0.831s] Level 1:colcon.colcon_core.environment:checking '/home/omartinez/gsoc2023-jderobot/ros2_challenge/install/patrolling_example/bin'
[0.831s] Level 1:colcon.colcon_core.environment:checking '/home/omartinez/gsoc2023-jderobot/ros2_challenge/install/patrolling_example/lib/pkgconfig/patrolling_example.pc'
[0.831s] Level 1:colcon.colcon_core.environment:checking '/home/omartinez/gsoc2023-jderobot/ros2_challenge/install/patrolling_example/lib/python3.10/site-packages'
[0.831s] Level 1:colcon.colcon_core.environment:checking '/home/omartinez/gsoc2023-jderobot/ros2_challenge/install/patrolling_example/bin'
[0.833s] INFO:colcon.colcon_core.shell:Creating package script '/home/omartinez/gsoc2023-jderobot/ros2_challenge/install/patrolling_example/share/patrolling_example/package.ps1'
[0.834s] INFO:colcon.colcon_core.shell:Creating package descriptor '/home/omartinez/gsoc2023-jderobot/ros2_challenge/install/patrolling_example/share/patrolling_example/package.dsv'
[0.834s] INFO:colcon.colcon_core.shell:Creating package script '/home/omartinez/gsoc2023-jderobot/ros2_challenge/install/patrolling_example/share/patrolling_example/package.sh'
[0.835s] INFO:colcon.colcon_core.shell:Creating package script '/home/omartinez/gsoc2023-jderobot/ros2_challenge/install/patrolling_example/share/patrolling_example/package.bash'
[0.836s] INFO:colcon.colcon_core.shell:Creating package script '/home/omartinez/gsoc2023-jderobot/ros2_challenge/install/patrolling_example/share/patrolling_example/package.zsh'
[0.837s] Level 1:colcon.colcon_core.environment:create_file_with_runtime_dependencies(/home/omartinez/gsoc2023-jderobot/ros2_challenge/install/patrolling_example/share/colcon-core/packages/patrolling_example)
[0.857s] Level 1:colcon.colcon_core.environment:create_environment_scripts_only(pubsub_challenge)
[0.859s] Level 1:colcon.colcon_core.environment:checking '/home/omartinez/gsoc2023-jderobot/ros2_challenge/install/pubsub_challenge' for CMake module files
[0.860s] Level 1:colcon.colcon_core.environment:checking '/home/omartinez/gsoc2023-jderobot/ros2_challenge/install/pubsub_challenge' for CMake config files
[0.860s] Level 1:colcon.colcon_core.shell:create_environment_hook('pubsub_challenge', 'cmake_prefix_path')
[0.861s] INFO:colcon.colcon_core.shell:Creating environment hook '/home/omartinez/gsoc2023-jderobot/ros2_challenge/install/pubsub_challenge/share/pubsub_challenge/hook/cmake_prefix_path.ps1'
[0.862s] INFO:colcon.colcon_core.shell:Creating environment descriptor '/home/omartinez/gsoc2023-jderobot/ros2_challenge/install/pubsub_challenge/share/pubsub_challenge/hook/cmake_prefix_path.dsv'
[0.862s] INFO:colcon.colcon_core.shell:Creating environment hook '/home/omartinez/gsoc2023-jderobot/ros2_challenge/install/pubsub_challenge/share/pubsub_challenge/hook/cmake_prefix_path.sh'
[0.863s] Level 1:colcon.colcon_core.environment:checking '/home/omartinez/gsoc2023-jderobot/ros2_challenge/install/pubsub_challenge/lib'
[0.863s] Level 1:colcon.colcon_core.environment:checking '/home/omartinez/gsoc2023-jderobot/ros2_challenge/install/pubsub_challenge/bin'
[0.863s] Level 1:colcon.colcon_core.environment:checking '/home/omartinez/gsoc2023-jderobot/ros2_challenge/install/pubsub_challenge/lib/pkgconfig/pubsub_challenge.pc'
[0.864s] Level 1:colcon.colcon_core.environment:checking '/home/omartinez/gsoc2023-jderobot/ros2_challenge/install/pubsub_challenge/lib/python3.10/site-packages'
[0.864s] Level 1:colcon.colcon_core.environment:checking '/home/omartinez/gsoc2023-jderobot/ros2_challenge/install/pubsub_challenge/bin'
[0.866s] INFO:colcon.colcon_core.shell:Creating package script '/home/omartinez/gsoc2023-jderobot/ros2_challenge/install/pubsub_challenge/share/pubsub_challenge/package.ps1'
[0.866s] INFO:colcon.colcon_core.shell:Creating package descriptor '/home/omartinez/gsoc2023-jderobot/ros2_challenge/install/pubsub_challenge/share/pubsub_challenge/package.dsv'
[0.867s] INFO:colcon.colcon_core.shell:Creating package script '/home/omartinez/gsoc2023-jderobot/ros2_challenge/install/pubsub_challenge/share/pubsub_challenge/package.sh'
[0.867s] INFO:colcon.colcon_core.shell:Creating package script '/home/omartinez/gsoc2023-jderobot/ros2_challenge/install/pubsub_challenge/share/pubsub_challenge/package.bash'
[0.868s] INFO:colcon.colcon_core.shell:Creating package script '/home/omartinez/gsoc2023-jderobot/ros2_challenge/install/pubsub_challenge/share/pubsub_challenge/package.zsh'
[0.868s] Level 1:colcon.colcon_core.environment:create_file_with_runtime_dependencies(/home/omartinez/gsoc2023-jderobot/ros2_challenge/install/pubsub_challenge/share/colcon-core/packages/pubsub_challenge)
[0.891s] Level 1:colcon.colcon_core.environment:create_environment_scripts_only(patrolling_example)
[0.895s] Level 1:colcon.colcon_core.environment:checking '/home/omartinez/gsoc2023-jderobot/ros2_challenge/install/patrolling_example' for CMake module files
[0.896s] Level 1:colcon.colcon_core.environment:checking '/home/omartinez/gsoc2023-jderobot/ros2_challenge/install/patrolling_example' for CMake config files
[0.896s] Level 1:colcon.colcon_core.shell:create_environment_hook('patrolling_example', 'cmake_prefix_path')
[0.897s] INFO:colcon.colcon_core.shell:Creating environment hook '/home/omartinez/gsoc2023-jderobot/ros2_challenge/install/patrolling_example/share/patrolling_example/hook/cmake_prefix_path.ps1'
[0.898s] INFO:colcon.colcon_core.shell:Creating environment descriptor '/home/omartinez/gsoc2023-jderobot/ros2_challenge/install/patrolling_example/share/patrolling_example/hook/cmake_prefix_path.dsv'
[0.898s] INFO:colcon.colcon_core.shell:Creating environment hook '/home/omartinez/gsoc2023-jderobot/ros2_challenge/install/patrolling_example/share/patrolling_example/hook/cmake_prefix_path.sh'
[0.899s] Level 1:colcon.colcon_core.environment:checking '/home/omartinez/gsoc2023-jderobot/ros2_challenge/install/patrolling_example/lib'
[0.899s] Level 1:colcon.colcon_core.shell:create_environment_hook('patrolling_example', 'ld_library_path_lib')
[0.901s] INFO:colcon.colcon_core.shell:Creating environment hook '/home/omartinez/gsoc2023-jderobot/ros2_challenge/install/patrolling_example/share/patrolling_example/hook/ld_library_path_lib.ps1'
[0.902s] INFO:colcon.colcon_core.shell:Creating environment descriptor '/home/omartinez/gsoc2023-jderobot/ros2_challenge/install/patrolling_example/share/patrolling_example/hook/ld_library_path_lib.dsv'
[0.902s] INFO:colcon.colcon_core.shell:Creating environment hook '/home/omartinez/gsoc2023-jderobot/ros2_challenge/install/patrolling_example/share/patrolling_example/hook/ld_library_path_lib.sh'
[0.903s] Level 1:colcon.colcon_core.environment:checking '/home/omartinez/gsoc2023-jderobot/ros2_challenge/install/patrolling_example/bin'
[0.903s] Level 1:colcon.colcon_core.environment:checking '/home/omartinez/gsoc2023-jderobot/ros2_challenge/install/patrolling_example/lib/pkgconfig/patrolling_example.pc'
[0.903s] Level 1:colcon.colcon_core.environment:checking '/home/omartinez/gsoc2023-jderobot/ros2_challenge/install/patrolling_example/lib/python3.10/site-packages'
[0.903s] Level 1:colcon.colcon_core.environment:checking '/home/omartinez/gsoc2023-jderobot/ros2_challenge/install/patrolling_example/bin'
[0.906s] INFO:colcon.colcon_core.shell:Creating package script '/home/omartinez/gsoc2023-jderobot/ros2_challenge/install/patrolling_example/share/patrolling_example/package.ps1'
[0.906s] INFO:colcon.colcon_core.shell:Creating package descriptor '/home/omartinez/gsoc2023-jderobot/ros2_challenge/install/patrolling_example/share/patrolling_example/package.dsv'
[0.907s] INFO:colcon.colcon_core.shell:Creating package script '/home/omartinez/gsoc2023-jderobot/ros2_challenge/install/patrolling_example/share/patrolling_example/package.sh'
[0.908s] INFO:colcon.colcon_core.shell:Creating package script '/home/omartinez/gsoc2023-jderobot/ros2_challenge/install/patrolling_example/share/patrolling_example/package.bash'
[0.908s] INFO:colcon.colcon_core.shell:Creating package script '/home/omartinez/gsoc2023-jderobot/ros2_challenge/install/patrolling_example/share/patrolling_example/package.zsh'
[0.909s] Level 1:colcon.colcon_core.environment:create_file_with_runtime_dependencies(/home/omartinez/gsoc2023-jderobot/ros2_challenge/install/patrolling_example/share/colcon-core/packages/patrolling_example)
[0.909s] DEBUG:colcon.colcon_parallel_executor.executor.parallel:closing loop
[0.909s] DEBUG:colcon.colcon_parallel_executor.executor.parallel:loop closed
[0.909s] DEBUG:colcon.colcon_parallel_executor.executor.parallel:run_until_complete finished with '0'
[0.910s] DEBUG:colcon.colcon_core.event_reactor:joining thread
[0.916s] INFO:colcon.colcon_core.plugin_system:Skipping extension 'colcon_notification.desktop_notification.terminal_notifier': Not used on non-Darwin systems
[0.916s] INFO:colcon.colcon_core.plugin_system:Skipping extension 'colcon_notification.desktop_notification.win32': Not used on non-Windows systems
[0.916s] INFO:colcon.colcon_notification.desktop_notification:Sending desktop notification using 'notify2'
[0.926s] DEBUG:colcon.colcon_core.event_reactor:joined thread
[0.928s] INFO:colcon.colcon_core.shell:Creating prefix script '/home/omartinez/gsoc2023-jderobot/ros2_challenge/install/local_setup.ps1'
[0.930s] INFO:colcon.colcon_core.shell:Creating prefix util module '/home/omartinez/gsoc2023-jderobot/ros2_challenge/install/_local_setup_util_ps1.py'
[0.931s] INFO:colcon.colcon_core.shell:Creating prefix chain script '/home/omartinez/gsoc2023-jderobot/ros2_challenge/install/setup.ps1'
[0.934s] INFO:colcon.colcon_core.shell:Creating prefix script '/home/omartinez/gsoc2023-jderobot/ros2_challenge/install/local_setup.sh'
[0.935s] INFO:colcon.colcon_core.shell:Creating prefix util module '/home/omartinez/gsoc2023-jderobot/ros2_challenge/install/_local_setup_util_sh.py'
[0.935s] INFO:colcon.colcon_core.shell:Creating prefix chain script '/home/omartinez/gsoc2023-jderobot/ros2_challenge/install/setup.sh'
[0.937s] INFO:colcon.colcon_core.shell:Creating prefix script '/home/omartinez/gsoc2023-jderobot/ros2_challenge/install/local_setup.bash'
[0.938s] INFO:colcon.colcon_core.shell:Creating prefix chain script '/home/omartinez/gsoc2023-jderobot/ros2_challenge/install/setup.bash'
[0.940s] INFO:colcon.colcon_core.shell:Creating prefix script '/home/omartinez/gsoc2023-jderobot/ros2_challenge/install/local_setup.zsh'
[0.940s] INFO:colcon.colcon_core.shell:Creating prefix chain script '/home/omartinez/gsoc2023-jderobot/ros2_challenge/install/setup.zsh'
